2015-06-24 13:04:55,831 [     INFO] - Added data from contig chr2
2015-06-24 13:04:55,832 [     INFO] - Added data from contig chr3
2015-06-24 13:04:55,832 [     INFO] - Added data from contig chr4
2015-06-24 13:04:55,832 [     INFO] - Using preloaded features.
2015-06-24 13:04:55,833 [     INFO] - Loaded samples: 99, features: 32
2015-06-24 13:04:55,862 [     INFO] - Non-zero samples: 77, features: 32
2015-06-24 13:04:55,862 [     INFO] - Loaded 99 truth labels
Fitting 5 folds for each of 5 candidates, totalling 25 fits
2015-06-24 13:04:55,999 [     INFO] - OUTER: 0.4706 test accuracy with params {'n_neighbors': 4} on fold 0
2015-06-24 13:04:56,000 [     INFO] -  INNER: 0.5167 avg accuracy with params {'n_neighbors': 2} and scores 0.5000,0.5385,0.7500,0.1818,0.6000
2015-06-24 13:04:56,003 [     INFO] -  INNER: 0.6500 avg accuracy with params {'n_neighbors': 4} and scores 0.5714,0.6923,0.7500,0.5455,0.7000
2015-06-24 13:04:56,004 [     INFO] -  INNER: 0.5667 avg accuracy with params {'n_neighbors': 8} and scores 0.4286,0.7692,0.6667,0.4545,0.5000
2015-06-24 13:04:56,006 [     INFO] -  INNER: 0.4667 avg accuracy with params {'n_neighbors': 16} and scores 0.5714,0.3846,0.5000,0.2727,0.6000
2015-06-24 13:04:56,007 [     INFO] -  INNER: 0.3833 avg accuracy with params {'n_neighbors': 32} and scores 0.3571,0.3846,0.4167,0.3636,0.4000
Fitting 5 folds for each of 5 candidates, totalling 25 fits
2015-06-24 13:04:56,146 [     INFO] - OUTER: 0.8750 test accuracy with params {'n_neighbors': 8} on fold 1
2015-06-24 13:04:56,148 [     INFO] -  INNER: 0.3770 avg accuracy with params {'n_neighbors': 2} and scores 0.2143,0.4615,0.4167,0.3636,0.4545
2015-06-24 13:04:56,151 [     INFO] -  INNER: 0.4590 avg accuracy with params {'n_neighbors': 4} and scores 0.6429,0.4615,0.4167,0.3636,0.3636
2015-06-24 13:04:56,155 [     INFO] -  INNER: 0.5246 avg accuracy with params {'n_neighbors': 8} and scores 0.5000,0.5385,0.3333,0.7273,0.5455
2015-06-24 13:04:56,158 [     INFO] -  INNER: 0.4426 avg accuracy with params {'n_neighbors': 16} and scores 0.4286,0.3846,0.4167,0.5455,0.4545
2015-06-24 13:04:56,159 [     INFO] -  INNER: 0.4262 avg accuracy with params {'n_neighbors': 32} and scores 0.3571,0.3846,0.5000,0.4545,0.4545
Fitting 5 folds for each of 5 candidates, totalling 25 fits
2015-06-24 13:04:56,296 [     INFO] - OUTER: 0.3333 test accuracy with params {'n_neighbors': 4} on fold 2
2015-06-24 13:04:56,298 [     INFO] -  INNER: 0.4839 avg accuracy with params {'n_neighbors': 2} and scores 0.4286,0.5385,0.3846,0.5455,0.5455
2015-06-24 13:04:56,301 [     INFO] -  INNER: 0.5645 avg accuracy with params {'n_neighbors': 4} and scores 0.3571,0.6923,0.5385,0.4545,0.8182
2015-06-24 13:04:56,303 [     INFO] -  INNER: 0.5645 avg accuracy with params {'n_neighbors': 8} and scores 0.3571,0.7692,0.4615,0.7273,0.5455
2015-06-24 13:04:56,305 [     INFO] -  INNER: 0.5323 avg accuracy with params {'n_neighbors': 16} and scores 0.2143,0.6154,0.5385,0.7273,0.6364
2015-06-24 13:04:56,307 [     INFO] -  INNER: 0.3871 avg accuracy with params {'n_neighbors': 32} and scores 0.3571,0.3846,0.3846,0.2727,0.5455
Fitting 5 folds for each of 5 candidates, totalling 25 fits
2015-06-24 13:04:56,447 [     INFO] - OUTER: 0.4000 test accuracy with params {'n_neighbors': 4} on fold 3
2015-06-24 13:04:56,448 [     INFO] -  INNER: 0.4839 avg accuracy with params {'n_neighbors': 2} and scores 0.5000,0.5385,0.4615,0.5455,0.3636
2015-06-24 13:04:56,451 [     INFO] -  INNER: 0.6774 avg accuracy with params {'n_neighbors': 4} and scores 0.7143,0.6923,0.6923,0.5455,0.7273
2015-06-24 13:04:56,453 [     INFO] -  INNER: 0.5806 avg accuracy with params {'n_neighbors': 8} and scores 0.5000,0.6923,0.5385,0.5455,0.6364
2015-06-24 13:04:56,455 [     INFO] -  INNER: 0.4839 avg accuracy with params {'n_neighbors': 16} and scores 0.5000,0.4615,0.3846,0.4545,0.6364
2015-06-24 13:04:56,457 [     INFO] -  INNER: 0.4032 avg accuracy with params {'n_neighbors': 32} and scores 0.3571,0.3846,0.3846,0.4545,0.4545
Fitting 5 folds for each of 5 candidates, totalling 25 fits
2015-06-24 13:04:56,599 [     INFO] - OUTER: 0.6429 test accuracy with params {'n_neighbors': 4} on fold 4
2015-06-24 13:04:56,600 [     INFO] -  INNER: 0.4921 avg accuracy with params {'n_neighbors': 2} and scores 0.5714,0.4286,0.5385,0.5455,0.3636
2015-06-24 13:04:56,603 [     INFO] -  INNER: 0.5873 avg accuracy with params {'n_neighbors': 4} and scores 0.7143,0.5714,0.4615,0.8182,0.3636
2015-06-24 13:04:56,604 [     INFO] -  INNER: 0.5556 avg accuracy with params {'n_neighbors': 8} and scores 0.6429,0.5714,0.6154,0.5455,0.3636
2015-06-24 13:04:56,606 [     INFO] -  INNER: 0.4762 avg accuracy with params {'n_neighbors': 16} and scores 0.5000,0.5000,0.4615,0.4545,0.4545
2015-06-24 13:04:56,607 [     INFO] -  INNER: 0.3810 avg accuracy with params {'n_neighbors': 32} and scores 0.3571,0.3571,0.3846,0.3636,0.4545
2015-06-24 13:04:56,617 [  WARNING] - Model test accuracies deviate more than 10.0%, Deviation 0.5417
2015-06-24 13:04:56,618 [  WARNING] - Model had unstable parameters
n_neighbors
4              4
8              1
dtype: int64
2015-06-24 13:04:56,618 [     INFO] - Final Params {'n_neighbors': 4}
2015-06-24 13:04:56,619 [     INFO] - Final accuracy: 0.6623 with params {'n_neighbors': 4}
