2015-06-25 22:18:34,819 [     INFO] - Added data from contig chr2
2015-06-25 22:18:34,820 [     INFO] - Added data from contig chr3
2015-06-25 22:18:34,820 [     INFO] - Added data from contig chr4
2015-06-25 22:18:34,820 [     INFO] - Using preloaded features.
2015-06-25 22:18:34,821 [     INFO] - Loaded samples: 99, features: 32
2015-06-25 22:18:34,850 [     INFO] - Non-zero samples: 77, features: 32
2015-06-25 22:18:34,850 [     INFO] - Loaded 99 truth labels
Fitting 5 folds for each of 5 candidates, totalling 25 fits
2015-06-25 22:18:34,986 [     INFO] - OUTER: 0.5294 test accuracy with params {'n_neighbors': 4} on fold 0
2015-06-25 22:18:34,987 [     INFO] -  INNER: 0.5000 avg accuracy with params {'n_neighbors': 2} and scores 0.6429,0.5385,0.5000,0.3636,0.4000
2015-06-25 22:18:34,991 [     INFO] -  INNER: 0.6000 avg accuracy with params {'n_neighbors': 4} and scores 0.7143,0.7692,0.6667,0.4545,0.3000
2015-06-25 22:18:34,993 [     INFO] -  INNER: 0.5333 avg accuracy with params {'n_neighbors': 8} and scores 0.6429,0.6923,0.5833,0.2727,0.4000
2015-06-25 22:18:34,995 [     INFO] -  INNER: 0.5167 avg accuracy with params {'n_neighbors': 16} and scores 0.5714,0.6154,0.3333,0.5455,0.5000
2015-06-25 22:18:34,997 [     INFO] -  INNER: 0.3833 avg accuracy with params {'n_neighbors': 32} and scores 0.3571,0.3077,0.4167,0.4545,0.4000
Fitting 5 folds for each of 5 candidates, totalling 25 fits
2015-06-25 22:18:35,134 [     INFO] - OUTER: 0.4375 test accuracy with params {'n_neighbors': 8} on fold 1
2015-06-25 22:18:35,135 [     INFO] -  INNER: 0.4754 avg accuracy with params {'n_neighbors': 2} and scores 0.4286,0.6154,0.5833,0.3636,0.3636
2015-06-25 22:18:35,136 [     INFO] -  INNER: 0.5738 avg accuracy with params {'n_neighbors': 4} and scores 0.5000,0.7692,0.7500,0.4545,0.3636
2015-06-25 22:18:35,138 [     INFO] -  INNER: 0.6066 avg accuracy with params {'n_neighbors': 8} and scores 0.5000,0.8462,0.6667,0.6364,0.3636
2015-06-25 22:18:35,139 [     INFO] -  INNER: 0.5082 avg accuracy with params {'n_neighbors': 16} and scores 0.3571,0.4615,0.5000,0.7273,0.5455
2015-06-25 22:18:35,140 [     INFO] -  INNER: 0.4098 avg accuracy with params {'n_neighbors': 32} and scores 0.3571,0.3846,0.4167,0.4545,0.4545
Fitting 5 folds for each of 5 candidates, totalling 25 fits
2015-06-25 22:18:35,277 [     INFO] - OUTER: 0.6667 test accuracy with params {'n_neighbors': 2} on fold 2
2015-06-25 22:18:35,278 [     INFO] -  INNER: 0.5000 avg accuracy with params {'n_neighbors': 2} and scores 0.5000,0.5385,0.4615,0.6364,0.3636
2015-06-25 22:18:35,280 [     INFO] -  INNER: 0.5000 avg accuracy with params {'n_neighbors': 4} and scores 0.3571,0.6154,0.6154,0.5455,0.3636
2015-06-25 22:18:35,281 [     INFO] -  INNER: 0.5000 avg accuracy with params {'n_neighbors': 8} and scores 0.4286,0.4615,0.4615,0.5455,0.6364
2015-06-25 22:18:35,283 [     INFO] -  INNER: 0.4839 avg accuracy with params {'n_neighbors': 16} and scores 0.4286,0.5385,0.4615,0.4545,0.5455
2015-06-25 22:18:35,284 [     INFO] -  INNER: 0.4032 avg accuracy with params {'n_neighbors': 32} and scores 0.3571,0.3846,0.3846,0.4545,0.4545
Fitting 5 folds for each of 5 candidates, totalling 25 fits
2015-06-25 22:18:35,420 [     INFO] - OUTER: 0.2667 test accuracy with params {'n_neighbors': 2} on fold 3
2015-06-25 22:18:35,421 [     INFO] -  INNER: 0.5645 avg accuracy with params {'n_neighbors': 2} and scores 0.7143,0.6154,0.6154,0.4545,0.3636
2015-06-25 22:18:35,423 [     INFO] -  INNER: 0.5645 avg accuracy with params {'n_neighbors': 4} and scores 0.6429,0.6923,0.5385,0.3636,0.5455
2015-06-25 22:18:35,427 [     INFO] -  INNER: 0.4355 avg accuracy with params {'n_neighbors': 8} and scores 0.5714,0.3846,0.3846,0.3636,0.4545
2015-06-25 22:18:35,430 [     INFO] -  INNER: 0.4677 avg accuracy with params {'n_neighbors': 16} and scores 0.3571,0.4615,0.4615,0.2727,0.8182
2015-06-25 22:18:35,433 [     INFO] -  INNER: 0.4194 avg accuracy with params {'n_neighbors': 32} and scores 0.3571,0.3846,0.3846,0.5455,0.4545
Fitting 5 folds for each of 5 candidates, totalling 25 fits
2015-06-25 22:18:35,575 [     INFO] - OUTER: 0.7857 test accuracy with params {'n_neighbors': 4} on fold 4
2015-06-25 22:18:35,576 [     INFO] -  INNER: 0.4127 avg accuracy with params {'n_neighbors': 2} and scores 0.6429,0.2857,0.3846,0.3636,0.3636
2015-06-25 22:18:35,579 [     INFO] -  INNER: 0.5397 avg accuracy with params {'n_neighbors': 4} and scores 0.5714,0.5000,0.5385,0.3636,0.7273
2015-06-25 22:18:35,580 [     INFO] -  INNER: 0.4603 avg accuracy with params {'n_neighbors': 8} and scores 0.4286,0.2857,0.6154,0.4545,0.5455
2015-06-25 22:18:35,582 [     INFO] -  INNER: 0.4444 avg accuracy with params {'n_neighbors': 16} and scores 0.5000,0.3571,0.4615,0.3636,0.5455
2015-06-25 22:18:35,583 [     INFO] -  INNER: 0.3492 avg accuracy with params {'n_neighbors': 32} and scores 0.3571,0.3571,0.3846,0.4545,0.1818
2015-06-25 22:18:35,594 [  WARNING] - Model test accuracies deviate more than 10.0%, Deviation 0.5190
2015-06-25 22:18:35,595 [  WARNING] - Model had unstable parameters
n_neighbors
2              2
4              2
8              1
dtype: int64
2015-06-25 22:18:35,595 [     INFO] - Final Params {'n_neighbors': 2}
2015-06-25 22:18:35,596 [     INFO] - Final accuracy: 0.7792 with params {'n_neighbors': 2}
