2015-07-17 15:42:57,109 [     INFO] - Added data from contig chr2
2015-07-17 15:42:57,109 [     INFO] - Added data from contig chr3
2015-07-17 15:42:57,110 [     INFO] - Added data from contig chr4
2015-07-17 15:42:57,110 [     INFO] - Using preloaded features.
2015-07-17 15:42:57,111 [     INFO] - Loaded samples: 99, features: 6
2015-07-17 15:42:57,141 [     INFO] - Non-zero samples: 77, features: 6
2015-07-17 15:42:57,142 [     INFO] - Loaded 99 truth labels
Fitting 5 folds for each of 5 candidates, totalling 25 fits
2015-07-17 15:42:57,280 [     INFO] - OUTER: 0.7059 test accuracy with params {'n_neighbors': 8} on fold 0
2015-07-17 15:42:57,282 [     INFO] -  INNER: 0.5167 avg accuracy with params {'n_neighbors': 2} and scores 0.6429,0.3846,0.6667,0.5455,0.3000
2015-07-17 15:42:57,285 [     INFO] -  INNER: 0.5000 avg accuracy with params {'n_neighbors': 4} and scores 0.3571,0.4615,0.5000,0.6364,0.6000
2015-07-17 15:42:57,287 [     INFO] -  INNER: 0.5667 avg accuracy with params {'n_neighbors': 8} and scores 0.5714,0.5385,0.5000,0.5455,0.7000
2015-07-17 15:42:57,289 [     INFO] -  INNER: 0.4833 avg accuracy with params {'n_neighbors': 16} and scores 0.3571,0.3846,0.5000,0.5455,0.7000
2015-07-17 15:42:57,291 [     INFO] -  INNER: 0.4000 avg accuracy with params {'n_neighbors': 32} and scores 0.3571,0.3846,0.4167,0.4545,0.4000
Fitting 5 folds for each of 5 candidates, totalling 25 fits
2015-07-17 15:42:57,431 [     INFO] - OUTER: 0.4375 test accuracy with params {'n_neighbors': 2} on fold 1
2015-07-17 15:42:57,432 [     INFO] -  INNER: 0.6066 avg accuracy with params {'n_neighbors': 2} and scores 0.7143,0.6923,0.4167,0.5455,0.6364
2015-07-17 15:42:57,435 [     INFO] -  INNER: 0.5738 avg accuracy with params {'n_neighbors': 4} and scores 0.7143,0.6923,0.5000,0.4545,0.4545
2015-07-17 15:42:57,437 [     INFO] -  INNER: 0.5902 avg accuracy with params {'n_neighbors': 8} and scores 0.5714,0.7692,0.5000,0.4545,0.6364
2015-07-17 15:42:57,439 [     INFO] -  INNER: 0.4262 avg accuracy with params {'n_neighbors': 16} and scores 0.2857,0.5385,0.3333,0.3636,0.6364
2015-07-17 15:42:57,442 [     INFO] -  INNER: 0.4098 avg accuracy with params {'n_neighbors': 32} and scores 0.3571,0.3846,0.4167,0.4545,0.4545
Fitting 5 folds for each of 5 candidates, totalling 25 fits
2015-07-17 15:42:57,592 [     INFO] - OUTER: 0.5333 test accuracy with params {'n_neighbors': 4} on fold 2
2015-07-17 15:42:57,593 [     INFO] -  INNER: 0.5161 avg accuracy with params {'n_neighbors': 2} and scores 0.4286,0.6154,0.6154,0.4545,0.4545
2015-07-17 15:42:57,597 [     INFO] -  INNER: 0.5806 avg accuracy with params {'n_neighbors': 4} and scores 0.5714,0.5385,0.6154,0.7273,0.4545
2015-07-17 15:42:57,599 [     INFO] -  INNER: 0.5645 avg accuracy with params {'n_neighbors': 8} and scores 0.5714,0.4615,0.6154,0.6364,0.5455
2015-07-17 15:42:57,601 [     INFO] -  INNER: 0.5645 avg accuracy with params {'n_neighbors': 16} and scores 0.5000,0.4615,0.6154,0.5455,0.7273
2015-07-17 15:42:57,602 [     INFO] -  INNER: 0.4032 avg accuracy with params {'n_neighbors': 32} and scores 0.3571,0.3846,0.3846,0.4545,0.4545
Fitting 5 folds for each of 5 candidates, totalling 25 fits
2015-07-17 15:42:57,742 [     INFO] - OUTER: 0.5333 test accuracy with params {'n_neighbors': 4} on fold 3
2015-07-17 15:42:57,744 [     INFO] -  INNER: 0.4839 avg accuracy with params {'n_neighbors': 2} and scores 0.5714,0.5385,0.3846,0.6364,0.2727
2015-07-17 15:42:57,748 [     INFO] -  INNER: 0.5484 avg accuracy with params {'n_neighbors': 4} and scores 0.6429,0.4615,0.4615,0.8182,0.3636
2015-07-17 15:42:57,752 [     INFO] -  INNER: 0.5000 avg accuracy with params {'n_neighbors': 8} and scores 0.5000,0.5385,0.6154,0.5455,0.2727
2015-07-17 15:42:57,756 [     INFO] -  INNER: 0.4677 avg accuracy with params {'n_neighbors': 16} and scores 0.6429,0.3846,0.5385,0.5455,0.1818
2015-07-17 15:42:57,758 [     INFO] -  INNER: 0.3387 avg accuracy with params {'n_neighbors': 32} and scores 0.3571,0.3077,0.3846,0.4545,0.1818
Fitting 5 folds for each of 5 candidates, totalling 25 fits
2015-07-17 15:42:57,901 [     INFO] - OUTER: 0.5000 test accuracy with params {'n_neighbors': 4} on fold 4
2015-07-17 15:42:57,902 [     INFO] -  INNER: 0.4127 avg accuracy with params {'n_neighbors': 2} and scores 0.3571,0.4286,0.5385,0.5455,0.1818
2015-07-17 15:42:57,905 [     INFO] -  INNER: 0.5873 avg accuracy with params {'n_neighbors': 4} and scores 0.6429,0.6429,0.5385,0.5455,0.5455
2015-07-17 15:42:57,908 [     INFO] -  INNER: 0.5873 avg accuracy with params {'n_neighbors': 8} and scores 0.5714,0.5714,0.6154,0.6364,0.5455
2015-07-17 15:42:57,911 [     INFO] -  INNER: 0.5079 avg accuracy with params {'n_neighbors': 16} and scores 0.2857,0.7143,0.4615,0.6364,0.4545
2015-07-17 15:42:57,912 [     INFO] -  INNER: 0.3968 avg accuracy with params {'n_neighbors': 32} and scores 0.3571,0.3571,0.3846,0.3636,0.5455
2015-07-17 15:42:57,923 [  WARNING] - Model test accuracies deviate more than 10.0%, Deviation 0.2684
2015-07-17 15:42:57,924 [  WARNING] - Model had unstable parameters
n_neighbors
2              1
4              3
8              1
dtype: int64
2015-07-17 15:42:57,924 [     INFO] - Final Params {'n_neighbors': 4}
2015-07-17 15:42:57,925 [     INFO] - Final accuracy: 0.7532 with params {'n_neighbors': 4}
