2015-07-20 13:30:02,799 [     INFO] - Added data from contig chr2
2015-07-20 13:30:02,800 [     INFO] - Added data from contig chr3
2015-07-20 13:30:02,800 [     INFO] - Added data from contig chr4
2015-07-20 13:30:02,804 [     INFO] - Added data from contig chr2
2015-07-20 13:30:02,805 [     INFO] - Added data from contig chr3
2015-07-20 13:30:02,805 [     INFO] - Added data from contig chr4
2015-07-20 13:30:02,809 [     INFO] - Added data from contig chr2
2015-07-20 13:30:02,810 [     INFO] - Added data from contig chr3
2015-07-20 13:30:02,810 [     INFO] - Added data from contig chr4
2015-07-20 13:30:02,813 [     INFO] - Added data from contig chr2
2015-07-20 13:30:02,814 [     INFO] - Added data from contig chr3
2015-07-20 13:30:02,815 [     INFO] - Added data from contig chr4
2015-07-20 13:30:02,818 [     INFO] - Added data from contig chr2
2015-07-20 13:30:02,819 [     INFO] - Added data from contig chr3
2015-07-20 13:30:02,819 [     INFO] - Added data from contig chr4
2015-07-20 13:30:02,823 [     INFO] - Added data from contig chr2
2015-07-20 13:30:02,823 [     INFO] - Added data from contig chr3
2015-07-20 13:30:02,824 [     INFO] - Added data from contig chr4
2015-07-20 13:30:02,827 [     INFO] - Added data from contig chr2
2015-07-20 13:30:02,828 [     INFO] - Added data from contig chr3
2015-07-20 13:30:02,828 [     INFO] - Added data from contig chr4
2015-07-20 13:30:02,832 [     INFO] - Added data from contig chr2
2015-07-20 13:30:02,832 [     INFO] - Added data from contig chr3
2015-07-20 13:30:02,832 [     INFO] - Added data from contig chr4
2015-07-20 13:30:02,833 [     INFO] - Using preloaded features.
2015-07-20 13:30:02,834 [     INFO] - Loaded samples: 1149, features: 6
2015-07-20 13:30:02,871 [     INFO] - Non-zero samples: 956, features: 6
2015-07-20 13:30:02,872 [     INFO] - Loaded 1149 truth labels
Fitting 5 folds for each of 5 candidates, totalling 25 fits
2015-07-20 13:30:03,024 [     INFO] - OUTER: 0.8912 test accuracy with params {'n_neighbors': 4} on fold 0
2015-07-20 13:30:03,024 [     INFO] -  INNER: 0.8637 avg accuracy with params {'n_neighbors': 2} and scores 0.8377,0.8831,0.8693,0.8543,0.8742
2015-07-20 13:30:03,027 [     INFO] -  INNER: 0.8847 avg accuracy with params {'n_neighbors': 4} and scores 0.8377,0.9156,0.9085,0.8808,0.8808
2015-07-20 13:30:03,029 [     INFO] -  INNER: 0.8689 avg accuracy with params {'n_neighbors': 8} and scores 0.8312,0.8961,0.8824,0.8477,0.8874
2015-07-20 13:30:03,032 [     INFO] -  INNER: 0.8257 avg accuracy with params {'n_neighbors': 16} and scores 0.7468,0.8247,0.8497,0.8278,0.8808
2015-07-20 13:30:03,034 [     INFO] -  INNER: 0.8100 avg accuracy with params {'n_neighbors': 32} and scores 0.7468,0.7987,0.8105,0.8477,0.8477
Fitting 5 folds for each of 5 candidates, totalling 25 fits
2015-07-20 13:30:03,188 [     INFO] - OUTER: 0.9062 test accuracy with params {'n_neighbors': 4} on fold 1
2015-07-20 13:30:03,189 [     INFO] -  INNER: 0.8717 avg accuracy with params {'n_neighbors': 2} and scores 0.8506,0.8701,0.8954,0.8618,0.8808
2015-07-20 13:30:03,192 [     INFO] -  INNER: 0.8809 avg accuracy with params {'n_neighbors': 4} and scores 0.9026,0.8831,0.9085,0.8618,0.8477
2015-07-20 13:30:03,194 [     INFO] -  INNER: 0.8770 avg accuracy with params {'n_neighbors': 8} and scores 0.8766,0.8766,0.9216,0.8618,0.8477
2015-07-20 13:30:03,197 [     INFO] -  INNER: 0.8455 avg accuracy with params {'n_neighbors': 16} and scores 0.8442,0.8506,0.9085,0.8224,0.8013
2015-07-20 13:30:03,199 [     INFO] -  INNER: 0.8168 avg accuracy with params {'n_neighbors': 32} and scores 0.7987,0.8442,0.8301,0.8158,0.7947
Fitting 5 folds for each of 5 candidates, totalling 25 fits
2015-07-20 13:30:03,353 [     INFO] - OUTER: 0.9219 test accuracy with params {'n_neighbors': 4} on fold 2
2015-07-20 13:30:03,354 [     INFO] -  INNER: 0.8835 avg accuracy with params {'n_neighbors': 2} and scores 0.8766,0.8636,0.8954,0.8947,0.8874
2015-07-20 13:30:03,357 [     INFO] -  INNER: 0.8848 avg accuracy with params {'n_neighbors': 4} and scores 0.8896,0.8571,0.8954,0.8882,0.8940
2015-07-20 13:30:03,359 [     INFO] -  INNER: 0.8809 avg accuracy with params {'n_neighbors': 8} and scores 0.8766,0.8766,0.8954,0.8750,0.8808
2015-07-20 13:30:03,362 [     INFO] -  INNER: 0.8652 avg accuracy with params {'n_neighbors': 16} and scores 0.8896,0.8377,0.8627,0.8947,0.8411
2015-07-20 13:30:03,364 [     INFO] -  INNER: 0.8141 avg accuracy with params {'n_neighbors': 32} and scores 0.8117,0.7987,0.8366,0.8289,0.7947
Fitting 5 folds for each of 5 candidates, totalling 25 fits
2015-07-20 13:30:03,517 [     INFO] - OUTER: 0.8737 test accuracy with params {'n_neighbors': 2} on fold 3
2015-07-20 13:30:03,518 [     INFO] -  INNER: 0.8890 avg accuracy with params {'n_neighbors': 2} and scores 0.8903,0.9091,0.9216,0.8627,0.8609
2015-07-20 13:30:03,521 [     INFO] -  INNER: 0.8864 avg accuracy with params {'n_neighbors': 4} and scores 0.9032,0.8636,0.9281,0.8562,0.8808
2015-07-20 13:30:03,523 [     INFO] -  INNER: 0.8760 avg accuracy with params {'n_neighbors': 8} and scores 0.8839,0.8636,0.8889,0.8562,0.8874
2015-07-20 13:30:03,526 [     INFO] -  INNER: 0.8394 avg accuracy with params {'n_neighbors': 16} and scores 0.8645,0.7987,0.8301,0.8562,0.8477
2015-07-20 13:30:03,529 [     INFO] -  INNER: 0.8394 avg accuracy with params {'n_neighbors': 32} and scores 0.8387,0.7792,0.8497,0.8758,0.8543
Fitting 5 folds for each of 5 candidates, totalling 25 fits
2015-07-20 13:30:03,681 [     INFO] - OUTER: 0.8571 test accuracy with params {'n_neighbors': 2} on fold 4
2015-07-20 13:30:03,682 [     INFO] -  INNER: 0.8983 avg accuracy with params {'n_neighbors': 2} and scores 0.8903,0.9221,0.8896,0.8824,0.9073
2015-07-20 13:30:03,684 [     INFO] -  INNER: 0.8957 avg accuracy with params {'n_neighbors': 4} and scores 0.9097,0.9026,0.8896,0.9020,0.8742
2015-07-20 13:30:03,687 [     INFO] -  INNER: 0.8787 avg accuracy with params {'n_neighbors': 8} and scores 0.8774,0.8896,0.8636,0.9020,0.8609
2015-07-20 13:30:03,689 [     INFO] -  INNER: 0.8527 avg accuracy with params {'n_neighbors': 16} and scores 0.8516,0.8961,0.8377,0.8497,0.8278
2015-07-20 13:30:03,692 [     INFO] -  INNER: 0.8214 avg accuracy with params {'n_neighbors': 32} and scores 0.7935,0.8182,0.7922,0.8562,0.8477
2015-07-20 13:30:03,723 [  WARNING] - Model had unstable parameters
n_neighbors
2              2
4              3
dtype: int64
2015-07-20 13:30:03,723 [     INFO] - Final Params {'n_neighbors': 4}
2015-07-20 13:30:03,748 [     INFO] - Final accuracy: 0.9425 with params {'n_neighbors': 4}
