2015-07-20 13:30:37,309 [     INFO] - Added data from contig chr2
2015-07-20 13:30:37,310 [     INFO] - Added data from contig chr3
2015-07-20 13:30:37,310 [     INFO] - Added data from contig chr4
2015-07-20 13:30:37,313 [     INFO] - Added data from contig chr2
2015-07-20 13:30:37,314 [     INFO] - Added data from contig chr3
2015-07-20 13:30:37,315 [     INFO] - Added data from contig chr4
2015-07-20 13:30:37,318 [     INFO] - Added data from contig chr2
2015-07-20 13:30:37,318 [     INFO] - Added data from contig chr3
2015-07-20 13:30:37,319 [     INFO] - Added data from contig chr4
2015-07-20 13:30:37,323 [     INFO] - Added data from contig chr2
2015-07-20 13:30:37,323 [     INFO] - Added data from contig chr3
2015-07-20 13:30:37,324 [     INFO] - Added data from contig chr4
2015-07-20 13:30:37,328 [     INFO] - Added data from contig chr2
2015-07-20 13:30:37,328 [     INFO] - Added data from contig chr3
2015-07-20 13:30:37,329 [     INFO] - Added data from contig chr4
2015-07-20 13:30:37,334 [     INFO] - Added data from contig chr2
2015-07-20 13:30:37,336 [     INFO] - Added data from contig chr3
2015-07-20 13:30:37,336 [     INFO] - Added data from contig chr4
2015-07-20 13:30:37,340 [     INFO] - Added data from contig chr2
2015-07-20 13:30:37,341 [     INFO] - Added data from contig chr3
2015-07-20 13:30:37,342 [     INFO] - Added data from contig chr4
2015-07-20 13:30:37,345 [     INFO] - Added data from contig chr2
2015-07-20 13:30:37,346 [     INFO] - Added data from contig chr3
2015-07-20 13:30:37,346 [     INFO] - Added data from contig chr4
2015-07-20 13:30:37,346 [     INFO] - Using preloaded features.
2015-07-20 13:30:37,348 [     INFO] - Loaded samples: 1149, features: 32
2015-07-20 13:30:37,385 [     INFO] - Non-zero samples: 956, features: 32
2015-07-20 13:30:37,385 [     INFO] - Loaded 1149 truth labels
Fitting 5 folds for each of 5 candidates, totalling 25 fits
2015-07-20 13:30:37,552 [     INFO] - OUTER: 0.8083 test accuracy with params {'n_neighbors': 4} on fold 0
2015-07-20 13:30:37,553 [     INFO] -  INNER: 0.8467 avg accuracy with params {'n_neighbors': 2} and scores 0.8377,0.8312,0.9150,0.7881,0.8609
2015-07-20 13:30:37,556 [     INFO] -  INNER: 0.8558 avg accuracy with params {'n_neighbors': 4} and scores 0.8312,0.8182,0.9216,0.8477,0.8609
2015-07-20 13:30:37,559 [     INFO] -  INNER: 0.8467 avg accuracy with params {'n_neighbors': 8} and scores 0.7922,0.8182,0.9020,0.8742,0.8477
2015-07-20 13:30:37,561 [     INFO] -  INNER: 0.8427 avg accuracy with params {'n_neighbors': 16} and scores 0.8312,0.8247,0.8693,0.8344,0.8543
2015-07-20 13:30:37,564 [     INFO] -  INNER: 0.8073 avg accuracy with params {'n_neighbors': 32} and scores 0.7597,0.7922,0.8366,0.7947,0.8543
Fitting 5 folds for each of 5 candidates, totalling 25 fits
2015-07-20 13:30:37,724 [     INFO] - OUTER: 0.8906 test accuracy with params {'n_neighbors': 8} on fold 1
2015-07-20 13:30:37,725 [     INFO] -  INNER: 0.8259 avg accuracy with params {'n_neighbors': 2} and scores 0.8182,0.8442,0.8039,0.8355,0.8278
2015-07-20 13:30:37,728 [     INFO] -  INNER: 0.8351 avg accuracy with params {'n_neighbors': 4} and scores 0.7922,0.8701,0.8431,0.8421,0.8278
2015-07-20 13:30:37,731 [     INFO] -  INNER: 0.8416 avg accuracy with params {'n_neighbors': 8} and scores 0.8182,0.8377,0.8366,0.8684,0.8477
2015-07-20 13:30:37,733 [     INFO] -  INNER: 0.8285 avg accuracy with params {'n_neighbors': 16} and scores 0.8247,0.8312,0.8039,0.8618,0.8212
2015-07-20 13:30:37,736 [     INFO] -  INNER: 0.8063 avg accuracy with params {'n_neighbors': 32} and scores 0.7727,0.8052,0.8366,0.8026,0.8146
Fitting 5 folds for each of 5 candidates, totalling 25 fits
2015-07-20 13:30:37,904 [     INFO] - OUTER: 0.7917 test accuracy with params {'n_neighbors': 2} on fold 2
2015-07-20 13:30:37,905 [     INFO] -  INNER: 0.8613 avg accuracy with params {'n_neighbors': 2} and scores 0.8442,0.8571,0.8497,0.8684,0.8874
2015-07-20 13:30:37,908 [     INFO] -  INNER: 0.8547 avg accuracy with params {'n_neighbors': 4} and scores 0.8247,0.8701,0.8366,0.8750,0.8675
2015-07-20 13:30:37,911 [     INFO] -  INNER: 0.8613 avg accuracy with params {'n_neighbors': 8} and scores 0.8312,0.8442,0.8889,0.8882,0.8543
2015-07-20 13:30:37,913 [     INFO] -  INNER: 0.8259 avg accuracy with params {'n_neighbors': 16} and scores 0.7792,0.8312,0.8170,0.8684,0.8344
2015-07-20 13:30:37,916 [     INFO] -  INNER: 0.8115 avg accuracy with params {'n_neighbors': 32} and scores 0.8247,0.8117,0.7843,0.8421,0.7947
Fitting 5 folds for each of 5 candidates, totalling 25 fits
2015-07-20 13:30:38,076 [     INFO] - OUTER: 0.8632 test accuracy with params {'n_neighbors': 2} on fold 3
2015-07-20 13:30:38,077 [     INFO] -  INNER: 0.8460 avg accuracy with params {'n_neighbors': 2} and scores 0.8452,0.8182,0.8497,0.8562,0.8609
2015-07-20 13:30:38,080 [     INFO] -  INNER: 0.8381 avg accuracy with params {'n_neighbors': 4} and scores 0.8194,0.8117,0.8431,0.8562,0.8609
2015-07-20 13:30:38,083 [     INFO] -  INNER: 0.8225 avg accuracy with params {'n_neighbors': 8} and scores 0.8194,0.7922,0.8497,0.8431,0.8079
2015-07-20 13:30:38,085 [     INFO] -  INNER: 0.8146 avg accuracy with params {'n_neighbors': 16} and scores 0.8000,0.7727,0.8562,0.8235,0.8212
2015-07-20 13:30:38,088 [     INFO] -  INNER: 0.7950 avg accuracy with params {'n_neighbors': 32} and scores 0.7871,0.7597,0.8235,0.7778,0.8278
Fitting 5 folds for each of 5 candidates, totalling 25 fits
2015-07-20 13:30:38,253 [     INFO] - OUTER: 0.8466 test accuracy with params {'n_neighbors': 8} on fold 4
2015-07-20 13:30:38,255 [     INFO] -  INNER: 0.8240 avg accuracy with params {'n_neighbors': 2} and scores 0.8452,0.7727,0.8312,0.8562,0.8146
2015-07-20 13:30:38,259 [     INFO] -  INNER: 0.8383 avg accuracy with params {'n_neighbors': 4} and scores 0.8839,0.8117,0.8052,0.8627,0.8278
2015-07-20 13:30:38,263 [     INFO] -  INNER: 0.8396 avg accuracy with params {'n_neighbors': 8} and scores 0.8710,0.8117,0.8247,0.8758,0.8146
2015-07-20 13:30:38,267 [     INFO] -  INNER: 0.8201 avg accuracy with params {'n_neighbors': 16} and scores 0.8645,0.7987,0.8182,0.8235,0.7947
2015-07-20 13:30:38,271 [     INFO] -  INNER: 0.8005 avg accuracy with params {'n_neighbors': 32} and scores 0.8065,0.8247,0.7857,0.7843,0.8013
2015-07-20 13:30:38,298 [  WARNING] - Model had unstable parameters
n_neighbors
2              2
4              1
8              2
dtype: int64
2015-07-20 13:30:38,298 [     INFO] - Final Params {'n_neighbors': 2}
2015-07-20 13:30:38,362 [     INFO] - Final accuracy: 0.9498 with params {'n_neighbors': 2}
