2015-08-06 14:52:08,406 [     INFO] - Added data from contig chr1
2015-08-06 14:52:08,407 [     INFO] - Added data from contig chr10
2015-08-06 14:52:08,407 [     INFO] - Added data from contig chr11
2015-08-06 14:52:08,408 [     INFO] - Added data from contig chr12
2015-08-06 14:52:08,409 [     INFO] - Added data from contig chr13
2015-08-06 14:52:08,409 [     INFO] - Added data from contig chr14
2015-08-06 14:52:08,410 [     INFO] - Added data from contig chr15
2015-08-06 14:52:08,410 [     INFO] - Added data from contig chr16
2015-08-06 14:52:08,411 [     INFO] - Added data from contig chr17
2015-08-06 14:52:08,412 [     INFO] - Added data from contig chr18
2015-08-06 14:52:08,412 [     INFO] - Added data from contig chr19
2015-08-06 14:52:08,413 [     INFO] - Added data from contig chr2
2015-08-06 14:52:08,413 [     INFO] - Added data from contig chr20
2015-08-06 14:52:08,414 [     INFO] - Added data from contig chr21
2015-08-06 14:52:08,414 [     INFO] - Added data from contig chr22
2015-08-06 14:52:08,415 [     INFO] - Added data from contig chr3
2015-08-06 14:52:08,416 [     INFO] - Added data from contig chr4
2015-08-06 14:52:08,416 [     INFO] - Added data from contig chr5
2015-08-06 14:52:08,417 [     INFO] - Added data from contig chr6
2015-08-06 14:52:08,417 [     INFO] - Added data from contig chr7
2015-08-06 14:52:08,418 [     INFO] - Added data from contig chr8
2015-08-06 14:52:08,419 [     INFO] - Added data from contig chr9
2015-08-06 14:52:08,419 [     INFO] - Added data from contig chrX
2015-08-06 14:52:08,419 [     INFO] - Using preloaded features.
2015-08-06 14:52:08,420 [     INFO] - Loaded samples: 423, features: 32
2015-08-06 14:52:08,453 [     INFO] - Non-zero samples: 320, features: 32
2015-08-06 14:52:08,453 [     INFO] - Loaded 423 truth labels
2015-08-06 14:52:08,453 [    DEBUG] - ['pB' 'pA' 'pB' 'hom' 'hom' 'pA' 'hom' 'hom' 'pB' 'pA' 'pA' 'hom' 'pB' 'pA'
 'hom' 'pB' 'pB' 'pB' 'pA' 'pB' 'hom' 'hom' 'pB' 'pA' 'hom' 'pA' 'hom' 'pA'
 'pB' 'pB' 'pA' 'pA' 'pB' 'hom' 'hom' 'hom' 'pB' 'pA' 'hom' 'pA' 'pA' 'pA'
 'pA' 'pA' 'pB' 'pB' 'hom' 'pA' 'pA' 'hom' 'pB' 'pB' 'pA' 'pA' 'pB' 'pB'
 'pB' 'hom' 'pB' 'pA' 'pA' 'pA' 'pB' 'pB' 'pB' 'hom' 'hom' 'pB' 'pB' 'pB'
 'pA' 'pB' 'pA' 'pB' 'pB' 'pA' 'pB' 'pB' 'pA' 'pA' 'pA' 'hom' 'pA' 'pA'
 'pA' 'pA' 'pA' 'pB' 'hom' 'pB' 'hom' 'pB' 'pA' 'pB' 'pA' 'pB' 'pB' 'pA'
 'hom' 'pB' 'pB' 'pB' 'pB' 'pB' 'pB' 'pA' 'pA' 'pA' 'pA' 'pB' 'hom' 'pA'
 'pA' 'pA' 'pB' 'pB' 'hom' 'pB' 'pA' 'pA' 'pA' 'pB' 'pB' 'pA' 'pB' 'pA'
 'pB' 'pA' 'hom' 'pB' 'pA' 'pB' 'pB' 'pB' 'pB' 'pB' 'pB' 'pB' 'pB' 'pA'
 'pB' 'pB' 'pB' 'pB' 'hom' 'pB' 'pB' 'hom' 'pA' 'pB' 'pA' 'pB' 'pB' 'pA'
 'hom' 'pA' 'pB' 'pA' 'hom' 'pB' 'pA' 'pA' 'pA' 'pA' 'pA' 'pA' 'pB' 'pA'
 'pA' 'hom' 'pA' 'pA' 'hom' 'pA' 'pB' 'pA' 'pA' 'pA' 'pA' 'pA' 'pB' 'pB'
 'pB' 'pB' 'pA' 'pB' 'hom' 'pA' 'hom' 'pB' 'pB' 'pB' 'pB' 'pB' 'pA' 'pB'
 'pB' 'hom' 'pB' 'pB' 'pB' 'pB' 'pA' 'pA' 'pB' 'pA' 'pA' 'pA' 'pA' 'pB'
 'hom' 'pB' 'hom' 'pA' 'pA' 'pB' 'pB' 'hom' 'pB' 'pA' 'pA' 'pB' 'pA' 'pA'
 'hom' 'pA' 'hom' 'pA' 'pA' 'hom' 'hom' 'pB' 'pB' 'hom' 'pA' 'hom' 'pB'
 'pB' 'hom' 'pB' 'pA' 'pA' 'pB' 'pA' 'pB' 'pA' 'pA' 'hom' 'pA' 'pA' 'pB'
 'pA' 'pB' 'pB' 'pA' 'pA' 'pB' 'pA' 'pA' 'hom' 'pB' 'pA' 'pB' 'pA' 'pA'
 'pA' 'pB' 'pA' 'pA' 'pA' 'pB' 'pB' 'pA' 'pA' 'hom' 'pB' 'pA' 'pB' 'pB'
 'pB' 'pA' 'pB' 'pB' 'pA' 'pB' 'pA' 'pA' 'pA' 'hom' 'pB' 'pB' 'pA' 'pB'
 'hom' 'pA' 'pB' 'pB' 'hom' 'pA' 'pA' 'hom' 'pA' 'pB' 'pB' 'pA' 'pB' 'pB'
 'pA' 'pA' 'pB' 'pB' 'pB' 'pA' 'pA' 'pA' 'pB' 'pB' 'pA' 'pA' 'pB']
2015-08-06 14:52:08,454 [    DEBUG] - [1, 0, 1, 2, 2, 0, 2, 2, 1, 0, 0, 2, 1, 0, 2, 1, 1, 1, 0, 1, 2, 2, 1, 0, 2, 0, 2, 0, 1, 1, 0, 0, 1, 2, 2, 2, 1, 0, 2, 0, 0, 0, 0, 0, 1, 1, 2, 0, 0, 2, 1, 1, 0, 0, 1, 1, 1, 2, 1, 0, 0, 0, 1, 1, 1, 2, 2, 1, 1, 1, 0, 1, 0, 1, 1, 0, 1, 1, 0, 0, 0, 2, 0, 0, 0, 0, 0, 1, 2, 1, 2, 1, 0, 1, 0, 1, 1, 0, 2, 1, 1, 1, 1, 1, 1, 0, 0, 0, 0, 1, 2, 0, 0, 0, 1, 1, 2, 1, 0, 0, 0, 1, 1, 0, 1, 0, 1, 0, 2, 1, 0, 1, 1, 1, 1, 1, 1, 1, 1, 0, 1, 1, 1, 1, 2, 1, 1, 2, 0, 1, 0, 1, 1, 0, 2, 0, 1, 0, 2, 1, 0, 0, 0, 0, 0, 0, 1, 0, 0, 2, 0, 0, 2, 0, 1, 0, 0, 0, 0, 0, 1, 1, 1, 1, 0, 1, 2, 0, 2, 1, 1, 1, 1, 1, 0, 1, 1, 2, 1, 1, 1, 1, 0, 0, 1, 0, 0, 0, 0, 1, 2, 1, 2, 0, 0, 1, 1, 2, 1, 0, 0, 1, 0, 0, 2, 0, 2, 0, 0, 2, 2, 1, 1, 2, 0, 2, 1, 1, 2, 1, 0, 0, 1, 0, 1, 0, 0, 2, 0, 0, 1, 0, 1, 1, 0, 0, 1, 0, 0, 2, 1, 0, 1, 0, 0, 0, 1, 0, 0, 0, 1, 1, 0, 0, 2, 1, 0, 1, 1, 1, 0, 1, 1, 0, 1, 0, 0, 0, 2, 1, 1, 0, 1, 2, 0, 1, 1, 2, 0, 0, 2, 0, 1, 1, 0, 1, 1, 0, 0, 1, 1, 1, 0, 0, 0, 1, 1, 0, 0, 1]
2015-08-06 14:52:08,454 [    DEBUG] - [1 0 1 2 2 0 2 2 1 0 0 2 1 0 2 1 1 1 0 1 2 2 1 0 2 0 2 0 1 1 0 0 1 2 2 2 1
 0 2 0 0 0 0 0 1 1 2 0 0 2 1 1 0 0 1 1 1 2 1 0 0 0 1 1 1 2 2 1 1 1 0 1 0 1
 1 0 1 1 0 0 0 2 0 0 0 0 0 1 2 1 2 1 0 1 0 1 1 0 2 1 1 1 1 1 1 0 0 0 0 1 2
 0 0 0 1 1 2 1 0 0 0 1 1 0 1 0 1 0 2 1 0 1 1 1 1 1 1 1 1 0 1 1 1 1 2 1 1 2
 0 1 0 1 1 0 2 0 1 0 2 1 0 0 0 0 0 0 1 0 0 2 0 0 2 0 1 0 0 0 0 0 1 1 1 1 0
 1 2 0 2 1 1 1 1 1 0 1 1 2 1 1 1 1 0 0 1 0 0 0 0 1 2 1 2 0 0 1 1 2 1 0 0 1
 0 0 2 0 2 0 0 2 2 1 1 2 0 2 1 1 2 1 0 0 1 0 1 0 0 2 0 0 1 0 1 1 0 0 1 0 0
 2 1 0 1 0 0 0 1 0 0 0 1 1 0 0 2 1 0 1 1 1 0 1 1 0 1 0 0 0 2 1 1 0 1 2 0 1
 1 2 0 0 2 0 1 1 0 1 1 0 0 1 1 1 0 0 0 1 1 0 0 1]
2015-08-06 14:52:08,456 [    DEBUG] - Data shape (320, 32), label shape (320,)
2015-08-06 14:52:08,456 [    DEBUG] - Train shape (255,), test shape (65,)
2015-08-06 14:52:08,456 [    DEBUG] - Train Data shape (255, 32), Train Label shape (255,)
Fitting 5 folds for each of 5 candidates, totalling 25 fits
2015-08-06 14:52:08,596 [     INFO] - OUTER: 0.5846 test accuracy with params {'n_neighbors': 4} on fold 0
2015-08-06 14:52:08,597 [     INFO] -  INNER: 0.5647 avg accuracy with params {'n_neighbors': 2} and scores 0.5849,0.4902,0.5098,0.6600,0.5800
2015-08-06 14:52:08,600 [     INFO] -  INNER: 0.5725 avg accuracy with params {'n_neighbors': 4} and scores 0.6415,0.4902,0.4706,0.6600,0.6000
2015-08-06 14:52:08,602 [     INFO] -  INNER: 0.5451 avg accuracy with params {'n_neighbors': 8} and scores 0.5660,0.5686,0.4118,0.6200,0.5600
2015-08-06 14:52:08,605 [     INFO] -  INNER: 0.5412 avg accuracy with params {'n_neighbors': 16} and scores 0.5472,0.5490,0.5686,0.5200,0.5200
2015-08-06 14:52:08,607 [     INFO] -  INNER: 0.5333 avg accuracy with params {'n_neighbors': 32} and scores 0.5660,0.5490,0.5882,0.4800,0.4800
2015-08-06 14:52:08,609 [    DEBUG] - Train shape (255,), test shape (65,)
2015-08-06 14:52:08,610 [    DEBUG] - Train Data shape (255, 32), Train Label shape (255,)
Fitting 5 folds for each of 5 candidates, totalling 25 fits
2015-08-06 14:52:08,749 [     INFO] - OUTER: 0.5385 test accuracy with params {'n_neighbors': 2} on fold 1
2015-08-06 14:52:08,751 [     INFO] -  INNER: 0.5843 avg accuracy with params {'n_neighbors': 2} and scores 0.5849,0.5686,0.6078,0.5400,0.6200
2015-08-06 14:52:08,755 [     INFO] -  INNER: 0.5176 avg accuracy with params {'n_neighbors': 4} and scores 0.5849,0.4706,0.5098,0.5200,0.5000
2015-08-06 14:52:08,759 [     INFO] -  INNER: 0.5098 avg accuracy with params {'n_neighbors': 8} and scores 0.5094,0.4510,0.5294,0.5200,0.5400
2015-08-06 14:52:08,763 [     INFO] -  INNER: 0.5333 avg accuracy with params {'n_neighbors': 16} and scores 0.4717,0.5882,0.5686,0.5200,0.5200
2015-08-06 14:52:08,767 [     INFO] -  INNER: 0.5490 avg accuracy with params {'n_neighbors': 32} and scores 0.5660,0.5882,0.5490,0.5600,0.4800
2015-08-06 14:52:08,771 [    DEBUG] - Train shape (256,), test shape (64,)
2015-08-06 14:52:08,772 [    DEBUG] - Train Data shape (256, 32), Train Label shape (256,)
Fitting 5 folds for each of 5 candidates, totalling 25 fits
2015-08-06 14:52:08,921 [     INFO] - OUTER: 0.5781 test accuracy with params {'n_neighbors': 2} on fold 2
2015-08-06 14:52:08,922 [     INFO] -  INNER: 0.5547 avg accuracy with params {'n_neighbors': 2} and scores 0.4528,0.6538,0.6471,0.4800,0.5400
2015-08-06 14:52:08,925 [     INFO] -  INNER: 0.5469 avg accuracy with params {'n_neighbors': 4} and scores 0.5094,0.5962,0.5686,0.5400,0.5200
2015-08-06 14:52:08,930 [     INFO] -  INNER: 0.5156 avg accuracy with params {'n_neighbors': 8} and scores 0.5283,0.6154,0.4706,0.4800,0.4800
2015-08-06 14:52:08,932 [     INFO] -  INNER: 0.5352 avg accuracy with params {'n_neighbors': 16} and scores 0.4340,0.6346,0.5686,0.5400,0.5000
2015-08-06 14:52:08,935 [     INFO] -  INNER: 0.5000 avg accuracy with params {'n_neighbors': 32} and scores 0.4528,0.5192,0.5882,0.4600,0.4800
2015-08-06 14:52:08,937 [    DEBUG] - Train shape (257,), test shape (63,)
2015-08-06 14:52:08,938 [    DEBUG] - Train Data shape (257, 32), Train Label shape (257,)
Fitting 5 folds for each of 5 candidates, totalling 25 fits
2015-08-06 14:52:09,074 [     INFO] - OUTER: 0.5714 test accuracy with params {'n_neighbors': 16} on fold 3
2015-08-06 14:52:09,075 [     INFO] -  INNER: 0.5486 avg accuracy with params {'n_neighbors': 2} and scores 0.4717,0.6226,0.6078,0.5400,0.5000
2015-08-06 14:52:09,078 [     INFO] -  INNER: 0.5214 avg accuracy with params {'n_neighbors': 4} and scores 0.4340,0.5660,0.5686,0.5400,0.5000
2015-08-06 14:52:09,080 [     INFO] -  INNER: 0.5019 avg accuracy with params {'n_neighbors': 8} and scores 0.4151,0.5283,0.5686,0.5600,0.4400
2015-08-06 14:52:09,083 [     INFO] -  INNER: 0.5564 avg accuracy with params {'n_neighbors': 16} and scores 0.4906,0.5472,0.6078,0.6200,0.5200
2015-08-06 14:52:09,085 [     INFO] -  INNER: 0.5564 avg accuracy with params {'n_neighbors': 32} and scores 0.5094,0.6604,0.5098,0.5600,0.5400
2015-08-06 14:52:09,088 [    DEBUG] - Train shape (257,), test shape (63,)
2015-08-06 14:52:09,088 [    DEBUG] - Train Data shape (257, 32), Train Label shape (257,)
Fitting 5 folds for each of 5 candidates, totalling 25 fits
2015-08-06 14:52:09,226 [     INFO] - OUTER: 0.5079 test accuracy with params {'n_neighbors': 32} on fold 4
2015-08-06 14:52:09,226 [     INFO] -  INNER: 0.5292 avg accuracy with params {'n_neighbors': 2} and scores 0.5283,0.6415,0.4902,0.5000,0.4800
2015-08-06 14:52:09,229 [     INFO] -  INNER: 0.5136 avg accuracy with params {'n_neighbors': 4} and scores 0.4906,0.7170,0.4118,0.4600,0.4800
2015-08-06 14:52:09,231 [     INFO] -  INNER: 0.5292 avg accuracy with params {'n_neighbors': 8} and scores 0.4906,0.6415,0.3922,0.5800,0.5400
2015-08-06 14:52:09,234 [     INFO] -  INNER: 0.5253 avg accuracy with params {'n_neighbors': 16} and scores 0.4340,0.6415,0.5294,0.5600,0.4600
2015-08-06 14:52:09,236 [     INFO] -  INNER: 0.5564 avg accuracy with params {'n_neighbors': 32} and scores 0.4528,0.5660,0.6078,0.5400,0.6200
2015-08-06 14:52:09,252 [  WARNING] - Model had unstable parameters
n_neighbors
2              2
4              1
16             1
32             1
dtype: int64
2015-08-06 14:52:09,252 [     INFO] - Final Params {'n_neighbors': 2}
2015-08-06 14:52:09,257 [     INFO] - Final accuracy: 0.8000 with params {'n_neighbors': 2}
