2015-07-20 11:50:25,717 [     INFO] - Added data from contig chr2
2015-07-20 11:50:25,718 [     INFO] - Added data from contig chr3
2015-07-20 11:50:25,718 [     INFO] - Added data from contig chr4
2015-07-20 11:50:25,718 [     INFO] - Using preloaded features.
2015-07-20 11:50:25,719 [     INFO] - Loaded samples: 99, features: 32
2015-07-20 11:50:25,753 [     INFO] - Non-zero samples: 77, features: 32
2015-07-20 11:50:25,753 [     INFO] - Loaded 99 truth labels
Fitting 5 folds for each of 16 candidates, totalling 80 fits
2015-07-20 11:50:26,651 [     INFO] - OUTER: 0.8824 test accuracy with params {'n_estimators': 100, 'max_depth': 5} on fold 0
2015-07-20 11:50:26,652 [     INFO] -  INNER: 0.7000 avg accuracy with params {'n_estimators': 10, 'max_depth': 2} and scores 0.6429,0.6923,0.6667,0.7273,0.8000
2015-07-20 11:50:26,655 [     INFO] -  INNER: 0.7833 avg accuracy with params {'n_estimators': 20, 'max_depth': 2} and scores 0.7143,0.7692,0.7500,0.9091,0.8000
2015-07-20 11:50:26,657 [     INFO] -  INNER: 0.7333 avg accuracy with params {'n_estimators': 50, 'max_depth': 2} and scores 0.7143,0.6923,0.6667,0.8182,0.8000
2015-07-20 11:50:26,660 [     INFO] -  INNER: 0.7167 avg accuracy with params {'n_estimators': 100, 'max_depth': 2} and scores 0.7143,0.6923,0.6667,0.7273,0.8000
2015-07-20 11:50:26,662 [     INFO] -  INNER: 0.7667 avg accuracy with params {'n_estimators': 10, 'max_depth': 5} and scores 0.7857,0.6923,0.7500,0.7273,0.9000
2015-07-20 11:50:26,664 [     INFO] -  INNER: 0.7500 avg accuracy with params {'n_estimators': 20, 'max_depth': 5} and scores 0.7857,0.8462,0.7500,0.6364,0.7000
2015-07-20 11:50:26,667 [     INFO] -  INNER: 0.8333 avg accuracy with params {'n_estimators': 50, 'max_depth': 5} and scores 0.8571,0.7692,0.8333,0.8182,0.9000
2015-07-20 11:50:26,669 [     INFO] -  INNER: 0.8500 avg accuracy with params {'n_estimators': 100, 'max_depth': 5} and scores 0.8571,0.8462,0.8333,0.9091,0.8000
2015-07-20 11:50:26,672 [     INFO] -  INNER: 0.7000 avg accuracy with params {'n_estimators': 10, 'max_depth': 10} and scores 0.8571,0.6923,0.5833,0.6364,0.7000
2015-07-20 11:50:26,675 [     INFO] -  INNER: 0.7500 avg accuracy with params {'n_estimators': 20, 'max_depth': 10} and scores 0.6429,0.7692,0.7500,0.8182,0.8000
2015-07-20 11:50:26,678 [     INFO] -  INNER: 0.8333 avg accuracy with params {'n_estimators': 50, 'max_depth': 10} and scores 0.8571,0.8462,0.8333,0.8182,0.8000
2015-07-20 11:50:26,680 [     INFO] -  INNER: 0.8500 avg accuracy with params {'n_estimators': 100, 'max_depth': 10} and scores 0.8571,0.8462,0.8333,0.8182,0.9000
2015-07-20 11:50:26,682 [     INFO] -  INNER: 0.7667 avg accuracy with params {'n_estimators': 10, 'max_depth': 20} and scores 0.7857,0.7692,0.8333,0.8182,0.6000
2015-07-20 11:50:26,685 [     INFO] -  INNER: 0.8500 avg accuracy with params {'n_estimators': 20, 'max_depth': 20} and scores 0.7143,0.8462,0.8333,0.9091,1.0000
2015-07-20 11:50:26,687 [     INFO] -  INNER: 0.8000 avg accuracy with params {'n_estimators': 50, 'max_depth': 20} and scores 0.6429,0.9231,0.8333,0.7273,0.9000
2015-07-20 11:50:26,689 [     INFO] -  INNER: 0.8167 avg accuracy with params {'n_estimators': 100, 'max_depth': 20} and scores 0.8571,0.8462,0.8333,0.8182,0.7000
Fitting 5 folds for each of 16 candidates, totalling 80 fits
2015-07-20 11:50:27,601 [     INFO] - OUTER: 0.8125 test accuracy with params {'n_estimators': 100, 'max_depth': 5} on fold 1
2015-07-20 11:50:27,602 [     INFO] -  INNER: 0.7377 avg accuracy with params {'n_estimators': 10, 'max_depth': 2} and scores 0.7143,0.6923,0.7500,0.8182,0.7273
2015-07-20 11:50:27,604 [     INFO] -  INNER: 0.7541 avg accuracy with params {'n_estimators': 20, 'max_depth': 2} and scores 0.7857,0.6923,0.6667,0.7273,0.9091
2015-07-20 11:50:27,606 [     INFO] -  INNER: 0.7705 avg accuracy with params {'n_estimators': 50, 'max_depth': 2} and scores 0.7857,0.6923,0.7500,0.6364,1.0000
2015-07-20 11:50:27,609 [     INFO] -  INNER: 0.7377 avg accuracy with params {'n_estimators': 100, 'max_depth': 2} and scores 0.7857,0.5385,0.7500,0.7273,0.9091
2015-07-20 11:50:27,611 [     INFO] -  INNER: 0.7869 avg accuracy with params {'n_estimators': 10, 'max_depth': 5} and scores 0.7857,0.6923,0.9167,0.8182,0.7273
2015-07-20 11:50:27,613 [     INFO] -  INNER: 0.8033 avg accuracy with params {'n_estimators': 20, 'max_depth': 5} and scores 0.8571,0.6923,0.8333,0.9091,0.7273
2015-07-20 11:50:27,616 [     INFO] -  INNER: 0.8525 avg accuracy with params {'n_estimators': 50, 'max_depth': 5} and scores 0.8571,0.7692,0.7500,0.9091,1.0000
2015-07-20 11:50:27,618 [     INFO] -  INNER: 0.8852 avg accuracy with params {'n_estimators': 100, 'max_depth': 5} and scores 0.9286,0.7692,0.8333,0.9091,1.0000
2015-07-20 11:50:27,620 [     INFO] -  INNER: 0.7541 avg accuracy with params {'n_estimators': 10, 'max_depth': 10} and scores 0.8571,0.6923,0.7500,0.7273,0.7273
2015-07-20 11:50:27,623 [     INFO] -  INNER: 0.8852 avg accuracy with params {'n_estimators': 20, 'max_depth': 10} and scores 0.8571,0.9231,0.9167,0.7273,1.0000
2015-07-20 11:50:27,625 [     INFO] -  INNER: 0.8525 avg accuracy with params {'n_estimators': 50, 'max_depth': 10} and scores 0.9286,0.6923,0.9167,0.7273,1.0000
2015-07-20 11:50:27,627 [     INFO] -  INNER: 0.8689 avg accuracy with params {'n_estimators': 100, 'max_depth': 10} and scores 0.8571,0.7692,0.8333,0.9091,1.0000
2015-07-20 11:50:27,630 [     INFO] -  INNER: 0.7541 avg accuracy with params {'n_estimators': 10, 'max_depth': 20} and scores 0.7857,0.6923,0.7500,0.7273,0.8182
2015-07-20 11:50:27,633 [     INFO] -  INNER: 0.8361 avg accuracy with params {'n_estimators': 20, 'max_depth': 20} and scores 0.7857,0.6923,0.8333,0.9091,1.0000
2015-07-20 11:50:27,636 [     INFO] -  INNER: 0.8689 avg accuracy with params {'n_estimators': 50, 'max_depth': 20} and scores 0.8571,0.6923,0.9167,0.9091,1.0000
2015-07-20 11:50:27,639 [     INFO] -  INNER: 0.8525 avg accuracy with params {'n_estimators': 100, 'max_depth': 20} and scores 0.8571,0.7692,0.8333,0.8182,1.0000
Fitting 5 folds for each of 16 candidates, totalling 80 fits
2015-07-20 11:50:28,523 [     INFO] - OUTER: 0.8667 test accuracy with params {'n_estimators': 50, 'max_depth': 5} on fold 2
2015-07-20 11:50:28,524 [     INFO] -  INNER: 0.7903 avg accuracy with params {'n_estimators': 10, 'max_depth': 2} and scores 0.7143,0.6923,0.7692,0.8182,1.0000
2015-07-20 11:50:28,526 [     INFO] -  INNER: 0.6774 avg accuracy with params {'n_estimators': 20, 'max_depth': 2} and scores 0.7143,0.6923,0.3846,0.7273,0.9091
2015-07-20 11:50:28,529 [     INFO] -  INNER: 0.7419 avg accuracy with params {'n_estimators': 50, 'max_depth': 2} and scores 0.7143,0.6923,0.4615,1.0000,0.9091
2015-07-20 11:50:28,531 [     INFO] -  INNER: 0.7419 avg accuracy with params {'n_estimators': 100, 'max_depth': 2} and scores 0.7857,0.6923,0.6154,0.8182,0.8182
2015-07-20 11:50:28,533 [     INFO] -  INNER: 0.7258 avg accuracy with params {'n_estimators': 10, 'max_depth': 5} and scores 0.7857,0.5385,0.5385,0.9091,0.9091
2015-07-20 11:50:28,536 [     INFO] -  INNER: 0.8065 avg accuracy with params {'n_estimators': 20, 'max_depth': 5} and scores 0.8571,0.7692,0.6923,0.9091,0.8182
2015-07-20 11:50:28,540 [     INFO] -  INNER: 0.8387 avg accuracy with params {'n_estimators': 50, 'max_depth': 5} and scores 0.7857,0.6923,0.7692,1.0000,1.0000
2015-07-20 11:50:28,543 [     INFO] -  INNER: 0.8065 avg accuracy with params {'n_estimators': 100, 'max_depth': 5} and scores 0.7857,0.6923,0.6923,1.0000,0.9091
2015-07-20 11:50:28,546 [     INFO] -  INNER: 0.7742 avg accuracy with params {'n_estimators': 10, 'max_depth': 10} and scores 0.7857,0.6923,0.6154,0.9091,0.9091
2015-07-20 11:50:28,549 [     INFO] -  INNER: 0.8065 avg accuracy with params {'n_estimators': 20, 'max_depth': 10} and scores 0.9286,0.6154,0.6154,0.9091,1.0000
2015-07-20 11:50:28,551 [     INFO] -  INNER: 0.8065 avg accuracy with params {'n_estimators': 50, 'max_depth': 10} and scores 0.7857,0.6923,0.6154,1.0000,1.0000
2015-07-20 11:50:28,553 [     INFO] -  INNER: 0.8226 avg accuracy with params {'n_estimators': 100, 'max_depth': 10} and scores 0.8571,0.6923,0.6154,1.0000,1.0000
2015-07-20 11:50:28,556 [     INFO] -  INNER: 0.7742 avg accuracy with params {'n_estimators': 10, 'max_depth': 20} and scores 0.7857,0.6154,0.6154,1.0000,0.9091
2015-07-20 11:50:28,558 [     INFO] -  INNER: 0.8065 avg accuracy with params {'n_estimators': 20, 'max_depth': 20} and scores 0.9286,0.7692,0.6154,1.0000,0.7273
2015-07-20 11:50:28,561 [     INFO] -  INNER: 0.8226 avg accuracy with params {'n_estimators': 50, 'max_depth': 20} and scores 0.8571,0.6923,0.6923,1.0000,0.9091
2015-07-20 11:50:28,563 [     INFO] -  INNER: 0.8226 avg accuracy with params {'n_estimators': 100, 'max_depth': 20} and scores 0.8571,0.6923,0.6154,1.0000,1.0000
Fitting 5 folds for each of 16 candidates, totalling 80 fits
2015-07-20 11:50:29,470 [     INFO] - OUTER: 0.9333 test accuracy with params {'n_estimators': 100, 'max_depth': 5} on fold 3
2015-07-20 11:50:29,471 [     INFO] -  INNER: 0.7097 avg accuracy with params {'n_estimators': 10, 'max_depth': 2} and scores 0.7143,0.7692,0.6154,0.8182,0.6364
2015-07-20 11:50:29,475 [     INFO] -  INNER: 0.7258 avg accuracy with params {'n_estimators': 20, 'max_depth': 2} and scores 0.5000,0.7692,0.6923,0.8182,0.9091
2015-07-20 11:50:29,478 [     INFO] -  INNER: 0.7258 avg accuracy with params {'n_estimators': 50, 'max_depth': 2} and scores 0.6429,0.7692,0.7692,0.7273,0.7273
2015-07-20 11:50:29,480 [     INFO] -  INNER: 0.7258 avg accuracy with params {'n_estimators': 100, 'max_depth': 2} and scores 0.6429,0.6923,0.7692,0.8182,0.7273
2015-07-20 11:50:29,483 [     INFO] -  INNER: 0.6290 avg accuracy with params {'n_estimators': 10, 'max_depth': 5} and scores 0.5000,0.7692,0.6923,0.5455,0.6364
2015-07-20 11:50:29,485 [     INFO] -  INNER: 0.7419 avg accuracy with params {'n_estimators': 20, 'max_depth': 5} and scores 0.5714,0.6154,0.8462,0.7273,1.0000
2015-07-20 11:50:29,488 [     INFO] -  INNER: 0.7581 avg accuracy with params {'n_estimators': 50, 'max_depth': 5} and scores 0.6429,0.6923,0.8462,0.7273,0.9091
2015-07-20 11:50:29,490 [     INFO] -  INNER: 0.7742 avg accuracy with params {'n_estimators': 100, 'max_depth': 5} and scores 0.6429,0.8462,0.8462,0.7273,0.8182
2015-07-20 11:50:29,493 [     INFO] -  INNER: 0.7581 avg accuracy with params {'n_estimators': 10, 'max_depth': 10} and scores 0.5714,0.7692,0.8462,0.7273,0.9091
2015-07-20 11:50:29,495 [     INFO] -  INNER: 0.7742 avg accuracy with params {'n_estimators': 20, 'max_depth': 10} and scores 0.5714,0.7692,0.8462,0.7273,1.0000
2015-07-20 11:50:29,497 [     INFO] -  INNER: 0.7581 avg accuracy with params {'n_estimators': 50, 'max_depth': 10} and scores 0.6429,0.6923,0.9231,0.7273,0.8182
2015-07-20 11:50:29,500 [     INFO] -  INNER: 0.7742 avg accuracy with params {'n_estimators': 100, 'max_depth': 10} and scores 0.6429,0.8462,0.8462,0.7273,0.8182
2015-07-20 11:50:29,502 [     INFO] -  INNER: 0.7419 avg accuracy with params {'n_estimators': 10, 'max_depth': 20} and scores 0.7143,0.6923,0.8462,0.7273,0.7273
2015-07-20 11:50:29,504 [     INFO] -  INNER: 0.7742 avg accuracy with params {'n_estimators': 20, 'max_depth': 20} and scores 0.5714,0.6923,0.9231,0.7273,1.0000
2015-07-20 11:50:29,507 [     INFO] -  INNER: 0.7258 avg accuracy with params {'n_estimators': 50, 'max_depth': 20} and scores 0.5714,0.8462,0.8462,0.6364,0.7273
2015-07-20 11:50:29,509 [     INFO] -  INNER: 0.7742 avg accuracy with params {'n_estimators': 100, 'max_depth': 20} and scores 0.5714,0.7692,0.9231,0.7273,0.9091
Fitting 5 folds for each of 16 candidates, totalling 80 fits
2015-07-20 11:50:30,381 [     INFO] - OUTER: 1.0000 test accuracy with params {'n_estimators': 50, 'max_depth': 20} on fold 4
2015-07-20 11:50:30,381 [     INFO] -  INNER: 0.6349 avg accuracy with params {'n_estimators': 10, 'max_depth': 2} and scores 0.5714,0.5000,0.6923,0.6364,0.8182
2015-07-20 11:50:30,384 [     INFO] -  INNER: 0.7143 avg accuracy with params {'n_estimators': 20, 'max_depth': 2} and scores 0.6429,0.6429,0.6923,0.7273,0.9091
2015-07-20 11:50:30,386 [     INFO] -  INNER: 0.7619 avg accuracy with params {'n_estimators': 50, 'max_depth': 2} and scores 0.7143,0.7143,0.7692,0.7273,0.9091
2015-07-20 11:50:30,389 [     INFO] -  INNER: 0.7460 avg accuracy with params {'n_estimators': 100, 'max_depth': 2} and scores 0.7143,0.5714,0.7692,0.8182,0.9091
2015-07-20 11:50:30,391 [     INFO] -  INNER: 0.7778 avg accuracy with params {'n_estimators': 10, 'max_depth': 5} and scores 0.7857,0.7143,0.8462,0.7273,0.8182
2015-07-20 11:50:30,394 [     INFO] -  INNER: 0.7778 avg accuracy with params {'n_estimators': 20, 'max_depth': 5} and scores 0.8571,0.6429,0.7692,0.8182,0.8182
2015-07-20 11:50:30,396 [     INFO] -  INNER: 0.7460 avg accuracy with params {'n_estimators': 50, 'max_depth': 5} and scores 0.7857,0.5714,0.7692,0.7273,0.9091
2015-07-20 11:50:30,399 [     INFO] -  INNER: 0.7937 avg accuracy with params {'n_estimators': 100, 'max_depth': 5} and scores 0.8571,0.6429,0.7692,0.8182,0.9091
2015-07-20 11:50:30,401 [     INFO] -  INNER: 0.6984 avg accuracy with params {'n_estimators': 10, 'max_depth': 10} and scores 0.6429,0.5714,0.8462,0.6364,0.8182
2015-07-20 11:50:30,403 [     INFO] -  INNER: 0.7937 avg accuracy with params {'n_estimators': 20, 'max_depth': 10} and scores 0.7857,0.6429,0.9231,0.7273,0.9091
2015-07-20 11:50:30,406 [     INFO] -  INNER: 0.8571 avg accuracy with params {'n_estimators': 50, 'max_depth': 10} and scores 0.8571,0.7143,0.9231,0.9091,0.9091
2015-07-20 11:50:30,408 [     INFO] -  INNER: 0.8413 avg accuracy with params {'n_estimators': 100, 'max_depth': 10} and scores 0.7857,0.7857,0.8462,0.9091,0.9091
2015-07-20 11:50:30,410 [     INFO] -  INNER: 0.6508 avg accuracy with params {'n_estimators': 10, 'max_depth': 20} and scores 0.6429,0.5714,0.6923,0.5455,0.8182
2015-07-20 11:50:30,413 [     INFO] -  INNER: 0.7460 avg accuracy with params {'n_estimators': 20, 'max_depth': 20} and scores 0.7143,0.6429,0.7692,0.7273,0.9091
2015-07-20 11:50:30,415 [     INFO] -  INNER: 0.9048 avg accuracy with params {'n_estimators': 50, 'max_depth': 20} and scores 0.8571,0.8571,1.0000,0.9091,0.9091
2015-07-20 11:50:30,418 [     INFO] -  INNER: 0.8254 avg accuracy with params {'n_estimators': 100, 'max_depth': 20} and scores 0.9286,0.6429,0.7692,0.9091,0.9091
2015-07-20 11:50:30,447 [  WARNING] - Model test accuracies deviate more than 10.0%, Deviation 0.1875
2015-07-20 11:50:30,448 [  WARNING] - Model had unstable parameters
max_depth  n_estimators
5          50              1
           100             3
20         50              1
dtype: int64
2015-07-20 11:50:30,448 [     INFO] - Final Params {'n_estimators': 100, 'max_depth': 5}
2015-07-20 11:50:30,502 [     INFO] - RFModel: OOB_Score 0.8312
2015-07-20 11:50:30,507 [     INFO] - Final accuracy: 1.0000 with params {'n_estimators': 100, 'max_depth': 5}
