2015-07-17 15:42:53,066 [     INFO] - Added data from contig chr2
2015-07-17 15:42:53,067 [     INFO] - Added data from contig chr3
2015-07-17 15:42:53,067 [     INFO] - Added data from contig chr4
2015-07-17 15:42:53,067 [     INFO] - Using preloaded features.
2015-07-17 15:42:53,083 [     INFO] - Loaded samples: 99, features: 6
2015-07-17 15:42:53,124 [     INFO] - Non-zero samples: 77, features: 6
2015-07-17 15:42:53,124 [     INFO] - Loaded 99 truth labels
Fitting 5 folds for each of 16 candidates, totalling 80 fits
2015-07-17 15:42:53,792 [     INFO] - OUTER: 0.8824 test accuracy with params {'n_estimators': 50, 'max_depth': 5} on fold 0
2015-07-17 15:42:53,793 [     INFO] -  INNER: 0.7833 avg accuracy with params {'n_estimators': 10, 'max_depth': 2} and scores 0.6429,0.8462,0.8333,0.8182,0.8000
2015-07-17 15:42:53,795 [     INFO] -  INNER: 0.7833 avg accuracy with params {'n_estimators': 20, 'max_depth': 2} and scores 0.6429,0.7692,0.7500,0.9091,0.9000
2015-07-17 15:42:53,796 [     INFO] -  INNER: 0.7833 avg accuracy with params {'n_estimators': 50, 'max_depth': 2} and scores 0.6429,0.8462,0.7500,0.8182,0.9000
2015-07-17 15:42:53,798 [     INFO] -  INNER: 0.7833 avg accuracy with params {'n_estimators': 100, 'max_depth': 2} and scores 0.6429,0.7692,0.7500,0.9091,0.9000
2015-07-17 15:42:53,800 [     INFO] -  INNER: 0.8500 avg accuracy with params {'n_estimators': 10, 'max_depth': 5} and scores 0.7857,1.0000,0.7500,0.7273,1.0000
2015-07-17 15:42:53,801 [     INFO] -  INNER: 0.8667 avg accuracy with params {'n_estimators': 20, 'max_depth': 5} and scores 0.7857,1.0000,0.7500,0.8182,1.0000
2015-07-17 15:42:53,803 [     INFO] -  INNER: 0.8833 avg accuracy with params {'n_estimators': 50, 'max_depth': 5} and scores 0.7857,1.0000,0.7500,0.9091,1.0000
2015-07-17 15:42:53,804 [     INFO] -  INNER: 0.8500 avg accuracy with params {'n_estimators': 100, 'max_depth': 5} and scores 0.7857,0.9231,0.7500,0.8182,1.0000
2015-07-17 15:42:53,805 [     INFO] -  INNER: 0.8333 avg accuracy with params {'n_estimators': 10, 'max_depth': 10} and scores 0.7857,0.9231,0.7500,0.7273,1.0000
2015-07-17 15:42:53,807 [     INFO] -  INNER: 0.8667 avg accuracy with params {'n_estimators': 20, 'max_depth': 10} and scores 0.7857,0.9231,0.7500,0.9091,1.0000
2015-07-17 15:42:53,808 [     INFO] -  INNER: 0.8333 avg accuracy with params {'n_estimators': 50, 'max_depth': 10} and scores 0.7143,0.9231,0.7500,0.8182,1.0000
2015-07-17 15:42:53,810 [     INFO] -  INNER: 0.8500 avg accuracy with params {'n_estimators': 100, 'max_depth': 10} and scores 0.7857,0.9231,0.7500,0.8182,1.0000
2015-07-17 15:42:53,811 [     INFO] -  INNER: 0.8333 avg accuracy with params {'n_estimators': 10, 'max_depth': 20} and scores 0.7143,0.9231,0.7500,0.8182,1.0000
2015-07-17 15:42:53,813 [     INFO] -  INNER: 0.8500 avg accuracy with params {'n_estimators': 20, 'max_depth': 20} and scores 0.7143,1.0000,0.7500,0.8182,1.0000
2015-07-17 15:42:53,815 [     INFO] -  INNER: 0.8667 avg accuracy with params {'n_estimators': 50, 'max_depth': 20} and scores 0.7143,1.0000,0.7500,0.9091,1.0000
2015-07-17 15:42:53,816 [     INFO] -  INNER: 0.8667 avg accuracy with params {'n_estimators': 100, 'max_depth': 20} and scores 0.7857,1.0000,0.7500,0.8182,1.0000
Fitting 5 folds for each of 16 candidates, totalling 80 fits
2015-07-17 15:42:54,512 [     INFO] - OUTER: 1.0000 test accuracy with params {'n_estimators': 100, 'max_depth': 20} on fold 1
2015-07-17 15:42:54,513 [     INFO] -  INNER: 0.7377 avg accuracy with params {'n_estimators': 10, 'max_depth': 2} and scores 0.7143,0.6154,0.8333,0.7273,0.8182
2015-07-17 15:42:54,514 [     INFO] -  INNER: 0.8197 avg accuracy with params {'n_estimators': 20, 'max_depth': 2} and scores 0.9286,0.6154,1.0000,0.8182,0.7273
2015-07-17 15:42:54,516 [     INFO] -  INNER: 0.7869 avg accuracy with params {'n_estimators': 50, 'max_depth': 2} and scores 0.9286,0.5385,0.9167,0.8182,0.7273
2015-07-17 15:42:54,517 [     INFO] -  INNER: 0.8033 avg accuracy with params {'n_estimators': 100, 'max_depth': 2} and scores 0.8571,0.5385,1.0000,0.9091,0.7273
2015-07-17 15:42:54,518 [     INFO] -  INNER: 0.8197 avg accuracy with params {'n_estimators': 10, 'max_depth': 5} and scores 0.9286,0.6154,0.9167,0.9091,0.7273
2015-07-17 15:42:54,520 [     INFO] -  INNER: 0.8361 avg accuracy with params {'n_estimators': 20, 'max_depth': 5} and scores 0.9286,0.7692,0.8333,0.8182,0.8182
2015-07-17 15:42:54,521 [     INFO] -  INNER: 0.8361 avg accuracy with params {'n_estimators': 50, 'max_depth': 5} and scores 0.9286,0.7692,0.8333,0.8182,0.8182
2015-07-17 15:42:54,523 [     INFO] -  INNER: 0.8689 avg accuracy with params {'n_estimators': 100, 'max_depth': 5} and scores 0.9286,0.7692,0.9167,0.9091,0.8182
2015-07-17 15:42:54,524 [     INFO] -  INNER: 0.7541 avg accuracy with params {'n_estimators': 10, 'max_depth': 10} and scores 0.7857,0.6923,0.7500,0.7273,0.8182
2015-07-17 15:42:54,526 [     INFO] -  INNER: 0.7869 avg accuracy with params {'n_estimators': 20, 'max_depth': 10} and scores 0.8571,0.6923,0.7500,0.8182,0.8182
2015-07-17 15:42:54,527 [     INFO] -  INNER: 0.8689 avg accuracy with params {'n_estimators': 50, 'max_depth': 10} and scores 0.9286,0.7692,0.8333,1.0000,0.8182
2015-07-17 15:42:54,529 [     INFO] -  INNER: 0.8197 avg accuracy with params {'n_estimators': 100, 'max_depth': 10} and scores 0.9286,0.6923,0.8333,0.8182,0.8182
2015-07-17 15:42:54,530 [     INFO] -  INNER: 0.8525 avg accuracy with params {'n_estimators': 10, 'max_depth': 20} and scores 0.9286,0.7692,0.8333,1.0000,0.7273
2015-07-17 15:42:54,531 [     INFO] -  INNER: 0.8033 avg accuracy with params {'n_estimators': 20, 'max_depth': 20} and scores 0.9286,0.6923,0.8333,0.8182,0.7273
2015-07-17 15:42:54,533 [     INFO] -  INNER: 0.8361 avg accuracy with params {'n_estimators': 50, 'max_depth': 20} and scores 0.9286,0.7692,0.9167,0.8182,0.7273
2015-07-17 15:42:54,535 [     INFO] -  INNER: 0.8852 avg accuracy with params {'n_estimators': 100, 'max_depth': 20} and scores 0.9286,0.7692,0.9167,1.0000,0.8182
Fitting 5 folds for each of 16 candidates, totalling 80 fits
2015-07-17 15:42:55,213 [     INFO] - OUTER: 0.6667 test accuracy with params {'n_estimators': 50, 'max_depth': 10} on fold 2
2015-07-17 15:42:55,213 [     INFO] -  INNER: 0.7742 avg accuracy with params {'n_estimators': 10, 'max_depth': 2} and scores 0.7857,0.7692,0.6923,0.8182,0.8182
2015-07-17 15:42:55,215 [     INFO] -  INNER: 0.8387 avg accuracy with params {'n_estimators': 20, 'max_depth': 2} and scores 0.7857,0.8462,0.7692,0.9091,0.9091
2015-07-17 15:42:55,216 [     INFO] -  INNER: 0.8710 avg accuracy with params {'n_estimators': 50, 'max_depth': 2} and scores 0.9286,0.8462,0.7692,0.9091,0.9091
2015-07-17 15:42:55,218 [     INFO] -  INNER: 0.8548 avg accuracy with params {'n_estimators': 100, 'max_depth': 2} and scores 0.9286,0.7692,0.8462,0.9091,0.8182
2015-07-17 15:42:55,219 [     INFO] -  INNER: 0.8548 avg accuracy with params {'n_estimators': 10, 'max_depth': 5} and scores 0.9286,0.8462,0.8462,0.7273,0.9091
2015-07-17 15:42:55,221 [     INFO] -  INNER: 0.8871 avg accuracy with params {'n_estimators': 20, 'max_depth': 5} and scores 0.9286,0.8462,0.9231,0.8182,0.9091
2015-07-17 15:42:55,222 [     INFO] -  INNER: 0.9194 avg accuracy with params {'n_estimators': 50, 'max_depth': 5} and scores 0.9286,0.9231,1.0000,0.8182,0.9091
2015-07-17 15:42:55,224 [     INFO] -  INNER: 0.9194 avg accuracy with params {'n_estimators': 100, 'max_depth': 5} and scores 0.9286,0.8462,1.0000,0.9091,0.9091
2015-07-17 15:42:55,225 [     INFO] -  INNER: 0.8871 avg accuracy with params {'n_estimators': 10, 'max_depth': 10} and scores 1.0000,0.8462,0.9231,0.7273,0.9091
2015-07-17 15:42:55,227 [     INFO] -  INNER: 0.8710 avg accuracy with params {'n_estimators': 20, 'max_depth': 10} and scores 0.9286,0.8462,0.9231,0.7273,0.9091
2015-07-17 15:42:55,228 [     INFO] -  INNER: 0.9355 avg accuracy with params {'n_estimators': 50, 'max_depth': 10} and scores 0.9286,0.9231,1.0000,0.9091,0.9091
2015-07-17 15:42:55,230 [     INFO] -  INNER: 0.9032 avg accuracy with params {'n_estimators': 100, 'max_depth': 10} and scores 0.9286,0.8462,1.0000,0.8182,0.9091
2015-07-17 15:42:55,231 [     INFO] -  INNER: 0.9032 avg accuracy with params {'n_estimators': 10, 'max_depth': 20} and scores 0.9286,0.7692,1.0000,0.9091,0.9091
2015-07-17 15:42:55,232 [     INFO] -  INNER: 0.8871 avg accuracy with params {'n_estimators': 20, 'max_depth': 20} and scores 0.9286,0.8462,0.9231,0.8182,0.9091
2015-07-17 15:42:55,234 [     INFO] -  INNER: 0.9194 avg accuracy with params {'n_estimators': 50, 'max_depth': 20} and scores 0.9286,0.8462,1.0000,0.9091,0.9091
2015-07-17 15:42:55,235 [     INFO] -  INNER: 0.9194 avg accuracy with params {'n_estimators': 100, 'max_depth': 20} and scores 0.9286,0.9231,1.0000,0.8182,0.9091
Fitting 5 folds for each of 16 candidates, totalling 80 fits
2015-07-17 15:42:55,933 [     INFO] - OUTER: 0.9333 test accuracy with params {'n_estimators': 100, 'max_depth': 10} on fold 3
2015-07-17 15:42:55,934 [     INFO] -  INNER: 0.7258 avg accuracy with params {'n_estimators': 10, 'max_depth': 2} and scores 0.7857,0.6154,0.6923,0.7273,0.8182
2015-07-17 15:42:55,935 [     INFO] -  INNER: 0.7419 avg accuracy with params {'n_estimators': 20, 'max_depth': 2} and scores 0.7857,0.6923,0.6923,0.7273,0.8182
2015-07-17 15:42:55,937 [     INFO] -  INNER: 0.7581 avg accuracy with params {'n_estimators': 50, 'max_depth': 2} and scores 0.8571,0.6154,0.8462,0.7273,0.7273
2015-07-17 15:42:55,938 [     INFO] -  INNER: 0.7742 avg accuracy with params {'n_estimators': 100, 'max_depth': 2} and scores 0.8571,0.6154,0.8462,0.7273,0.8182
2015-07-17 15:42:55,940 [     INFO] -  INNER: 0.8065 avg accuracy with params {'n_estimators': 10, 'max_depth': 5} and scores 0.8571,0.6923,0.8462,0.7273,0.9091
2015-07-17 15:42:55,941 [     INFO] -  INNER: 0.8065 avg accuracy with params {'n_estimators': 20, 'max_depth': 5} and scores 0.8571,0.6923,0.6923,0.9091,0.9091
2015-07-17 15:42:55,942 [     INFO] -  INNER: 0.7742 avg accuracy with params {'n_estimators': 50, 'max_depth': 5} and scores 0.7857,0.6923,0.6923,0.8182,0.9091
2015-07-17 15:42:55,944 [     INFO] -  INNER: 0.7903 avg accuracy with params {'n_estimators': 100, 'max_depth': 5} and scores 0.7857,0.7692,0.6923,0.8182,0.9091
2015-07-17 15:42:55,945 [     INFO] -  INNER: 0.8065 avg accuracy with params {'n_estimators': 10, 'max_depth': 10} and scores 0.9286,0.8462,0.6154,0.7273,0.9091
2015-07-17 15:42:55,948 [     INFO] -  INNER: 0.8226 avg accuracy with params {'n_estimators': 20, 'max_depth': 10} and scores 0.8571,0.7692,0.7692,0.8182,0.9091
2015-07-17 15:42:55,949 [     INFO] -  INNER: 0.8226 avg accuracy with params {'n_estimators': 50, 'max_depth': 10} and scores 0.9286,0.7692,0.6923,0.8182,0.9091
2015-07-17 15:42:55,951 [     INFO] -  INNER: 0.8387 avg accuracy with params {'n_estimators': 100, 'max_depth': 10} and scores 0.9286,0.8462,0.6923,0.8182,0.9091
2015-07-17 15:42:55,952 [     INFO] -  INNER: 0.8065 avg accuracy with params {'n_estimators': 10, 'max_depth': 20} and scores 0.8571,0.6923,0.7692,0.8182,0.9091
2015-07-17 15:42:55,954 [     INFO] -  INNER: 0.8387 avg accuracy with params {'n_estimators': 20, 'max_depth': 20} and scores 0.8571,0.7692,0.8462,0.8182,0.9091
2015-07-17 15:42:55,955 [     INFO] -  INNER: 0.8065 avg accuracy with params {'n_estimators': 50, 'max_depth': 20} and scores 0.9286,0.6923,0.6923,0.8182,0.9091
2015-07-17 15:42:55,957 [     INFO] -  INNER: 0.8387 avg accuracy with params {'n_estimators': 100, 'max_depth': 20} and scores 0.9286,0.8462,0.6923,0.8182,0.9091
Fitting 5 folds for each of 16 candidates, totalling 80 fits
2015-07-17 15:42:56,614 [     INFO] - OUTER: 0.8571 test accuracy with params {'n_estimators': 20, 'max_depth': 5} on fold 4
2015-07-17 15:42:56,615 [     INFO] -  INNER: 0.8095 avg accuracy with params {'n_estimators': 10, 'max_depth': 2} and scores 0.7143,0.9286,0.6154,1.0000,0.8182
2015-07-17 15:42:56,617 [     INFO] -  INNER: 0.8413 avg accuracy with params {'n_estimators': 20, 'max_depth': 2} and scores 0.7857,0.9286,0.7692,0.9091,0.8182
2015-07-17 15:42:56,618 [     INFO] -  INNER: 0.8413 avg accuracy with params {'n_estimators': 50, 'max_depth': 2} and scores 0.7857,0.8571,0.8462,0.8182,0.9091
2015-07-17 15:42:56,620 [     INFO] -  INNER: 0.8254 avg accuracy with params {'n_estimators': 100, 'max_depth': 2} and scores 0.7143,0.8571,0.8462,0.8182,0.9091
2015-07-17 15:42:56,621 [     INFO] -  INNER: 0.8889 avg accuracy with params {'n_estimators': 10, 'max_depth': 5} and scores 0.7857,1.0000,0.8462,0.9091,0.9091
2015-07-17 15:42:56,623 [     INFO] -  INNER: 0.9365 avg accuracy with params {'n_estimators': 20, 'max_depth': 5} and scores 0.8571,1.0000,0.9231,1.0000,0.9091
2015-07-17 15:42:56,624 [     INFO] -  INNER: 0.8889 avg accuracy with params {'n_estimators': 50, 'max_depth': 5} and scores 0.7857,1.0000,0.9231,0.8182,0.9091
2015-07-17 15:42:56,625 [     INFO] -  INNER: 0.9048 avg accuracy with params {'n_estimators': 100, 'max_depth': 5} and scores 0.8571,1.0000,0.9231,0.8182,0.9091
2015-07-17 15:42:56,627 [     INFO] -  INNER: 0.9048 avg accuracy with params {'n_estimators': 10, 'max_depth': 10} and scores 0.8571,1.0000,0.9231,0.8182,0.9091
2015-07-17 15:42:56,629 [     INFO] -  INNER: 0.9206 avg accuracy with params {'n_estimators': 20, 'max_depth': 10} and scores 0.8571,1.0000,1.0000,0.8182,0.9091
2015-07-17 15:42:56,630 [     INFO] -  INNER: 0.9048 avg accuracy with params {'n_estimators': 50, 'max_depth': 10} and scores 0.8571,1.0000,0.9231,0.8182,0.9091
2015-07-17 15:42:56,632 [     INFO] -  INNER: 0.9048 avg accuracy with params {'n_estimators': 100, 'max_depth': 10} and scores 0.8571,1.0000,0.9231,0.8182,0.9091
2015-07-17 15:42:56,633 [     INFO] -  INNER: 0.9048 avg accuracy with params {'n_estimators': 10, 'max_depth': 20} and scores 0.8571,1.0000,0.9231,0.9091,0.8182
2015-07-17 15:42:56,635 [     INFO] -  INNER: 0.8889 avg accuracy with params {'n_estimators': 20, 'max_depth': 20} and scores 0.8571,1.0000,0.8462,0.9091,0.8182
2015-07-17 15:42:56,636 [     INFO] -  INNER: 0.9048 avg accuracy with params {'n_estimators': 50, 'max_depth': 20} and scores 0.8571,1.0000,0.9231,0.8182,0.9091
2015-07-17 15:42:56,638 [     INFO] -  INNER: 0.9048 avg accuracy with params {'n_estimators': 100, 'max_depth': 20} and scores 0.8571,1.0000,0.9231,0.8182,0.9091
2015-07-17 15:42:56,671 [  WARNING] - Model test accuracies deviate more than 10.0%, Deviation 0.3333
2015-07-17 15:42:56,672 [  WARNING] - Model had unstable parameters
max_depth  n_estimators
5          20              1
           50              1
10         50              1
           100             1
20         100             1
dtype: int64
2015-07-17 15:42:56,673 [     INFO] - Final Params {'n_estimators': 20, 'max_depth': 5}
2015-07-17 15:42:56,683 [     INFO] - RFModel: OOB_Score 0.8442
2015-07-17 15:42:56,684 [     INFO] - Final accuracy: 0.9610 with params {'n_estimators': 20, 'max_depth': 5}
