2015-08-10 11:26:55,287 [     INFO] - Added data from contig chr1
2015-08-10 11:27:09,625 [     INFO] - Added data from contig chr10
2015-08-10 11:27:23,687 [     INFO] - Added data from contig chr11
2015-08-10 11:27:35,583 [     INFO] - Added data from contig chr12
2015-08-10 11:27:45,426 [     INFO] - Added data from contig chr13
2015-08-10 11:27:58,252 [     INFO] - Added data from contig chr14
2015-08-10 11:28:04,098 [     INFO] - Added data from contig chr15
2015-08-10 11:28:10,715 [     INFO] - Added data from contig chr16
2015-08-10 11:28:17,193 [     INFO] - Added data from contig chr17
2015-08-10 11:28:25,991 [     INFO] - Added data from contig chr18
2015-08-10 11:28:33,389 [     INFO] - Added data from contig chr19
2015-08-10 11:28:54,172 [     INFO] - Added data from contig chr2
2015-08-10 11:28:58,938 [     INFO] - Added data from contig chr20
2015-08-10 11:29:01,263 [     INFO] - Added data from contig chr21
2015-08-10 11:29:05,975 [     INFO] - Added data from contig chr22
2015-08-10 11:29:27,068 [     INFO] - Added data from contig chr3
2015-08-10 11:29:41,702 [     INFO] - Added data from contig chr4
2015-08-10 11:29:59,198 [     INFO] - Added data from contig chr5
2015-08-10 11:30:22,168 [     INFO] - Added data from contig chr6
2015-08-10 11:30:38,037 [     INFO] - Added data from contig chr7
2015-08-10 11:30:50,675 [     INFO] - Added data from contig chr8
2015-08-10 11:31:05,329 [     INFO] - Added data from contig chr9
2015-08-10 11:31:15,443 [     INFO] - Added data from contig chrX
2015-08-10 11:47:03,267 [     INFO] - Added data from contig chr2
2015-08-10 11:59:18,894 [     INFO] - Added data from contig chr3
2015-08-10 12:11:30,479 [     INFO] - Added data from contig chr4
2015-08-10 12:27:09,482 [     INFO] - Added data from contig chr2
2015-08-10 12:39:02,185 [     INFO] - Added data from contig chr3
2015-08-10 12:50:36,232 [     INFO] - Added data from contig chr4
2015-08-10 13:06:11,839 [     INFO] - Added data from contig chr2
2015-08-10 13:18:11,831 [     INFO] - Added data from contig chr3
2015-08-10 13:29:14,756 [     INFO] - Added data from contig chr4
2015-08-10 13:44:38,479 [     INFO] - Added data from contig chr2
2015-08-10 13:58:09,337 [     INFO] - Added data from contig chr3
2015-08-10 14:10:45,351 [     INFO] - Added data from contig chr4
2015-08-10 14:26:18,497 [     INFO] - Added data from contig chr2
2015-08-10 14:34:33,043 [     INFO] - Added data from contig chr3
2015-08-10 14:36:20,896 [     INFO] - Added data from contig chr4
2015-08-10 14:51:54,811 [     INFO] - Added data from contig chr2
2015-08-10 15:00:17,476 [     INFO] - Added data from contig chr3
2015-08-10 15:02:10,090 [     INFO] - Added data from contig chr4
2015-08-10 15:17:41,353 [     INFO] - Added data from contig chr2
2015-08-10 15:29:24,591 [     INFO] - Added data from contig chr3
2015-08-10 15:40:49,591 [     INFO] - Added data from contig chr4
2015-08-10 15:40:50,607 [     INFO] - Loaded samples: 1527, features: 32
2015-08-10 15:40:51,050 [     INFO] - Non-zero samples: 1200, features: 32
2015-08-10 15:40:51,053 [     INFO] - Loaded 1527 truth labels
2015-08-10 15:40:51,054 [    DEBUG] - ['pB' 'pA' 'pB' ..., 'pB' 'pB' 'pA']
2015-08-10 15:40:51,054 [    DEBUG] - [1, 0, 1, 2, 2, 0, 2, 2, 1, 0, 1, 0, None, 2, 1, 1, 1, 0, 1, 2, 1, 0, 2, 0, 2, 0, 1, 1, 0, 0, 1, 2, 2, 2, 1, 0, 2, 0, 0, 0, 0, 0, 1, None, None, 1, 2, 0, 0, None, 1, 1, None, 0, 0, 1, 1, 1, 2, 1, 0, 0, 0, 1, 1, 1, 2, 2, 1, 1, 1, 0, 1, 0, 1, 1, 0, 1, 1, 0, 0, 0, None, None, 2, 0, 0, 0, None, 0, 0, 1, 2, 1, 2, 1, 0, 1, 0, 1, 1, 0, 2, 1, 1, 1, 1, None, None, 1, 1, 0, 0, 0, 0, 1, 2, 0, 0, 0, None, 1, 1, 2, 1, 0, 0, 0, 1, 1, 0, 1, 0, 1, 0, 1, 0, 1, 1, None, 1, 1, 1, None, 1, 1, 1, 0, 1, 1, 1, 1, 2, 1, 1, 0, 1, 0, 1, 1, 0, 2, 0, 1, 0, 2, 1, None, 0, 0, 0, 0, 0, 0, 1, 0, 0, 2, 0, 0, 2, 0, 1, 0, 0, 0, 0, 0, 1, 1, 1, 1, 0, 1, 2, 0, 2, 1, 1, 1, 1, 1, 0, 1, 1, 2, 1, 1, 1, 1, 0, None, 0, 1, 0, 0, 0, 0, 1, 2, 1, 2, 0, None, 0, 1, 2, 1, 0, 0, 1, 0, 0, 0, 2, 0, 0, 2, 1, 0, 2, 1, 1, 2, 1, 0, 0, 1, 0, 1, 0, 0, 0, 0, 1, 0, 1, 1, 0, 0, 1, 0, 0, 2, 1, 0, 1, 0, 0, 0, 1, 0, 0, 0, 1, 1, 0, 1, 0, 1, 1, 1, 0, 1, 1, 0, 1, 0, 0, 0, 2, 1, 1, 0, 1, 0, 1, 1, 2, 0, 0, 0, 1, 1, 0, 1, 1, 0, 0, 1, 1, 1, 0, None, 0, 0, 1, 1, 0, 0, 1, 0, 0, 3, 0, 0, 2, 2, 3, 0, 3, 1, 1, 1, 1, 1, 0, 1, 3, 3, 0, 2, 3, 0, 3, 1, 1, 3, 1, 3, 0, 2, 3, 0, 2, 3, 3, 3, 0, 1, 0, 1, 3, 3, 1, 0, 1, 0, 0, 0, 3, 0, 1, 1, 0, 3, 1, 3, 3, 2, 1, 0, 3, 2, 1, 3, 1, 1, 3, 0, 0, 3, 2, 0, 0, 1, 2, 3, 3, 3, 1, 1, 1, 3, 1, 3, 3, 0, 0, 0, 1, 1, 2, 3, 1, 3, 3, 3, 1, 3, 0, 3, 2, 0, 2, 2, 1, 0, 1, 0, 0, 2, 0, 1, 1, 3, 0, 3, 2, 0, 2, 1, 1, 3, 2, 0, 1, 0, 1, 0, 0, 0, 1, 1, 0, 0, 2, 3, 1, 3, 2, 1, 0, 2, 2, 0, 1, 1, 3, 3, 3, 3, 3, 0, 0, 1, 3, 1, 1, 3, 2, 3, 1, 0, 3, 3, 0, 0, 1, 0, 0, 3, 1, 1, 2, 0, 1, 2, 3, 2, 3, 1, 3, 0, 2, 0, 3, 1, 0, 3, 3, 0, 2, 1, 3, 1, 0, 1, 2, 2, 3, 1, 0, 1, 2, 1, 2, 2, 3, 0, 1, 2, 2, 0, 3, 0, 3, 0, 3, 0, 0, 1, 0, 1, 0, 1, 2, 3, 2, 0, 3, 1, 2, 1, 1, 2, 1, 3, 3, 2, 3, 1, 1, 0, 3, 0, 3, 1, 2, 1, 3, 3, 0, 3, 0, 1, 1, 3, 3, 1, 3, 1, 0, 2, 2, 1, 0, 1, 2, 1, 3, 2, 2, 1, 0, 1, 0, 0, 3, 3, 3, 0, 3, 0, 0, 2, 0, 3, 0, 1, 1, 0, 1, 1, 0, 3, 3, 2, 0, 3, 3, 1, 1, 0, 1, 3, 0, 2, 2, 1, 0, 2, 3, 3, 2, 3, 0, 1, 0, 3, 1, 1, 1, 1, 1, 0, 3, 0, 3, 0, 3, 3, 3, 3, 2, 0, 3, 3, 0, 3, 0, 1, 2, 2, 3, 1, 0, 1, 3, 0, 1, 1, 0, 1, 2, 3, 3, 0, 0, 1, 1, 0, 3, 0, 1, 0, 0, 1, 1, 3, 0, 1, 3, 3, 2, 0, 2, 1, 0, 2, 0, 2, 1, 1, 1, 0, 3, 0, 3, 3, 3, 2, 2, 0, 2, 3, 3, 3, 1, 0, 2, 2, 0, 1, 3, 3, 1, 1, 0, 2, 1, 3, 3, 0, 1, 1, 0, 1, 0, 0, 1, 1, 2, 2, 2, 0, 3, 2, 0, 3, 1, 1, 2, 2, 3, 3, 0, 2, 0, 1, 3, 0, 2, 0, 2, 3, 3, 0, 2, 2, 1, 2, 3, 0, 0, 0, 1, 2, 3, 0, 2, 0, 2, 3, 1, 1, 1, 3, 0, 1, 0, 0, 3, 2, 3, 1, 0, 3, 3, 1, 1, 0, 0, 1, 3, 1, 3, 1, 1, 2, 3, 0, 0, 3, 0, 3, 2, 2, 3, 0, 3, 0, 0, 0, 3, 0, 2, 0, 2, 1, 0, 2, 2, 1, 1, 1, 0, 1, 3, 1, 3, 2, 1, 1, 3, 3, 3, 3, 1, 2, 3, 0, 1, 2, 3, 1, 1, 2, 3, 0, 0, 2, 2, 3, 3, 3, 1, 1, 1, 3, 1, 0, 1, 3, 3, 3, 2, 3, 0, 3, 1, 0, 1, 2, 2, 3, 0, 1, 0, 3, 1, 0, 1, 1, 1, 1, 3, 3, 1, 2, 3, 2, 1, 3, 0, 3, 3, 0, 0, 1, 3, 0, 2, 2, 1, 0, 2, 1, 3, 3, 3, 1, 0, 0, 2, 0, 0, 2, 0, 3, 1, 0, 3, 2, 0, 3, 1, 1, 3, 0, 0, 1, 3, 0, 2, 0, 1, 1, 3, 2, 0, 3, 2, 1, 2, 0, 1, 0, 3, 1, 2, 0, 0, 1, 1, 2, 3, 1, 0, 3, 1, 3, 3, 1, 3, 0, 2, 1, 3, 0, 1, 2, 3, 0, 2, 3, 0, 3, 3, 1, 0, 1, 1, 3, 0, 1, 0, 1, 0, 2, 2, 3, 1, 3, 2, 1, 1, 0, 1, 3, 3, 1, 3, 1, 0, 0, 3, 3, 1, 0, 2, 3, 2, 1, 3, 1, 1, 0, 2, 3, 1, 0, 0, 0, 0, 1, 2, 3, 1, 1, 0, 2, 2, 3, 3, 0, 3, 0, 0, 1, 3, 0, 3, 2, 1, 0, 3, 2, 1, 3, 3, 3, 0, 1, 1, 2, 3, 2, 2, 3, 0, 2, 3, 3, 2, 0, 1, 3, 3, 3, 1, 2, 1, 0, 3, 3, 1, 1, 1, 2, 1, 0, 3, 0, 1, 0, 0, 0, 1, 1, 0, 3, 2, 1, 3, 0, 3, 0, 3, 2, 0, 1, 3, 0, 0, 3, 1, 3, 0, 3, 3, 0, 3, 0, 1, 2, 3, 1, 3, 2, 2, 0, 1, 2, 1, 2, 1, 1, 3, 0, 2, 3, 3, 2, 0, 0, 3, 1, 3, 1, 0, 0, 1, 0, 0, 2, 3, 3, 3, 0, 2, 1, 3, 0, 1, 0, 3, 1, 2, 0, 3, 0, 1, 1, 1, 3, 0, 3, 1, 2, 0, 2, 0, 1, 0, 1, 3, 3, 3, 2, 2, 0, 2, 1, 0, 0, 1, 1, 1, 0]
