2015-07-22 14:48:46,274 [     INFO] - Added data from contig chr2
2015-07-22 14:48:46,274 [     INFO] - Added data from contig chr3
2015-07-22 14:48:46,275 [     INFO] - Added data from contig chr4
2015-07-22 14:48:46,278 [     INFO] - Added data from contig chr2
2015-07-22 14:48:46,279 [     INFO] - Added data from contig chr3
2015-07-22 14:48:46,279 [     INFO] - Added data from contig chr4
2015-07-22 14:48:46,282 [     INFO] - Added data from contig chr2
2015-07-22 14:48:46,283 [     INFO] - Added data from contig chr3
2015-07-22 14:48:46,283 [     INFO] - Added data from contig chr4
2015-07-22 14:48:46,287 [     INFO] - Added data from contig chr2
2015-07-22 14:48:46,287 [     INFO] - Added data from contig chr3
2015-07-22 14:48:46,288 [     INFO] - Added data from contig chr4
2015-07-22 14:48:46,291 [     INFO] - Added data from contig chr2
2015-07-22 14:48:46,292 [     INFO] - Added data from contig chr3
2015-07-22 14:48:46,292 [     INFO] - Added data from contig chr4
2015-07-22 14:48:46,295 [     INFO] - Added data from contig chr2
2015-07-22 14:48:46,296 [     INFO] - Added data from contig chr3
2015-07-22 14:48:46,296 [     INFO] - Added data from contig chr4
2015-07-22 14:48:46,300 [     INFO] - Added data from contig chr2
2015-07-22 14:48:46,300 [     INFO] - Added data from contig chr3
2015-07-22 14:48:46,301 [     INFO] - Added data from contig chr4
2015-07-22 14:48:46,304 [     INFO] - Added data from contig chr2
2015-07-22 14:48:46,305 [     INFO] - Added data from contig chr3
2015-07-22 14:48:46,305 [     INFO] - Added data from contig chr4
2015-07-22 14:48:46,305 [     INFO] - Using preloaded features.
2015-07-22 14:48:46,324 [     INFO] - Loaded samples: 1149, features: 12
2015-07-22 14:48:46,362 [     INFO] - Non-zero samples: 640, features: 12
2015-07-22 14:48:46,371 [     INFO] - Loaded 1149 truth labels
Fitting 5 folds for each of 3 candidates, totalling 15 fits
2015-07-22 14:48:46,665 [     INFO] - OUTER: 0.9535 test accuracy with params {'C': 100} on fold 0
2015-07-22 14:48:46,666 [     INFO] -  INNER: 0.8728 avg accuracy with params {'C': 1} and scores 0.8462,0.9118,0.8824,0.8627,0.8614
2015-07-22 14:48:46,668 [     INFO] -  INNER: 0.9139 avg accuracy with params {'C': 10} and scores 0.9038,0.9314,0.9118,0.9412,0.8812
2015-07-22 14:48:46,671 [     INFO] -  INNER: 0.9452 avg accuracy with params {'C': 100} and scores 0.9423,0.9412,0.9902,0.9608,0.8911
Fitting 5 folds for each of 3 candidates, totalling 15 fits
2015-07-22 14:48:46,973 [     INFO] - OUTER: 0.9612 test accuracy with params {'C': 100} on fold 1
2015-07-22 14:48:46,974 [     INFO] -  INNER: 0.8767 avg accuracy with params {'C': 1} and scores 0.9135,0.8431,0.8529,0.9314,0.8416
2015-07-22 14:48:46,977 [     INFO] -  INNER: 0.9295 avg accuracy with params {'C': 10} and scores 0.9519,0.9020,0.9216,0.9706,0.9010
2015-07-22 14:48:46,979 [     INFO] -  INNER: 0.9472 avg accuracy with params {'C': 100} and scores 0.9423,0.9412,0.9608,0.9706,0.9208
Fitting 5 folds for each of 3 candidates, totalling 15 fits
2015-07-22 14:48:47,267 [     INFO] - OUTER: 0.9225 test accuracy with params {'C': 100} on fold 2
2015-07-22 14:48:47,268 [     INFO] -  INNER: 0.8845 avg accuracy with params {'C': 1} and scores 0.8942,0.8824,0.9020,0.8529,0.8911
2015-07-22 14:48:47,270 [     INFO] -  INNER: 0.9393 avg accuracy with params {'C': 10} and scores 0.9327,0.9608,0.9314,0.9118,0.9604
2015-07-22 14:48:47,272 [     INFO] -  INNER: 0.9413 avg accuracy with params {'C': 100} and scores 0.9423,0.9412,0.9608,0.9216,0.9406
Fitting 5 folds for each of 3 candidates, totalling 15 fits
2015-07-22 14:48:47,559 [     INFO] - OUTER: 0.9134 test accuracy with params {'C': 100} on fold 3
2015-07-22 14:48:47,560 [     INFO] -  INNER: 0.8694 avg accuracy with params {'C': 1} and scores 0.8846,0.8462,0.8922,0.8431,0.8812
2015-07-22 14:48:47,563 [     INFO] -  INNER: 0.9318 avg accuracy with params {'C': 10} and scores 0.9423,0.9327,0.9314,0.9216,0.9307
2015-07-22 14:48:47,565 [     INFO] -  INNER: 0.9532 avg accuracy with params {'C': 100} and scores 0.9712,0.9423,0.9706,0.9412,0.9406
Fitting 5 folds for each of 3 candidates, totalling 15 fits
2015-07-22 14:48:47,883 [     INFO] - OUTER: 0.9524 test accuracy with params {'C': 100} on fold 4
2015-07-22 14:48:47,885 [     INFO] -  INNER: 0.8599 avg accuracy with params {'C': 1} and scores 0.9231,0.8269,0.8137,0.9020,0.8333
2015-07-22 14:48:47,888 [     INFO] -  INNER: 0.9377 avg accuracy with params {'C': 10} and scores 0.9423,0.9327,0.9314,0.9608,0.9216
2015-07-22 14:48:47,892 [     INFO] -  INNER: 0.9514 avg accuracy with params {'C': 100} and scores 0.9423,0.9615,0.9412,0.9510,0.9608
2015-07-22 14:48:47,912 [     INFO] - Final Params {'C': 100}
2015-07-22 14:48:48,021 [     INFO] - Final accuracy: 0.9625 with params {'C': 100}
