2015-08-11 09:27:40,205 [     INFO] - Added data from contig chr2
2015-08-11 09:27:40,205 [     INFO] - Added data from contig chr3
2015-08-11 09:27:40,205 [     INFO] - Added data from contig chr4
2015-08-11 09:27:40,208 [     INFO] - Added data from contig chr2
2015-08-11 09:27:40,209 [     INFO] - Added data from contig chr3
2015-08-11 09:27:40,209 [     INFO] - Added data from contig chr4
2015-08-11 09:27:40,212 [     INFO] - Added data from contig chr2
2015-08-11 09:27:40,212 [     INFO] - Added data from contig chr3
2015-08-11 09:27:40,213 [     INFO] - Added data from contig chr4
2015-08-11 09:27:40,216 [     INFO] - Added data from contig chr2
2015-08-11 09:27:40,216 [     INFO] - Added data from contig chr3
2015-08-11 09:27:40,217 [     INFO] - Added data from contig chr4
2015-08-11 09:27:40,220 [     INFO] - Added data from contig chr2
2015-08-11 09:27:40,220 [     INFO] - Added data from contig chr3
2015-08-11 09:27:40,221 [     INFO] - Added data from contig chr4
2015-08-11 09:27:40,223 [     INFO] - Added data from contig chr2
2015-08-11 09:27:40,224 [     INFO] - Added data from contig chr3
2015-08-11 09:27:40,224 [     INFO] - Added data from contig chr4
2015-08-11 09:27:40,228 [     INFO] - Added data from contig chr2
2015-08-11 09:27:40,229 [     INFO] - Added data from contig chr3
2015-08-11 09:27:40,229 [     INFO] - Added data from contig chr4
2015-08-11 09:27:40,232 [     INFO] - Added data from contig chr2
2015-08-11 09:27:40,233 [     INFO] - Added data from contig chr3
2015-08-11 09:27:40,233 [     INFO] - Added data from contig chr4
2015-08-11 09:27:40,233 [     INFO] - Using preloaded features.
2015-08-11 09:27:40,254 [     INFO] - Loaded samples: 1135, features: 32
2015-08-11 09:27:40,290 [     INFO] - Non-zero samples: 941, features: 32
2015-08-11 09:27:40,299 [     INFO] - Loaded 1135 truth labels
2015-08-11 09:27:40,300 [    DEBUG] - ['pB' 'pA' 'pB' 'pB' 'pB' 'pB' 'hom' 'pB' 'pB' 'pA' 'pB' 'pA' 'pB' 'pB'
 'pA' 'hom' 'pA' 'pB' 'pA' 'hom' 'hom' 'pA' 'pB' 'pA' 'pA' 'pA' 'pA' 'pA'
 'pB' 'pB' 'pB' 'pB' 'pA' 'pB' 'hom' 'pA' 'hom' 'pB' 'pB' 'pB' 'pB' 'pB'
 'pA' 'pB' 'pB' 'hom' 'pB' 'pB' 'pB' 'pB' 'pA' 'pA' 'pB' 'pA' 'pA' 'pA'
 'pA' 'pB' 'hom' 'pB' 'hom' 'pA' 'pA' 'pA' 'inc' 'pA' 'pA' 'hom' 'hom'
 'inc' 'pA' 'inc' 'pB' 'pB' 'pB' 'pB' 'pB' 'pA' 'pB' 'inc' 'inc' 'pA' 'hom'
 'inc' 'pA' 'inc' 'pB' 'pB' 'inc' 'pB' 'inc' 'pA' 'hom' 'inc' 'pA' 'hom'
 'inc' 'inc' 'inc' 'pA' 'pB' 'pA' 'pB' 'inc' 'inc' 'pB' 'pA' 'pB' 'pA' 'pA'
 'pA' 'inc' 'pA' 'pB' 'pB' 'pA' 'inc' 'pB' 'inc' 'inc' 'hom' 'pB' 'pA'
 'inc' 'hom' 'pB' 'inc' 'pB' 'pB' 'inc' 'pA' 'pA' 'inc' 'hom' 'pA' 'pA'
 'pB' 'hom' 'inc' 'inc' 'inc' 'pB' 'pB' 'pB' 'inc' 'pB' 'inc' 'inc' 'pA'
 'pA' 'pA' 'pB' 'pB' 'hom' 'inc' 'pB' 'inc' 'inc' 'inc' 'pB' 'inc' 'pA'
 'inc' 'hom' 'pA' 'hom' 'hom' 'pB' 'pA' 'pB' 'pA' 'pA' 'hom' 'pA' 'pB' 'pB'
 'inc' 'pA' 'inc' 'hom' 'pA' 'hom' 'pB' 'pB' 'inc' 'hom' 'pA' 'pB' 'pA'
 'pB' 'pA' 'pA' 'pA' 'pB' 'pB' 'pA' 'pA' 'hom' 'inc' 'pB' 'inc' 'hom' 'pB'
 'pA' 'hom' 'hom' 'pA' 'pB' 'pB' 'inc' 'inc' 'inc' 'inc' 'inc' 'pA' 'pA'
 'pB' 'inc' 'pB' 'pB' 'inc' 'hom' 'inc' 'pB' 'pA' 'inc' 'inc' 'pA' 'pA'
 'pB' 'pA' 'pA' 'inc' 'pB' 'pB' 'hom' 'pA' 'pB' 'hom' 'inc' 'hom' 'inc'
 'pB' 'inc' 'pA' 'hom' 'pA' 'inc' 'pB' 'pA' 'inc' 'inc' 'pA' 'hom' 'pB'
 'inc' 'pB' 'pA' 'pB' 'hom' 'hom' 'inc' 'pB' 'pA' 'pB' 'hom' 'pB' 'hom'
 'hom' 'inc' 'pA' 'pB' 'hom' 'hom' 'pA' 'inc' 'pA' 'inc' 'pA' 'inc' 'pA'
 'pA' 'pB' 'pA' 'pB' 'pA' 'pB' 'hom' 'inc' 'hom' 'pA' 'inc' 'pB' 'hom' 'pB'
 'pB' 'hom' 'pB' 'inc' 'inc' 'hom' 'inc' 'pB' 'pB' 'pA' 'inc' 'pA' 'inc'
 'pB' 'hom' 'pB' 'inc' 'inc' 'pA' 'inc' 'pA' 'pB' 'pB' 'inc' 'inc' 'pB'
 'inc' 'pB' 'pA' 'hom' 'hom' 'pB' 'pA' 'pB' 'hom' 'pB' 'inc' 'hom' 'hom'
 'pB' 'pA' 'pB' 'pA' 'pA' 'inc' 'inc' 'inc' 'pA' 'inc' 'pA' 'pA' 'hom' 'pA'
 'inc' 'pA' 'pB' 'pB' 'pA' 'pB' 'pB' 'pA' 'inc' 'inc' 'hom' 'pA' 'inc'
 'inc' 'pB' 'pB' 'pA' 'pB' 'inc' 'pA' 'hom' 'hom' 'pB' 'pA' 'hom' 'inc'
 'inc' 'hom' 'inc' 'pA' 'pB' 'pA' 'inc' 'pB' 'pB' 'pB' 'pB' 'pB' 'pA' 'inc'
 'pA' 'inc' 'pA' 'inc' 'inc' 'inc' 'inc' 'hom' 'pA' 'inc' 'inc' 'pA' 'inc'
 'pA' 'pB' 'hom' 'hom' 'inc' 'pB' 'pA' 'pB' 'inc' 'pA' 'pB' 'pB' 'pA' 'pB'
 'hom' 'inc' 'inc' 'pA' 'pA' 'pB' 'pB' 'pA' 'inc' 'pA' 'pB' 'pA' 'pA' 'pB'
 'pB' 'inc' 'pA' 'pB' 'inc' 'inc' 'hom' 'pA' 'hom' 'pB' 'pA' 'hom' 'pA'
 'hom' 'pB' 'pB' 'pB' 'pA' 'inc' 'pA' 'inc' 'inc' 'inc' 'hom' 'hom' 'pA'
 'hom' 'inc' 'inc' 'inc' 'pB' 'pA' 'hom' 'hom' 'pA' 'pB' 'inc' 'inc' 'pB'
 'pB' 'pA' 'hom' 'pB' 'inc' 'inc' 'pA' 'pB' 'pB' 'pA' 'pB' 'pA' 'pA' 'pB'
 'pB' 'hom' 'hom' 'hom' 'pA' 'inc' 'hom' 'pA' 'inc' 'pB' 'pB' 'hom' 'hom'
 'inc' 'inc' 'pA' 'hom' 'pA' 'pB' 'inc' 'pA' 'hom' 'pA' 'hom' 'inc' 'inc'
 'pA' 'hom' 'hom' 'pB' 'hom' 'inc' 'pA' 'pA' 'pA' 'pB' 'hom' 'inc' 'pA'
 'hom' 'pA' 'hom' 'inc' 'pB' 'pB' 'pB' 'inc' 'pA' 'pB' 'pA' 'pA' 'inc'
 'hom' 'inc' 'pB' 'pA' 'inc' 'inc' 'pB' 'pB' 'pA' 'pA' 'pB' 'inc' 'pB'
 'inc' 'pB' 'pB' 'hom' 'inc' 'pA' 'pA' 'inc' 'pA' 'inc' 'hom' 'hom' 'inc'
 'pA' 'inc' 'pA' 'pA' 'pA' 'inc' 'pA' 'hom' 'pA' 'hom' 'pB' 'pA' 'hom'
 'hom' 'pB' 'pB' 'pB' 'pA' 'pB' 'inc' 'pB' 'inc' 'hom' 'pB' 'pB' 'inc'
 'inc' 'inc' 'inc' 'pB' 'hom' 'inc' 'pA' 'pB' 'hom' 'inc' 'pB' 'pB' 'hom'
 'inc' 'pA' 'pA' 'hom' 'hom' 'inc' 'inc' 'inc' 'pB' 'pB' 'pB' 'inc' 'pB'
 'pA' 'pB' 'inc' 'inc' 'inc' 'hom' 'inc' 'pA' 'inc' 'pB' 'pA' 'pB' 'hom'
 'hom' 'inc' 'pA' 'pB' 'pA' 'inc' 'pB' 'pA' 'pB' 'pB' 'pB' 'pB' 'inc' 'inc'
 'pB' 'hom' 'inc' 'hom' 'pB' 'inc' 'pA' 'inc' 'inc' 'pA' 'pA' 'pB' 'inc'
 'pA' 'hom' 'hom' 'pB' 'pA' 'hom' 'pB' 'inc' 'inc' 'inc' 'pB' 'pA' 'pA'
 'hom' 'pA' 'pA' 'hom' 'pA' 'inc' 'pB' 'pA' 'inc' 'hom' 'pA' 'inc' 'pB'
 'pB' 'inc' 'pA' 'pA' 'pB' 'inc' 'pA' 'hom' 'pA' 'pB' 'pB' 'inc' 'hom' 'pA'
 'inc' 'hom' 'pB' 'hom' 'pA' 'pB' 'pA' 'inc' 'pB' 'hom' 'pA' 'pA' 'pB' 'pB'
 'hom' 'inc' 'pB' 'pA' 'inc' 'pB' 'inc' 'inc' 'pB' 'inc' 'pA' 'hom' 'pB'
 'inc' 'pA' 'pB' 'hom' 'inc' 'pA' 'hom' 'inc' 'pA' 'inc' 'inc' 'pB' 'pA'
 'pB' 'pB' 'inc' 'pA' 'pB' 'pA' 'pB' 'pA' 'hom' 'hom' 'inc' 'pB' 'inc'
 'hom' 'pB' 'pB' 'pA' 'pB' 'inc' 'inc' 'pB' 'inc' 'pB' 'pA' 'pA' 'inc'
 'inc' 'pB' 'pA' 'hom' 'inc' 'hom' 'pB' 'inc' 'pB' 'pB' 'pA' 'hom' 'inc'
 'pB' 'pA' 'pA' 'pA' 'pA' 'pB' 'hom' 'inc' 'pB' 'pB' 'pA' 'hom' 'hom' 'inc'
 'inc' 'pA' 'inc' 'pA' 'pA' 'pB' 'inc' 'pA' 'inc' 'hom' 'pB' 'pA' 'inc'
 'hom' 'pB' 'inc' 'inc' 'inc' 'pA' 'pB' 'pB' 'hom' 'inc' 'hom' 'hom' 'inc'
 'pA' 'hom' 'inc' 'inc' 'hom' 'pA' 'pB' 'inc' 'inc' 'inc' 'pB' 'hom' 'pB'
 'pA' 'inc' 'inc' 'pB' 'pB' 'pB' 'hom' 'pB' 'pA' 'inc' 'pA' 'pB' 'pA' 'pA'
 'pA' 'pB' 'pB' 'pA' 'inc' 'hom' 'pB' 'inc' 'pA' 'inc' 'pA' 'inc' 'hom'
 'pA' 'pB' 'inc' 'pA' 'pA' 'inc' 'pB' 'inc' 'pA' 'inc' 'inc' 'pA' 'inc'
 'pA' 'pB' 'hom' 'inc' 'pB' 'inc' 'hom' 'hom' 'pA' 'pB' 'hom' 'pB' 'hom'
 'pB' 'pB' 'inc' 'pA' 'hom' 'inc' 'inc' 'hom' 'pA' 'pA' 'inc' 'pB' 'inc'
 'pB' 'pA' 'pA' 'pB' 'pA' 'pA' 'hom' 'inc' 'inc' 'inc' 'pA' 'hom' 'pB'
 'inc' 'pA' 'pB' 'pA' 'inc' 'pB' 'hom' 'pA' 'inc' 'pA' 'pB' 'pB' 'pB' 'inc'
 'pA' 'inc' 'pB' 'hom' 'pA' 'hom' 'pA' 'pB' 'pA' 'pB' 'inc' 'inc' 'inc'
 'hom' 'hom' 'pA' 'hom' 'pB' 'pA' 'pA' 'pB' 'pB' 'pB' 'pA']
2015-08-11 09:27:40,301 [    DEBUG] - [1, 0, 1, 1, 1, 1, 2, 1, 1, 0, 1, 0, 1, 1, 0, 2, 0, 1, 0, 2, 2, 0, 1, 0, 0, 0, 0, 0, 1, 1, 1, 1, 0, 1, 2, 0, 2, 1, 1, 1, 1, 1, 0, 1, 1, 2, 1, 1, 1, 1, 0, 0, 1, 0, 0, 0, 0, 1, 2, 1, 2, 0, 0, 0, 3, 0, 0, 2, 2, 3, 0, 3, 1, 1, 1, 1, 1, 0, 1, 3, 3, 0, 2, 3, 0, 3, 1, 1, 3, 1, 3, 0, 2, 3, 0, 2, 3, 3, 3, 0, 1, 0, 1, 3, 3, 1, 0, 1, 0, 0, 0, 3, 0, 1, 1, 0, 3, 1, 3, 3, 2, 1, 0, 3, 2, 1, 3, 1, 1, 3, 0, 0, 3, 2, 0, 0, 1, 2, 3, 3, 3, 1, 1, 1, 3, 1, 3, 3, 0, 0, 0, 1, 1, 2, 3, 1, 3, 3, 3, 1, 3, 0, 3, 2, 0, 2, 2, 1, 0, 1, 0, 0, 2, 0, 1, 1, 3, 0, 3, 2, 0, 2, 1, 1, 3, 2, 0, 1, 0, 1, 0, 0, 0, 1, 1, 0, 0, 2, 3, 1, 3, 2, 1, 0, 2, 2, 0, 1, 1, 3, 3, 3, 3, 3, 0, 0, 1, 3, 1, 1, 3, 2, 3, 1, 0, 3, 3, 0, 0, 1, 0, 0, 3, 1, 1, 2, 0, 1, 2, 3, 2, 3, 1, 3, 0, 2, 0, 3, 1, 0, 3, 3, 0, 2, 1, 3, 1, 0, 1, 2, 2, 3, 1, 0, 1, 2, 1, 2, 2, 3, 0, 1, 2, 2, 0, 3, 0, 3, 0, 3, 0, 0, 1, 0, 1, 0, 1, 2, 3, 2, 0, 3, 1, 2, 1, 1, 2, 1, 3, 3, 2, 3, 1, 1, 0, 3, 0, 3, 1, 2, 1, 3, 3, 0, 3, 0, 1, 1, 3, 3, 1, 3, 1, 0, 2, 2, 1, 0, 1, 2, 1, 3, 2, 2, 1, 0, 1, 0, 0, 3, 3, 3, 0, 3, 0, 0, 2, 0, 3, 0, 1, 1, 0, 1, 1, 0, 3, 3, 2, 0, 3, 3, 1, 1, 0, 1, 3, 0, 2, 2, 1, 0, 2, 3, 3, 2, 3, 0, 1, 0, 3, 1, 1, 1, 1, 1, 0, 3, 0, 3, 0, 3, 3, 3, 3, 2, 0, 3, 3, 0, 3, 0, 1, 2, 2, 3, 1, 0, 1, 3, 0, 1, 1, 0, 1, 2, 3, 3, 0, 0, 1, 1, 0, 3, 0, 1, 0, 0, 1, 1, 3, 0, 1, 3, 3, 2, 0, 2, 1, 0, 2, 0, 2, 1, 1, 1, 0, 3, 0, 3, 3, 3, 2, 2, 0, 2, 3, 3, 3, 1, 0, 2, 2, 0, 1, 3, 3, 1, 1, 0, 2, 1, 3, 3, 0, 1, 1, 0, 1, 0, 0, 1, 1, 2, 2, 2, 0, 3, 2, 0, 3, 1, 1, 2, 2, 3, 3, 0, 2, 0, 1, 3, 0, 2, 0, 2, 3, 3, 0, 2, 2, 1, 2, 3, 0, 0, 0, 1, 2, 3, 0, 2, 0, 2, 3, 1, 1, 1, 3, 0, 1, 0, 0, 3, 2, 3, 1, 0, 3, 3, 1, 1, 0, 0, 1, 3, 1, 3, 1, 1, 2, 3, 0, 0, 3, 0, 3, 2, 2, 3, 0, 3, 0, 0, 0, 3, 0, 2, 0, 2, 1, 0, 2, 2, 1, 1, 1, 0, 1, 3, 1, 3, 2, 1, 1, 3, 3, 3, 3, 1, 2, 3, 0, 1, 2, 3, 1, 1, 2, 3, 0, 0, 2, 2, 3, 3, 3, 1, 1, 1, 3, 1, 0, 1, 3, 3, 3, 2, 3, 0, 3, 1, 0, 1, 2, 2, 3, 0, 1, 0, 3, 1, 0, 1, 1, 1, 1, 3, 3, 1, 2, 3, 2, 1, 3, 0, 3, 3, 0, 0, 1, 3, 0, 2, 2, 1, 0, 2, 1, 3, 3, 3, 1, 0, 0, 2, 0, 0, 2, 0, 3, 1, 0, 3, 2, 0, 3, 1, 1, 3, 0, 0, 1, 3, 0, 2, 0, 1, 1, 3, 2, 0, 3, 2, 1, 2, 0, 1, 0, 3, 1, 2, 0, 0, 1, 1, 2, 3, 1, 0, 3, 1, 3, 3, 1, 3, 0, 2, 1, 3, 0, 1, 2, 3, 0, 2, 3, 0, 3, 3, 1, 0, 1, 1, 3, 0, 1, 0, 1, 0, 2, 2, 3, 1, 3, 2, 1, 1, 0, 1, 3, 3, 1, 3, 1, 0, 0, 3, 3, 1, 0, 2, 3, 2, 1, 3, 1, 1, 0, 2, 3, 1, 0, 0, 0, 0, 1, 2, 3, 1, 1, 0, 2, 2, 3, 3, 0, 3, 0, 0, 1, 3, 0, 3, 2, 1, 0, 3, 2, 1, 3, 3, 3, 0, 1, 1, 2, 3, 2, 2, 3, 0, 2, 3, 3, 2, 0, 1, 3, 3, 3, 1, 2, 1, 0, 3, 3, 1, 1, 1, 2, 1, 0, 3, 0, 1, 0, 0, 0, 1, 1, 0, 3, 2, 1, 3, 0, 3, 0, 3, 2, 0, 1, 3, 0, 0, 3, 1, 3, 0, 3, 3, 0, 3, 0, 1, 2, 3, 1, 3, 2, 2, 0, 1, 2, 1, 2, 1, 1, 3, 0, 2, 3, 3, 2, 0, 0, 3, 1, 3, 1, 0, 0, 1, 0, 0, 2, 3, 3, 3, 0, 2, 1, 3, 0, 1, 0, 3, 1, 2, 0, 3, 0, 1, 1, 1, 3, 0, 3, 1, 2, 0, 2, 0, 1, 0, 1, 3, 3, 3, 2, 2, 0, 2, 1, 0, 0, 1, 1, 1, 0]
2015-08-11 09:27:40,301 [    DEBUG] - [1 0 1 1 1 1 2 1 1 0 1 0 1 1 0 2 0 1 0 2 2 0 1 0 0 0 0 0 1 1 1 1 0 1 2 0 2
 1 1 1 1 1 0 1 1 2 1 1 1 1 0 0 1 0 0 0 0 1 2 1 2 0 0 0 3 0 0 2 2 3 0 3 1 1
 1 1 1 0 1 3 3 0 2 3 0 3 1 1 3 1 3 0 2 3 0 2 3 3 3 0 1 0 1 3 3 1 0 1 0 0 0
 3 0 1 1 0 3 1 3 3 2 1 0 3 2 1 3 1 1 3 0 0 3 2 0 0 1 2 3 3 3 1 1 1 3 1 3 3
 0 0 0 1 1 2 3 1 3 3 3 1 3 0 3 2 0 2 2 1 0 1 0 0 2 0 1 1 3 0 3 2 0 2 1 1 3
 2 0 1 0 1 0 0 0 1 1 0 0 2 3 1 3 2 1 0 2 2 0 1 1 3 3 3 3 3 0 0 1 3 1 1 3 2
 3 1 0 3 3 0 0 1 0 0 3 1 1 2 0 1 2 3 2 3 1 3 0 2 0 3 1 0 3 3 0 2 1 3 1 0 1
 2 2 3 1 0 1 2 1 2 2 3 0 1 2 2 0 3 0 3 0 3 0 0 1 0 1 0 1 2 3 2 0 3 1 2 1 1
 2 1 3 3 2 3 1 1 0 3 0 3 1 2 1 3 3 0 3 0 1 1 3 3 1 3 1 0 2 2 1 0 1 2 1 3 2
 2 1 0 1 0 0 3 3 3 0 3 0 0 2 0 3 0 1 1 0 1 1 0 3 3 2 0 3 3 1 1 0 1 3 0 2 2
 1 0 2 3 3 2 3 0 1 0 3 1 1 1 1 1 0 3 0 3 0 3 3 3 3 2 0 3 3 0 3 0 1 2 2 3 1
 0 1 3 0 1 1 0 1 2 3 3 0 0 1 1 0 3 0 1 0 0 1 1 3 0 1 3 3 2 0 2 1 0 2 0 2 1
 1 1 0 3 0 3 3 3 2 2 0 2 3 3 3 1 0 2 2 0 1 3 3 1 1 0 2 1 3 3 0 1 1 0 1 0 0
 1 1 2 2 2 0 3 2 0 3 1 1 2 2 3 3 0 2 0 1 3 0 2 0 2 3 3 0 2 2 1 2 3 0 0 0 1
 2 3 0 2 0 2 3 1 1 1 3 0 1 0 0 3 2 3 1 0 3 3 1 1 0 0 1 3 1 3 1 1 2 3 0 0 3
 0 3 2 2 3 0 3 0 0 0 3 0 2 0 2 1 0 2 2 1 1 1 0 1 3 1 3 2 1 1 3 3 3 3 1 2 3
 0 1 2 3 1 1 2 3 0 0 2 2 3 3 3 1 1 1 3 1 0 1 3 3 3 2 3 0 3 1 0 1 2 2 3 0 1
 0 3 1 0 1 1 1 1 3 3 1 2 3 2 1 3 0 3 3 0 0 1 3 0 2 2 1 0 2 1 3 3 3 1 0 0 2
 0 0 2 0 3 1 0 3 2 0 3 1 1 3 0 0 1 3 0 2 0 1 1 3 2 0 3 2 1 2 0 1 0 3 1 2 0
 0 1 1 2 3 1 0 3 1 3 3 1 3 0 2 1 3 0 1 2 3 0 2 3 0 3 3 1 0 1 1 3 0 1 0 1 0
 2 2 3 1 3 2 1 1 0 1 3 3 1 3 1 0 0 3 3 1 0 2 3 2 1 3 1 1 0 2 3 1 0 0 0 0 1
 2 3 1 1 0 2 2 3 3 0 3 0 0 1 3 0 3 2 1 0 3 2 1 3 3 3 0 1 1 2 3 2 2 3 0 2 3
 3 2 0 1 3 3 3 1 2 1 0 3 3 1 1 1 2 1 0 3 0 1 0 0 0 1 1 0 3 2 1 3 0 3 0 3 2
 0 1 3 0 0 3 1 3 0 3 3 0 3 0 1 2 3 1 3 2 2 0 1 2 1 2 1 1 3 0 2 3 3 2 0 0 3
 1 3 1 0 0 1 0 0 2 3 3 3 0 2 1 3 0 1 0 3 1 2 0 3 0 1 1 1 3 0 3 1 2 0 2 0 1
 0 1 3 3 3 2 2 0 2 1 0 0 1 1 1 0]
2015-08-11 09:27:40,306 [    DEBUG] - Data shape (941, 32), label shape (941,)
2015-08-11 09:27:40,306 [    DEBUG] - Train shape (751,), test shape (190,)
2015-08-11 09:27:40,306 [    DEBUG] - Train Data shape (751, 32), Train Label shape (751,)
Fitting 5 folds for each of 4 candidates, totalling 20 fits
2015-08-11 09:27:40,855 [     INFO] - OUTER: 0.8895 test accuracy with params {'C': 100} on fold 0
2015-08-11 09:27:40,856 [     INFO] -  INNER: 0.7337 avg accuracy with params {'C': 0.1} and scores 0.7368,0.7748,0.6689,0.7383,0.7500
2015-08-11 09:27:40,859 [     INFO] -  INNER: 0.8123 avg accuracy with params {'C': 1} and scores 0.8618,0.8344,0.7748,0.7919,0.7973
2015-08-11 09:27:40,861 [     INFO] -  INNER: 0.8708 avg accuracy with params {'C': 10} and scores 0.8882,0.8808,0.8477,0.8725,0.8649
2015-08-11 09:27:40,863 [     INFO] -  INNER: 0.9361 avg accuracy with params {'C': 100} and scores 0.9342,0.9536,0.9073,0.9463,0.9392
2015-08-11 09:27:40,866 [    DEBUG] - Train shape (752,), test shape (189,)
2015-08-11 09:27:40,866 [    DEBUG] - Train Data shape (752, 32), Train Label shape (752,)
Fitting 5 folds for each of 4 candidates, totalling 20 fits
2015-08-11 09:27:41,406 [     INFO] - OUTER: 0.9153 test accuracy with params {'C': 100} on fold 1
2015-08-11 09:27:41,407 [     INFO] -  INNER: 0.7473 avg accuracy with params {'C': 0.1} and scores 0.7566,0.7550,0.7881,0.7133,0.7230
2015-08-11 09:27:41,409 [     INFO] -  INNER: 0.7926 avg accuracy with params {'C': 1} and scores 0.8158,0.8146,0.7947,0.7600,0.7770
2015-08-11 09:27:41,412 [     INFO] -  INNER: 0.8657 avg accuracy with params {'C': 10} and scores 0.8618,0.8675,0.8609,0.8400,0.8986
2015-08-11 09:27:41,414 [     INFO] -  INNER: 0.9229 avg accuracy with params {'C': 100} and scores 0.9342,0.9205,0.9205,0.9000,0.9392
2015-08-11 09:27:41,417 [    DEBUG] - Train shape (752,), test shape (189,)
2015-08-11 09:27:41,417 [    DEBUG] - Train Data shape (752, 32), Train Label shape (752,)
Fitting 5 folds for each of 4 candidates, totalling 20 fits
2015-08-11 09:27:41,965 [     INFO] - OUTER: 0.9524 test accuracy with params {'C': 100} on fold 2
2015-08-11 09:27:41,966 [     INFO] -  INNER: 0.7566 avg accuracy with params {'C': 0.1} and scores 0.6776,0.7947,0.7815,0.7733,0.7568
2015-08-11 09:27:41,969 [     INFO] -  INNER: 0.8005 avg accuracy with params {'C': 1} and scores 0.7171,0.8212,0.8477,0.8267,0.7905
2015-08-11 09:27:41,971 [     INFO] -  INNER: 0.8630 avg accuracy with params {'C': 10} and scores 0.8289,0.8742,0.8874,0.8733,0.8514
2015-08-11 09:27:41,974 [     INFO] -  INNER: 0.9162 avg accuracy with params {'C': 100} and scores 0.8618,0.9272,0.9205,0.9267,0.9459
2015-08-11 09:27:41,976 [    DEBUG] - Train shape (754,), test shape (187,)
2015-08-11 09:27:41,976 [    DEBUG] - Train Data shape (754, 32), Train Label shape (754,)
Fitting 5 folds for each of 4 candidates, totalling 20 fits
2015-08-11 09:27:42,523 [     INFO] - OUTER: 0.9305 test accuracy with params {'C': 100} on fold 3
2015-08-11 09:27:42,524 [     INFO] -  INNER: 0.7573 avg accuracy with params {'C': 0.1} and scores 0.7763,0.7171,0.7815,0.7550,0.7568
2015-08-11 09:27:42,527 [     INFO] -  INNER: 0.8156 avg accuracy with params {'C': 1} and scores 0.8092,0.8092,0.8013,0.8411,0.8176
2015-08-11 09:27:42,530 [     INFO] -  INNER: 0.8926 avg accuracy with params {'C': 10} and scores 0.8882,0.8947,0.8808,0.8940,0.9054
2015-08-11 09:27:42,533 [     INFO] -  INNER: 0.9284 avg accuracy with params {'C': 100} and scores 0.9211,0.9276,0.9404,0.9139,0.9392
2015-08-11 09:27:42,535 [    DEBUG] - Train shape (755,), test shape (186,)
2015-08-11 09:27:42,535 [    DEBUG] - Train Data shape (755, 32), Train Label shape (755,)
Fitting 5 folds for each of 4 candidates, totalling 20 fits
2015-08-11 09:27:43,091 [     INFO] - OUTER: 0.9355 test accuracy with params {'C': 100} on fold 4
2015-08-11 09:27:43,092 [     INFO] -  INNER: 0.7563 avg accuracy with params {'C': 0.1} and scores 0.7500,0.7829,0.7550,0.7417,0.7517
2015-08-11 09:27:43,094 [     INFO] -  INNER: 0.7947 avg accuracy with params {'C': 1} and scores 0.7895,0.8224,0.8146,0.7616,0.7852
2015-08-11 09:27:43,097 [     INFO] -  INNER: 0.8702 avg accuracy with params {'C': 10} and scores 0.8816,0.9342,0.8675,0.8278,0.8389
2015-08-11 09:27:43,099 [     INFO] -  INNER: 0.9285 avg accuracy with params {'C': 100} and scores 0.9474,0.9737,0.9139,0.9073,0.8993
2015-08-11 09:27:43,113 [     INFO] - Final Params {'C': 100}
2015-08-11 09:27:43,257 [     INFO] - Final accuracy: 0.9479 with params {'C': 100}
