2015-07-20 13:30:33,629 [     INFO] - Added data from contig chr2
2015-07-20 13:30:33,630 [     INFO] - Added data from contig chr3
2015-07-20 13:30:33,631 [     INFO] - Added data from contig chr4
2015-07-20 13:30:33,634 [     INFO] - Added data from contig chr2
2015-07-20 13:30:33,634 [     INFO] - Added data from contig chr3
2015-07-20 13:30:33,635 [     INFO] - Added data from contig chr4
2015-07-20 13:30:33,638 [     INFO] - Added data from contig chr2
2015-07-20 13:30:33,638 [     INFO] - Added data from contig chr3
2015-07-20 13:30:33,639 [     INFO] - Added data from contig chr4
2015-07-20 13:30:33,642 [     INFO] - Added data from contig chr2
2015-07-20 13:30:33,643 [     INFO] - Added data from contig chr3
2015-07-20 13:30:33,644 [     INFO] - Added data from contig chr4
2015-07-20 13:30:33,647 [     INFO] - Added data from contig chr2
2015-07-20 13:30:33,648 [     INFO] - Added data from contig chr3
2015-07-20 13:30:33,648 [     INFO] - Added data from contig chr4
2015-07-20 13:30:33,652 [     INFO] - Added data from contig chr2
2015-07-20 13:30:33,652 [     INFO] - Added data from contig chr3
2015-07-20 13:30:33,653 [     INFO] - Added data from contig chr4
2015-07-20 13:30:33,656 [     INFO] - Added data from contig chr2
2015-07-20 13:30:33,656 [     INFO] - Added data from contig chr3
2015-07-20 13:30:33,657 [     INFO] - Added data from contig chr4
2015-07-20 13:30:33,660 [     INFO] - Added data from contig chr2
2015-07-20 13:30:33,661 [     INFO] - Added data from contig chr3
2015-07-20 13:30:33,662 [     INFO] - Added data from contig chr4
2015-07-20 13:30:33,662 [     INFO] - Using preloaded features.
2015-07-20 13:30:33,664 [     INFO] - Loaded samples: 1149, features: 32
2015-07-20 13:30:33,701 [     INFO] - Non-zero samples: 956, features: 32
2015-07-20 13:30:33,701 [     INFO] - Loaded 1149 truth labels
Fitting 5 folds for each of 3 candidates, totalling 15 fits
2015-07-20 13:30:34,229 [     INFO] - OUTER: 0.9326 test accuracy with params {'C': 100} on fold 0
2015-07-20 13:30:34,230 [     INFO] -  INNER: 0.8047 avg accuracy with params {'C': 1} and scores 0.7532,0.8571,0.7712,0.8344,0.8079
2015-07-20 13:30:34,234 [     INFO] -  INNER: 0.8755 avg accuracy with params {'C': 10} and scores 0.8442,0.9091,0.8366,0.8808,0.9073
2015-07-20 13:30:34,238 [     INFO] -  INNER: 0.9318 avg accuracy with params {'C': 100} and scores 0.9091,0.9610,0.9150,0.9338,0.9404
Fitting 5 folds for each of 3 candidates, totalling 15 fits
2015-07-20 13:30:34,809 [     INFO] - OUTER: 0.9167 test accuracy with params {'C': 100} on fold 1
2015-07-20 13:30:34,810 [     INFO] -  INNER: 0.7997 avg accuracy with params {'C': 1} and scores 0.7922,0.8117,0.7908,0.8158,0.7881
2015-07-20 13:30:34,813 [     INFO] -  INNER: 0.8586 avg accuracy with params {'C': 10} and scores 0.8506,0.8701,0.8562,0.8882,0.8278
2015-07-20 13:30:34,816 [     INFO] -  INNER: 0.9136 avg accuracy with params {'C': 100} and scores 0.9026,0.9481,0.9150,0.9342,0.8675
Fitting 5 folds for each of 3 candidates, totalling 15 fits
2015-07-20 13:30:35,386 [     INFO] - OUTER: 0.9271 test accuracy with params {'C': 100} on fold 2
2015-07-20 13:30:35,387 [     INFO] -  INNER: 0.8181 avg accuracy with params {'C': 1} and scores 0.8182,0.8377,0.7386,0.8224,0.8742
2015-07-20 13:30:35,389 [     INFO] -  INNER: 0.8717 avg accuracy with params {'C': 10} and scores 0.8766,0.8701,0.8301,0.8684,0.9139
2015-07-20 13:30:35,392 [     INFO] -  INNER: 0.9215 avg accuracy with params {'C': 100} and scores 0.9221,0.9481,0.8954,0.9145,0.9272
Fitting 5 folds for each of 3 candidates, totalling 15 fits
2015-07-20 13:30:35,860 [     INFO] - OUTER: 0.9211 test accuracy with params {'C': 100} on fold 3
2015-07-20 13:30:35,861 [     INFO] -  INNER: 0.8068 avg accuracy with params {'C': 1} and scores 0.8194,0.8247,0.7778,0.8039,0.8079
2015-07-20 13:30:35,863 [     INFO] -  INNER: 0.8721 avg accuracy with params {'C': 10} and scores 0.8774,0.8896,0.8366,0.8693,0.8874
2015-07-20 13:30:35,866 [     INFO] -  INNER: 0.9230 avg accuracy with params {'C': 100} and scores 0.9097,0.9351,0.9020,0.9346,0.9338
Fitting 5 folds for each of 3 candidates, totalling 15 fits
2015-07-20 13:30:36,505 [     INFO] - OUTER: 0.9418 test accuracy with params {'C': 100} on fold 4
2015-07-20 13:30:36,506 [     INFO] -  INNER: 0.8096 avg accuracy with params {'C': 1} and scores 0.7677,0.7792,0.8247,0.8039,0.8742
2015-07-20 13:30:36,510 [     INFO] -  INNER: 0.8748 avg accuracy with params {'C': 10} and scores 0.8387,0.8636,0.8766,0.8693,0.9272
2015-07-20 13:30:36,514 [     INFO] -  INNER: 0.9140 avg accuracy with params {'C': 100} and scores 0.9097,0.9026,0.9221,0.9150,0.9205
2015-07-20 13:30:36,537 [     INFO] - Final Params {'C': 100}
2015-07-20 13:30:36,781 [     INFO] - Final accuracy: 0.9435 with params {'C': 100}
