2015-08-11 09:26:49,924 [     INFO] - Added data from contig chr1
2015-08-11 09:26:49,925 [     INFO] - Added data from contig chr10
2015-08-11 09:26:49,925 [     INFO] - Added data from contig chr2
2015-08-11 09:26:49,926 [     INFO] - Added data from contig chr3
2015-08-11 09:26:49,926 [     INFO] - Added data from contig chr4
2015-08-11 09:26:49,927 [     INFO] - Added data from contig chr5
2015-08-11 09:26:49,928 [     INFO] - Added data from contig chr6
2015-08-11 09:26:49,928 [     INFO] - Added data from contig chr7
2015-08-11 09:26:49,929 [     INFO] - Added data from contig chr8
2015-08-11 09:26:49,929 [     INFO] - Added data from contig chr9
2015-08-11 09:26:49,948 [     INFO] - Added data from contig chr2
2015-08-11 09:26:49,948 [     INFO] - Added data from contig chr3
2015-08-11 09:26:49,949 [     INFO] - Added data from contig chr4
2015-08-11 09:26:49,961 [     INFO] - Added data from contig chr2
2015-08-11 09:26:49,961 [     INFO] - Added data from contig chr3
2015-08-11 09:26:49,962 [     INFO] - Added data from contig chr4
2015-08-11 09:26:49,977 [     INFO] - Added data from contig chr2
2015-08-11 09:26:49,978 [     INFO] - Added data from contig chr3
2015-08-11 09:26:49,979 [     INFO] - Added data from contig chr4
2015-08-11 09:26:49,988 [     INFO] - Added data from contig chr2
2015-08-11 09:26:49,988 [     INFO] - Added data from contig chr3
2015-08-11 09:26:49,989 [     INFO] - Added data from contig chr4
2015-08-11 09:26:50,000 [     INFO] - Added data from contig chr2
2015-08-11 09:26:50,000 [     INFO] - Added data from contig chr3
2015-08-11 09:26:50,001 [     INFO] - Added data from contig chr4
2015-08-11 09:26:50,004 [     INFO] - Added data from contig chr2
2015-08-11 09:26:50,004 [     INFO] - Added data from contig chr3
2015-08-11 09:26:50,005 [     INFO] - Added data from contig chr4
2015-08-11 09:26:50,008 [     INFO] - Added data from contig chr2
2015-08-11 09:26:50,010 [     INFO] - Added data from contig chr3
2015-08-11 09:26:50,010 [     INFO] - Added data from contig chr4
2015-08-11 09:26:50,011 [     INFO] - Using preloaded features.
2015-08-11 09:26:50,012 [     INFO] - Loaded samples: 1329, features: 32
2015-08-11 09:26:50,046 [     INFO] - Non-zero samples: 1075, features: 32
2015-08-11 09:26:50,046 [     INFO] - Loaded 1329 truth labels
2015-08-11 09:26:50,047 [    DEBUG] - ['pB' 'pA' 'pB' ..., 'pB' 'pB' 'pA']
2015-08-11 09:26:50,047 [    DEBUG] - [1, 0, 1, 2, 2, 0, 2, 2, 1, 0, 1, 0, 2, 1, 1, 1, 0, 1, 2, 1, 0, 2, 0, 2, 0, 1, 1, 0, 0, 1, 2, 2, 2, 1, 0, 2, 0, 0, 0, 0, 0, 1, 1, 2, 0, 0, 1, 1, 0, 1, 1, 1, 1, 2, 1, 1, 0, 1, 0, 1, 1, 0, 2, 0, 1, 0, 2, 2, 0, 1, 0, 0, 0, 0, 0, 1, 1, 1, 1, 0, 1, 2, 0, 2, 1, 1, 1, 1, 1, 0, 1, 1, 2, 1, 1, 1, 1, 0, 0, 1, 0, 0, 0, 0, 1, 2, 1, 2, 0, 0, 1, 2, 1, 0, 0, 1, 0, 0, 0, 2, 0, 0, 2, 1, 0, 2, 1, 1, 2, 1, 0, 0, 1, 0, 1, 0, 0, 0, 0, 1, 0, 1, 1, 0, 0, 1, 0, 0, 2, 1, 0, 1, 0, 0, 0, 1, 0, 0, 0, 1, 1, 0, 1, 0, 1, 1, 1, 0, 1, 1, 0, 1, 0, 0, 0, 2, 1, 1, 0, 1, 0, 1, 1, 2, 0, 0, 0, 1, 1, 0, 1, 1, 0, 0, 1, 1, 0, 0, 3, 0, 0, 2, 2, 3, 0, 3, 1, 1, 1, 1, 1, 0, 1, 3, 3, 0, 2, 3, 0, 3, 1, 1, 3, 1, 3, 0, 2, 3, 0, 2, 3, 3, 3, 0, 1, 0, 1, 3, 3, 1, 0, 1, 0, 0, 0, 3, 0, 1, 1, 0, 3, 1, 3, 3, 2, 1, 0, 3, 2, 1, 3, 1, 1, 3, 0, 0, 3, 2, 0, 0, 1, 2, 3, 3, 3, 1, 1, 1, 3, 1, 3, 3, 0, 0, 0, 1, 1, 2, 3, 1, 3, 3, 3, 1, 3, 0, 3, 2, 0, 2, 2, 1, 0, 1, 0, 0, 2, 0, 1, 1, 3, 0, 3, 2, 0, 2, 1, 1, 3, 2, 0, 1, 0, 1, 0, 0, 0, 1, 1, 0, 0, 2, 3, 1, 3, 2, 1, 0, 2, 2, 0, 1, 1, 3, 3, 3, 3, 3, 0, 0, 1, 3, 1, 1, 3, 2, 3, 1, 0, 3, 3, 0, 0, 1, 0, 0, 3, 1, 1, 2, 0, 1, 2, 3, 2, 3, 1, 3, 0, 2, 0, 3, 1, 0, 3, 3, 0, 2, 1, 3, 1, 0, 1, 2, 2, 3, 1, 0, 1, 2, 1, 2, 2, 3, 0, 1, 2, 2, 0, 3, 0, 3, 0, 3, 0, 0, 1, 0, 1, 0, 1, 2, 3, 2, 0, 3, 1, 2, 1, 1, 2, 1, 3, 3, 2, 3, 1, 1, 0, 3, 0, 3, 1, 2, 1, 3, 3, 0, 3, 0, 1, 1, 3, 3, 1, 3, 1, 0, 2, 2, 1, 0, 1, 2, 1, 3, 2, 2, 1, 0, 1, 0, 0, 3, 3, 3, 0, 3, 0, 0, 2, 0, 3, 0, 1, 1, 0, 1, 1, 0, 3, 3, 2, 0, 3, 3, 1, 1, 0, 1, 3, 0, 2, 2, 1, 0, 2, 3, 3, 2, 3, 0, 1, 0, 3, 1, 1, 1, 1, 1, 0, 3, 0, 3, 0, 3, 3, 3, 3, 2, 0, 3, 3, 0, 3, 0, 1, 2, 2, 3, 1, 0, 1, 3, 0, 1, 1, 0, 1, 2, 3, 3, 0, 0, 1, 1, 0, 3, 0, 1, 0, 0, 1, 1, 3, 0, 1, 3, 3, 2, 0, 2, 1, 0, 2, 0, 2, 1, 1, 1, 0, 3, 0, 3, 3, 3, 2, 2, 0, 2, 3, 3, 3, 1, 0, 2, 2, 0, 1, 3, 3, 1, 1, 0, 2, 1, 3, 3, 0, 1, 1, 0, 1, 0, 0, 1, 1, 2, 2, 2, 0, 3, 2, 0, 3, 1, 1, 2, 2, 3, 3, 0, 2, 0, 1, 3, 0, 2, 0, 2, 3, 3, 0, 2, 2, 1, 2, 3, 0, 0, 0, 1, 2, 3, 0, 2, 0, 2, 3, 1, 1, 1, 3, 0, 1, 0, 0, 3, 2, 3, 1, 0, 3, 3, 1, 1, 0, 0, 1, 3, 1, 3, 1, 1, 2, 3, 0, 0, 3, 0, 3, 2, 2, 3, 0, 3, 0, 0, 0, 3, 0, 2, 0, 2, 1, 0, 2, 2, 1, 1, 1, 0, 1, 3, 1, 3, 2, 1, 1, 3, 3, 3, 3, 1, 2, 3, 0, 1, 2, 3, 1, 1, 2, 3, 0, 0, 2, 2, 3, 3, 3, 1, 1, 1, 3, 1, 0, 1, 3, 3, 3, 2, 3, 0, 3, 1, 0, 1, 2, 2, 3, 0, 1, 0, 3, 1, 0, 1, 1, 1, 1, 3, 3, 1, 2, 3, 2, 1, 3, 0, 3, 3, 0, 0, 1, 3, 0, 2, 2, 1, 0, 2, 1, 3, 3, 3, 1, 0, 0, 2, 0, 0, 2, 0, 3, 1, 0, 3, 2, 0, 3, 1, 1, 3, 0, 0, 1, 3, 0, 2, 0, 1, 1, 3, 2, 0, 3, 2, 1, 2, 0, 1, 0, 3, 1, 2, 0, 0, 1, 1, 2, 3, 1, 0, 3, 1, 3, 3, 1, 3, 0, 2, 1, 3, 0, 1, 2, 3, 0, 2, 3, 0, 3, 3, 1, 0, 1, 1, 3, 0, 1, 0, 1, 0, 2, 2, 3, 1, 3, 2, 1, 1, 0, 1, 3, 3, 1, 3, 1, 0, 0, 3, 3, 1, 0, 2, 3, 2, 1, 3, 1, 1, 0, 2, 3, 1, 0, 0, 0, 0, 1, 2, 3, 1, 1, 0, 2, 2, 3, 3, 0, 3, 0, 0, 1, 3, 0, 3, 2, 1, 0, 3, 2, 1, 3, 3, 3, 0, 1, 1, 2, 3, 2, 2, 3, 0, 2, 3, 3, 2, 0, 1, 3, 3, 3, 1, 2, 1, 0, 3, 3, 1, 1, 1, 2, 1, 0, 3, 0, 1, 0, 0, 0, 1, 1, 0, 3, 2, 1, 3, 0, 3, 0, 3, 2, 0, 1, 3, 0, 0, 3, 1, 3, 0, 3, 3, 0, 3, 0, 1, 2, 3, 1, 3, 2, 2, 0, 1, 2, 1, 2, 1, 1, 3, 0, 2, 3, 3, 2, 0, 0, 3, 1, 3, 1, 0, 0, 1, 0, 0, 2, 3, 3, 3, 0, 2, 1, 3, 0, 1, 0, 3, 1, 2, 0, 3, 0, 1, 1, 1, 3, 0, 3, 1, 2, 0, 2, 0, 1, 0, 1, 3, 3, 3, 2, 2, 0, 2, 1, 0, 0, 1, 1, 1, 0]
2015-08-11 09:26:50,047 [    DEBUG] - [1 0 1 ..., 1 1 0]
2015-08-11 09:26:50,049 [    DEBUG] - Data shape (1075, 32), label shape (1075,)
2015-08-11 09:26:50,049 [    DEBUG] - Train shape (859,), test shape (216,)
2015-08-11 09:26:50,049 [    DEBUG] - Train Data shape (859, 32), Train Label shape (859,)
Fitting 5 folds for each of 4 candidates, totalling 20 fits
2015-08-11 09:26:50,905 [     INFO] - OUTER: 0.9306 test accuracy with params {'C': 100} on fold 0
2015-08-11 09:26:50,905 [     INFO] -  INNER: 0.7357 avg accuracy with params {'C': 0.1} and scores 0.7283,0.6474,0.7558,0.7719,0.7765
2015-08-11 09:26:50,908 [     INFO] -  INNER: 0.7811 avg accuracy with params {'C': 1} and scores 0.7861,0.7168,0.8081,0.8070,0.7882
2015-08-11 09:26:50,911 [     INFO] -  INNER: 0.8568 avg accuracy with params {'C': 10} and scores 0.8324,0.8266,0.8953,0.8947,0.8353
2015-08-11 09:26:50,913 [     INFO] -  INNER: 0.9057 avg accuracy with params {'C': 100} and scores 0.8844,0.9017,0.9186,0.9181,0.9059
2015-08-11 09:26:50,915 [    DEBUG] - Train shape (859,), test shape (216,)
2015-08-11 09:26:50,916 [    DEBUG] - Train Data shape (859, 32), Train Label shape (859,)
Fitting 5 folds for each of 4 candidates, totalling 20 fits
2015-08-11 09:26:51,749 [     INFO] - OUTER: 0.9074 test accuracy with params {'C': 100} on fold 1
2015-08-11 09:26:51,750 [     INFO] -  INNER: 0.7567 avg accuracy with params {'C': 0.1} and scores 0.7514,0.7110,0.7326,0.8129,0.7765
2015-08-11 09:26:51,752 [     INFO] -  INNER: 0.7893 avg accuracy with params {'C': 1} and scores 0.7861,0.7803,0.7733,0.8129,0.7941
2015-08-11 09:26:51,755 [     INFO] -  INNER: 0.8708 avg accuracy with params {'C': 10} and scores 0.8844,0.8671,0.8488,0.8421,0.9118
2015-08-11 09:26:51,757 [     INFO] -  INNER: 0.9173 avg accuracy with params {'C': 100} and scores 0.9249,0.9364,0.9186,0.9006,0.9059
2015-08-11 09:26:51,759 [    DEBUG] - Train shape (860,), test shape (215,)
2015-08-11 09:26:51,760 [    DEBUG] - Train Data shape (860, 32), Train Label shape (860,)
Fitting 5 folds for each of 4 candidates, totalling 20 fits
2015-08-11 09:26:52,598 [     INFO] - OUTER: 0.9395 test accuracy with params {'C': 100} on fold 2
2015-08-11 09:26:52,599 [     INFO] -  INNER: 0.7326 avg accuracy with params {'C': 0.1} and scores 0.6705,0.7688,0.7283,0.7661,0.7294
2015-08-11 09:26:52,602 [     INFO] -  INNER: 0.7628 avg accuracy with params {'C': 1} and scores 0.7225,0.7803,0.7688,0.7895,0.7529
2015-08-11 09:26:52,604 [     INFO] -  INNER: 0.8465 avg accuracy with params {'C': 10} and scores 0.8382,0.8728,0.8208,0.8713,0.8294
2015-08-11 09:26:52,607 [     INFO] -  INNER: 0.9081 avg accuracy with params {'C': 100} and scores 0.9133,0.9306,0.8786,0.9006,0.9176
2015-08-11 09:26:52,609 [    DEBUG] - Train shape (860,), test shape (215,)
2015-08-11 09:26:52,609 [    DEBUG] - Train Data shape (860, 32), Train Label shape (860,)
Fitting 5 folds for each of 4 candidates, totalling 20 fits
2015-08-11 09:26:53,468 [     INFO] - OUTER: 0.9256 test accuracy with params {'C': 100} on fold 3
2015-08-11 09:26:53,469 [     INFO] -  INNER: 0.7395 avg accuracy with params {'C': 0.1} and scores 0.7110,0.7688,0.7341,0.7602,0.7235
2015-08-11 09:26:53,471 [     INFO] -  INNER: 0.7698 avg accuracy with params {'C': 1} and scores 0.7572,0.8150,0.7341,0.7895,0.7529
2015-08-11 09:26:53,474 [     INFO] -  INNER: 0.8477 avg accuracy with params {'C': 10} and scores 0.8786,0.8844,0.8092,0.8421,0.8235
2015-08-11 09:26:53,477 [     INFO] -  INNER: 0.9012 avg accuracy with params {'C': 100} and scores 0.8960,0.9017,0.8960,0.8947,0.9176
2015-08-11 09:26:53,479 [    DEBUG] - Train shape (862,), test shape (213,)
2015-08-11 09:26:53,479 [    DEBUG] - Train Data shape (862, 32), Train Label shape (862,)
Fitting 5 folds for each of 4 candidates, totalling 20 fits
2015-08-11 09:26:54,391 [     INFO] - OUTER: 0.8732 test accuracy with params {'C': 100} on fold 4
2015-08-11 09:26:54,393 [     INFO] -  INNER: 0.7401 avg accuracy with params {'C': 0.1} and scores 0.7341,0.7919,0.7572,0.6977,0.7193
2015-08-11 09:26:54,397 [     INFO] -  INNER: 0.7865 avg accuracy with params {'C': 1} and scores 0.7688,0.8382,0.8555,0.7326,0.7368
2015-08-11 09:26:54,401 [     INFO] -  INNER: 0.8759 avg accuracy with params {'C': 10} and scores 0.8324,0.9075,0.9133,0.8837,0.8421
2015-08-11 09:26:54,405 [     INFO] -  INNER: 0.9234 avg accuracy with params {'C': 100} and scores 0.9075,0.9249,0.9480,0.9244,0.9123
2015-08-11 09:26:54,428 [     INFO] - Final Params {'C': 100}
2015-08-11 09:26:54,758 [     INFO] - Final accuracy: 0.9293 with params {'C': 100}
