2015-08-21 09:04:02,989 [     INFO] - Added data from contig chr1
2015-08-21 09:04:02,990 [     INFO] - Added data from contig chr10
2015-08-21 09:04:02,990 [     INFO] - Added data from contig chr2
2015-08-21 09:04:02,991 [     INFO] - Added data from contig chr3
2015-08-21 09:04:02,991 [     INFO] - Added data from contig chr4
2015-08-21 09:04:02,992 [     INFO] - Added data from contig chr5
2015-08-21 09:04:02,992 [     INFO] - Added data from contig chr6
2015-08-21 09:04:02,993 [     INFO] - Added data from contig chr7
2015-08-21 09:04:02,994 [     INFO] - Added data from contig chr8
2015-08-21 09:04:02,994 [     INFO] - Added data from contig chr9
2015-08-21 09:04:02,994 [     INFO] - Using preloaded features.
2015-08-21 09:04:03,011 [     INFO] - Loaded samples: 279, features: 32
2015-08-21 09:04:03,044 [     INFO] - Non-zero samples: 196, features: 32
2015-08-21 09:04:03,050 [     INFO] - Loaded 279 truth labels
2015-08-21 09:04:03,051 [    DEBUG] - ['pB' 'pA' 'pB' 'hom' 'pA' 'pA' 'hom' 'hom' 'pB' 'pA' 'pB' 'pA' 'hom' 'pB'
 'pB' 'pB' 'pA' 'pB' 'hom' 'pB' 'pA' 'hom' 'pA' 'hom' 'pA' 'pB' 'pB' 'pA'
 'pA' 'pB' 'hom' 'hom' 'pB' 'pB' 'pA' 'hom' 'pA' 'pA' 'pB' 'pA' 'pA' 'pB'
 'pB' 'hom' 'pA' 'pA' 'pB' 'pB' 'pA' 'pB' 'pB' 'pB' 'pB' 'hom' 'pB' 'pB'
 'pA' 'pB' 'pA' 'pB' 'pB' 'pA' 'hom' 'pA' 'pB' 'pA' 'hom' 'hom' 'pA' 'pB'
 'pA' 'pA' 'pA' 'pA' 'pA' 'pB' 'pB' 'pB' 'pB' 'pA' 'pB' 'hom' 'pA' 'hom'
 'pB' 'pB' 'pB' 'pB' 'pB' 'pA' 'pB' 'pB' 'hom' 'pB' 'pB' 'pB' 'pB' 'pA'
 'pA' 'pB' 'pA' 'pA' 'pA' 'pA' 'pB' 'hom' 'pB' 'hom' 'pA' 'pA' 'pB' 'hom'
 'pB' 'pA' 'pA' 'pB' 'pA' 'pA' 'pA' 'hom' 'pA' 'pA' 'hom' 'pB' 'pA' 'hom'
 'pB' 'pB' 'hom' 'pB' 'pA' 'pA' 'pB' 'pA' 'pB' 'pA' 'pA' 'pA' 'pA' 'pB'
 'pA' 'pB' 'pB' 'pA' 'pA' 'pB' 'pA' 'pA' 'hom' 'pB' 'pA' 'pB' 'pA' 'pA'
 'pA' 'pB' 'pA' 'pA' 'pA' 'pB' 'pB' 'pA' 'pB' 'pA' 'pB' 'pB' 'pB' 'pA' 'pB'
 'pB' 'pA' 'pB' 'pA' 'pA' 'pA' 'hom' 'pB' 'pB' 'pA' 'pB' 'pA' 'pB' 'pB'
 'hom' 'pA' 'pA' 'pA' 'pB' 'pB' 'pA' 'pB' 'pB' 'pA' 'pA' 'pB' 'pB']
2015-08-21 09:04:03,051 [    DEBUG] - [1, 0, 1, 2, 0, 0, 2, 2, 1, 0, 1, 0, 2, 1, 1, 1, 0, 1, 2, 1, 0, 2, 0, 2, 0, 1, 1, 0, 0, 1, 2, 2, 1, 1, 0, 2, 0, 0, 1, 0, 0, 1, 1, 2, 0, 0, 1, 1, 0, 1, 1, 1, 1, 2, 1, 1, 0, 1, 0, 1, 1, 0, 2, 0, 1, 0, 2, 2, 0, 1, 0, 0, 0, 0, 0, 1, 1, 1, 1, 0, 1, 2, 0, 2, 1, 1, 1, 1, 1, 0, 1, 1, 2, 1, 1, 1, 1, 0, 0, 1, 0, 0, 0, 0, 1, 2, 1, 2, 0, 0, 1, 2, 1, 0, 0, 1, 0, 0, 0, 2, 0, 0, 2, 1, 0, 2, 1, 1, 2, 1, 0, 0, 1, 0, 1, 0, 0, 0, 0, 1, 0, 1, 1, 0, 0, 1, 0, 0, 2, 1, 0, 1, 0, 0, 0, 1, 0, 0, 0, 1, 1, 0, 1, 0, 1, 1, 1, 0, 1, 1, 0, 1, 0, 0, 0, 2, 1, 1, 0, 1, 0, 1, 1, 2, 0, 0, 0, 1, 1, 0, 1, 1, 0, 0, 1, 1]
2015-08-21 09:04:03,052 [    DEBUG] - [1 0 1 2 0 0 2 2 1 0 1 0 2 1 1 1 0 1 2 1 0 2 0 2 0 1 1 0 0 1 2 2 1 1 0 2 0
 0 1 0 0 1 1 2 0 0 1 1 0 1 1 1 1 2 1 1 0 1 0 1 1 0 2 0 1 0 2 2 0 1 0 0 0 0
 0 1 1 1 1 0 1 2 0 2 1 1 1 1 1 0 1 1 2 1 1 1 1 0 0 1 0 0 0 0 1 2 1 2 0 0 1
 2 1 0 0 1 0 0 0 2 0 0 2 1 0 2 1 1 2 1 0 0 1 0 1 0 0 0 0 1 0 1 1 0 0 1 0 0
 2 1 0 1 0 0 0 1 0 0 0 1 1 0 1 0 1 1 1 0 1 1 0 1 0 0 0 2 1 1 0 1 0 1 1 2 0
 0 0 1 1 0 1 1 0 0 1 1]
2015-08-21 09:04:03,056 [    DEBUG] - Data shape (196, 32), label shape (196,)
2015-08-21 09:04:03,056 [    DEBUG] - Train shape (156,), test shape (40,)
2015-08-21 09:04:03,056 [    DEBUG] - Train Data shape (156, 32), Train Label shape (156,)
Fitting 5 folds for each of 4 candidates, totalling 20 fits
2015-08-21 09:04:03,218 [     INFO] - OUTER: 0.9250 test accuracy with params {'C': 100} on fold 0
2015-08-21 09:04:03,219 [     INFO] -  INNER: 0.4295 avg accuracy with params {'C': 0.1} and scores 0.4545,0.3125,0.4516,0.4667,0.4667
2015-08-21 09:04:03,222 [     INFO] -  INNER: 0.5449 avg accuracy with params {'C': 1} and scores 0.4545,0.4375,0.6129,0.6000,0.6333
2015-08-21 09:04:03,224 [     INFO] -  INNER: 0.6731 avg accuracy with params {'C': 10} and scores 0.6364,0.4688,0.7097,0.7667,0.8000
2015-08-21 09:04:03,226 [     INFO] -  INNER: 0.7564 avg accuracy with params {'C': 100} and scores 0.7273,0.7188,0.8710,0.7667,0.7000
2015-08-21 09:04:03,229 [    DEBUG] - Train shape (156,), test shape (40,)
2015-08-21 09:04:03,229 [    DEBUG] - Train Data shape (156, 32), Train Label shape (156,)
Fitting 5 folds for each of 4 candidates, totalling 20 fits
2015-08-21 09:04:03,385 [     INFO] - OUTER: 0.8250 test accuracy with params {'C': 100} on fold 1
2015-08-21 09:04:03,386 [     INFO] -  INNER: 0.5064 avg accuracy with params {'C': 0.1} and scores 0.6061,0.4688,0.5161,0.5333,0.4000
2015-08-21 09:04:03,389 [     INFO] -  INNER: 0.5833 avg accuracy with params {'C': 1} and scores 0.6667,0.6562,0.5484,0.5333,0.5000
2015-08-21 09:04:03,391 [     INFO] -  INNER: 0.6731 avg accuracy with params {'C': 10} and scores 0.7576,0.6562,0.5806,0.7333,0.6333
2015-08-21 09:04:03,393 [     INFO] -  INNER: 0.8397 avg accuracy with params {'C': 100} and scores 0.9091,0.9375,0.6452,0.8333,0.8667
2015-08-21 09:04:03,396 [    DEBUG] - Train shape (156,), test shape (40,)
2015-08-21 09:04:03,396 [    DEBUG] - Train Data shape (156, 32), Train Label shape (156,)
Fitting 5 folds for each of 4 candidates, totalling 20 fits
2015-08-21 09:04:03,563 [     INFO] - OUTER: 0.7750 test accuracy with params {'C': 100} on fold 2
2015-08-21 09:04:03,564 [     INFO] -  INNER: 0.4744 avg accuracy with params {'C': 0.1} and scores 0.4848,0.5000,0.4839,0.4333,0.4667
2015-08-21 09:04:03,568 [     INFO] -  INNER: 0.5641 avg accuracy with params {'C': 1} and scores 0.4848,0.5625,0.5484,0.6333,0.6000
2015-08-21 09:04:03,572 [     INFO] -  INNER: 0.6987 avg accuracy with params {'C': 10} and scores 0.6061,0.6875,0.7097,0.8333,0.6667
2015-08-21 09:04:03,576 [     INFO] -  INNER: 0.8141 avg accuracy with params {'C': 100} and scores 0.7576,0.7812,0.8065,0.8667,0.8667
2015-08-21 09:04:03,580 [    DEBUG] - Train shape (158,), test shape (38,)
2015-08-21 09:04:03,580 [    DEBUG] - Train Data shape (158, 32), Train Label shape (158,)
Fitting 5 folds for each of 4 candidates, totalling 20 fits
2015-08-21 09:04:03,753 [     INFO] - OUTER: 0.7895 test accuracy with params {'C': 100} on fold 3
2015-08-21 09:04:03,755 [     INFO] -  INNER: 0.4747 avg accuracy with params {'C': 0.1} and scores 0.4545,0.4848,0.5312,0.5000,0.4000
2015-08-21 09:04:03,758 [     INFO] -  INNER: 0.6013 avg accuracy with params {'C': 1} and scores 0.6364,0.5455,0.6562,0.6333,0.5333
2015-08-21 09:04:03,760 [     INFO] -  INNER: 0.6582 avg accuracy with params {'C': 10} and scores 0.6364,0.5758,0.8125,0.7667,0.5000
2015-08-21 09:04:03,763 [     INFO] -  INNER: 0.8165 avg accuracy with params {'C': 100} and scores 0.7879,0.8485,0.8750,0.8667,0.7000
2015-08-21 09:04:03,765 [    DEBUG] - Train shape (158,), test shape (38,)
2015-08-21 09:04:03,765 [    DEBUG] - Train Data shape (158, 32), Train Label shape (158,)
Fitting 5 folds for each of 4 candidates, totalling 20 fits
2015-08-21 09:04:03,926 [     INFO] - OUTER: 0.8158 test accuracy with params {'C': 100} on fold 4
2015-08-21 09:04:03,927 [     INFO] -  INNER: 0.5063 avg accuracy with params {'C': 0.1} and scores 0.4848,0.4242,0.5938,0.5333,0.5000
2015-08-21 09:04:03,930 [     INFO] -  INNER: 0.5949 avg accuracy with params {'C': 1} and scores 0.6364,0.5152,0.6250,0.6333,0.5667
2015-08-21 09:04:03,932 [     INFO] -  INNER: 0.6962 avg accuracy with params {'C': 10} and scores 0.6970,0.7273,0.6562,0.7000,0.7000
2015-08-21 09:04:03,935 [     INFO] -  INNER: 0.7975 avg accuracy with params {'C': 100} and scores 0.7576,0.8182,0.7500,0.8667,0.8000
2015-08-21 09:04:03,948 [  WARNING] - Model test accuracies deviate more than 10.0%, Deviation 0.1500
2015-08-21 09:04:03,949 [     INFO] - Final Params {'C': 100}
2015-08-21 09:04:03,977 [     INFO] - Final accuracy: 0.8673 with params {'C': 100}
