2015-08-05 22:24:13,492 [     INFO] - Added data from contig chr2
2015-08-05 22:24:13,493 [     INFO] - Added data from contig chr3
2015-08-05 22:24:13,493 [     INFO] - Added data from contig chr4
2015-08-05 22:24:13,497 [     INFO] - Added data from contig chr2
2015-08-05 22:24:13,498 [     INFO] - Added data from contig chr3
2015-08-05 22:24:13,498 [     INFO] - Added data from contig chr4
2015-08-05 22:24:13,502 [     INFO] - Added data from contig chr2
2015-08-05 22:24:13,503 [     INFO] - Added data from contig chr3
2015-08-05 22:24:13,503 [     INFO] - Added data from contig chr4
2015-08-05 22:24:13,507 [     INFO] - Added data from contig chr2
2015-08-05 22:24:13,508 [     INFO] - Added data from contig chr3
2015-08-05 22:24:13,508 [     INFO] - Added data from contig chr4
2015-08-05 22:24:13,512 [     INFO] - Added data from contig chr2
2015-08-05 22:24:13,513 [     INFO] - Added data from contig chr3
2015-08-05 22:24:13,513 [     INFO] - Added data from contig chr4
2015-08-05 22:24:13,517 [     INFO] - Added data from contig chr2
2015-08-05 22:24:13,518 [     INFO] - Added data from contig chr3
2015-08-05 22:24:13,519 [     INFO] - Added data from contig chr4
2015-08-05 22:24:13,524 [     INFO] - Added data from contig chr2
2015-08-05 22:24:13,525 [     INFO] - Added data from contig chr3
2015-08-05 22:24:13,526 [     INFO] - Added data from contig chr4
2015-08-05 22:24:13,530 [     INFO] - Added data from contig chr2
2015-08-05 22:24:13,531 [     INFO] - Added data from contig chr3
2015-08-05 22:24:13,531 [     INFO] - Added data from contig chr4
2015-08-05 22:24:13,531 [     INFO] - Using preloaded features.
2015-08-05 22:24:13,533 [     INFO] - Loaded samples: 1149, features: 32
2015-08-05 22:24:13,578 [     INFO] - Non-zero samples: 956, features: 32
2015-08-05 22:24:13,578 [     INFO] - Loaded 1149 truth labels
2015-08-05 22:24:13,579 [    DEBUG] - ['inc' 'pB' 'pA' 'pB' 'pB' 'inc' 'pB' 'pB' 'hom' 'pB' 'pB' 'hom' 'inc' 'pA'
 'inc' 'pB' 'pA' 'pB' 'pB' 'pA' 'hom' 'pA' 'pB' 'pA' 'hom' 'inc' 'hom'
 'inc' 'pA' 'pB' 'pA' 'pA' 'pA' 'pA' 'inc' 'pA' 'pB' 'pB' 'pB' 'pB' 'pA'
 'pB' 'inc' 'hom' 'pA' 'inc' 'hom' 'pB' 'pB' 'pB' 'pB' 'inc' 'inc' 'pB'
 'pA' 'pB' 'pB' 'hom' 'pB' 'pB' 'pB' 'pB' 'pA' 'pA' 'pB' 'inc' 'pA' 'pA'
 'pA' 'pA' 'inc' 'pB' 'hom' 'inc' 'pB' 'hom' 'pA' 'pA' 'pA' 'inc' 'pA' 'pA'
 'hom' 'hom' 'inc' 'pA' 'inc' 'pB' 'pB' 'pB' 'pB' 'pB' 'pA' 'pB' 'inc'
 'inc' 'pA' 'hom' 'inc' 'pA' 'inc' 'pB' 'pB' 'inc' 'pB' 'inc' 'pA' 'hom'
 'inc' 'pA' 'hom' 'inc' 'inc' 'inc' 'pA' 'pB' 'pA' 'pB' 'inc' 'inc' 'pB'
 'pA' 'pB' 'pA' 'pA' 'pA' 'inc' 'pA' 'pB' 'pB' 'pA' 'inc' 'pB' 'inc' 'inc'
 'hom' 'pB' 'pA' 'inc' 'hom' 'pB' 'inc' 'pB' 'pB' 'inc' 'pA' 'pA' 'inc'
 'hom' 'pA' 'pA' 'pB' 'hom' 'inc' 'inc' 'inc' 'pB' 'pB' 'pB' 'inc' 'pB'
 'inc' 'inc' 'pA' 'pA' 'pA' 'pB' 'pB' 'hom' 'inc' 'pB' 'inc' 'inc' 'inc'
 'pB' 'inc' 'pA' 'inc' 'hom' 'pA' 'hom' 'hom' 'pB' 'pA' 'pB' 'pA' 'pA'
 'hom' 'pA' 'pB' 'pB' 'inc' 'pA' 'inc' 'hom' 'pA' 'hom' 'pB' 'pB' 'inc'
 'hom' 'pA' 'pB' 'pA' 'pB' 'pA' 'pA' 'pA' 'pB' 'pB' 'pA' 'pA' 'hom' 'inc'
 'pB' 'inc' 'hom' 'pB' 'pA' 'hom' 'hom' 'pA' 'pB' 'pB' 'inc' 'inc' 'inc'
 'inc' 'inc' 'pA' 'pA' 'pB' 'inc' 'pB' 'pB' 'inc' 'hom' 'inc' 'pB' 'pA'
 'inc' 'inc' 'pA' 'pA' 'pB' 'pA' 'pA' 'inc' 'pB' 'pB' 'hom' 'pA' 'pB' 'hom'
 'inc' 'hom' 'inc' 'pB' 'inc' 'pA' 'hom' 'pA' 'inc' 'pB' 'pA' 'inc' 'inc'
 'pA' 'hom' 'pB' 'inc' 'pB' 'pA' 'pB' 'hom' 'hom' 'inc' 'pB' 'pA' 'pB'
 'hom' 'pB' 'hom' 'hom' 'inc' 'pA' 'pB' 'hom' 'hom' 'pA' 'inc' 'pA' 'inc'
 'pA' 'inc' 'pA' 'pA' 'pB' 'pA' 'pB' 'pA' 'pB' 'hom' 'inc' 'hom' 'pA' 'inc'
 'pB' 'hom' 'pB' 'pB' 'hom' 'pB' 'inc' 'inc' 'hom' 'inc' 'pB' 'pB' 'pA'
 'inc' 'pA' 'inc' 'pB' 'hom' 'pB' 'inc' 'inc' 'pA' 'inc' 'pA' 'pB' 'pB'
 'inc' 'inc' 'pB' 'inc' 'pB' 'pA' 'hom' 'hom' 'pB' 'pA' 'pB' 'hom' 'pB'
 'inc' 'hom' 'hom' 'pB' 'pA' 'pB' 'pA' 'pA' 'inc' 'inc' 'inc' 'pA' 'inc'
 'pA' 'pA' 'hom' 'pA' 'inc' 'pA' 'pB' 'pB' 'pA' 'pB' 'pB' 'pA' 'inc' 'inc'
 'hom' 'pA' 'inc' 'inc' 'pB' 'pB' 'pA' 'pB' 'inc' 'pA' 'hom' 'hom' 'pB'
 'pA' 'hom' 'inc' 'inc' 'hom' 'inc' 'pA' 'pB' 'pA' 'inc' 'pB' 'pB' 'pB'
 'pB' 'pB' 'pA' 'inc' 'pA' 'inc' 'pA' 'inc' 'inc' 'inc' 'inc' 'hom' 'pA'
 'inc' 'inc' 'pA' 'inc' 'pA' 'pB' 'hom' 'hom' 'inc' 'pB' 'pA' 'pB' 'inc'
 'pA' 'pB' 'pB' 'pA' 'pB' 'hom' 'inc' 'inc' 'pA' 'pA' 'pB' 'pB' 'pA' 'inc'
 'pA' 'pB' 'pA' 'pA' 'pB' 'pB' 'inc' 'pA' 'pB' 'inc' 'inc' 'hom' 'pA' 'hom'
 'pB' 'pA' 'hom' 'pA' 'hom' 'pB' 'pB' 'pB' 'pA' 'inc' 'pA' 'inc' 'inc'
 'inc' 'hom' 'hom' 'pA' 'hom' 'inc' 'inc' 'inc' 'pB' 'pA' 'hom' 'hom' 'pA'
 'pB' 'inc' 'inc' 'pB' 'pB' 'pA' 'hom' 'pB' 'inc' 'inc' 'pA' 'pB' 'pB' 'pA'
 'pB' 'pA' 'pA' 'pB' 'pB' 'hom' 'hom' 'hom' 'pA' 'inc' 'hom' 'pA' 'inc'
 'pB' 'pB' 'hom' 'hom' 'inc' 'inc' 'pA' 'hom' 'pA' 'pB' 'inc' 'pA' 'hom'
 'pA' 'hom' 'inc' 'inc' 'pA' 'hom' 'hom' 'pB' 'hom' 'inc' 'pA' 'pA' 'pA'
 'pB' 'hom' 'inc' 'pA' 'hom' 'pA' 'hom' 'inc' 'pB' 'pB' 'pB' 'inc' 'pA'
 'pB' 'pA' 'pA' 'inc' 'hom' 'inc' 'pB' 'pA' 'inc' 'inc' 'pB' 'pB' 'pA' 'pA'
 'pB' 'inc' 'pB' 'inc' 'pB' 'pB' 'hom' 'inc' 'pA' 'pA' 'inc' 'pA' 'inc'
 'hom' 'hom' 'inc' 'pA' 'inc' 'pA' 'pA' 'pA' 'inc' 'pA' 'hom' 'pA' 'hom'
 'pB' 'pA' 'hom' 'hom' 'pB' 'pB' 'pB' 'pA' 'pB' 'inc' 'pB' 'inc' 'hom' 'pB'
 'pB' 'inc' 'inc' 'inc' 'inc' 'pB' 'hom' 'inc' 'pA' 'pB' 'hom' 'inc' 'pB'
 'pB' 'hom' 'inc' 'pA' 'pA' 'hom' 'hom' 'inc' 'inc' 'inc' 'pB' 'pB' 'pB'
 'inc' 'pB' 'pA' 'pB' 'inc' 'inc' 'inc' 'hom' 'inc' 'pA' 'inc' 'pB' 'pA'
 'pB' 'hom' 'hom' 'inc' 'pA' 'pB' 'pA' 'inc' 'pB' 'pA' 'pB' 'pB' 'pB' 'pB'
 'inc' 'inc' 'pB' 'hom' 'inc' 'hom' 'pB' 'inc' 'pA' 'inc' 'inc' 'pA' 'pA'
 'pB' 'inc' 'pA' 'hom' 'hom' 'pB' 'pA' 'hom' 'pB' 'inc' 'inc' 'inc' 'pB'
 'pA' 'pA' 'hom' 'pA' 'pA' 'hom' 'pA' 'inc' 'pB' 'pA' 'inc' 'hom' 'pA'
 'inc' 'pB' 'pB' 'inc' 'pA' 'pA' 'pB' 'inc' 'pA' 'hom' 'pA' 'pB' 'pB' 'inc'
 'hom' 'pA' 'inc' 'hom' 'pB' 'hom' 'pA' 'pB' 'pA' 'inc' 'pB' 'hom' 'pA'
 'pA' 'pB' 'pB' 'hom' 'inc' 'pB' 'pA' 'inc' 'pB' 'inc' 'inc' 'pB' 'inc'
 'pA' 'hom' 'pB' 'inc' 'pA' 'pB' 'hom' 'inc' 'pA' 'hom' 'inc' 'pA' 'inc'
 'inc' 'pB' 'pA' 'pB' 'pB' 'inc' 'pA' 'pB' 'pA' 'pB' 'pA' 'hom' 'hom' 'inc'
 'pB' 'inc' 'hom' 'pB' 'pB' 'pA' 'pB' 'inc' 'inc' 'pB' 'inc' 'pB' 'pA' 'pA'
 'inc' 'inc' 'pB' 'pA' 'hom' 'inc' 'hom' 'pB' 'inc' 'pB' 'pB' 'pA' 'hom'
 'inc' 'pB' 'pA' 'pA' 'pA' 'pA' 'pB' 'hom' 'inc' 'pB' 'pB' 'pA' 'hom' 'hom'
 'inc' 'inc' 'pA' 'inc' 'pA' 'pA' 'pB' 'inc' 'pA' 'inc' 'hom' 'pB' 'pA'
 'inc' 'hom' 'pB' 'inc' 'inc' 'inc' 'pA' 'pB' 'pB' 'hom' 'inc' 'hom' 'hom'
 'inc' 'pA' 'hom' 'inc' 'inc' 'hom' 'pA' 'pB' 'inc' 'inc' 'inc' 'pB' 'hom'
 'pB' 'pA' 'inc' 'inc' 'pB' 'pB' 'pB' 'hom' 'pB' 'pA' 'inc' 'pA' 'pB' 'pA'
 'pA' 'pA' 'pB' 'pB' 'pA' 'inc' 'hom' 'pB' 'inc' 'pA' 'inc' 'pA' 'inc'
 'hom' 'pA' 'pB' 'inc' 'pA' 'pA' 'inc' 'pB' 'inc' 'pA' 'inc' 'inc' 'pA'
 'inc' 'pA' 'pB' 'hom' 'inc' 'pB' 'inc' 'hom' 'hom' 'pA' 'pB' 'hom' 'pB'
 'hom' 'pB' 'pB' 'inc' 'pA' 'hom' 'inc' 'inc' 'hom' 'pA' 'pA' 'inc' 'pB'
 'inc' 'pB' 'pA' 'pA' 'pB' 'pA' 'pA' 'hom' 'inc' 'inc' 'inc' 'pA' 'hom'
 'pB' 'inc' 'pA' 'pB' 'pA' 'inc' 'pB' 'hom' 'pA' 'inc' 'pA' 'pB' 'pB' 'pB'
 'inc' 'pA' 'inc' 'pB' 'hom' 'pA' 'hom' 'pA' 'pB' 'pA' 'pB' 'inc' 'inc'
 'inc' 'hom' 'hom' 'pA' 'hom' 'pB' 'pA' 'pA' 'pB' 'pB' 'pB' 'pA']
2015-08-05 22:24:13,580 [    DEBUG] - [3, 1, 0, 1, 1, 3, 1, 1, 2, 1, 1, 2, 3, 0, 3, 1, 0, 1, 1, 0, 2, 0, 1, 0, 2, 3, 2, 3, 0, 1, 0, 0, 0, 0, 3, 0, 1, 1, 1, 1, 0, 1, 3, 2, 0, 3, 2, 1, 1, 1, 1, 3, 3, 1, 0, 1, 1, 2, 1, 1, 1, 1, 0, 0, 1, 3, 0, 0, 0, 0, 3, 1, 2, 3, 1, 2, 0, 0, 0, 3, 0, 0, 2, 2, 3, 0, 3, 1, 1, 1, 1, 1, 0, 1, 3, 3, 0, 2, 3, 0, 3, 1, 1, 3, 1, 3, 0, 2, 3, 0, 2, 3, 3, 3, 0, 1, 0, 1, 3, 3, 1, 0, 1, 0, 0, 0, 3, 0, 1, 1, 0, 3, 1, 3, 3, 2, 1, 0, 3, 2, 1, 3, 1, 1, 3, 0, 0, 3, 2, 0, 0, 1, 2, 3, 3, 3, 1, 1, 1, 3, 1, 3, 3, 0, 0, 0, 1, 1, 2, 3, 1, 3, 3, 3, 1, 3, 0, 3, 2, 0, 2, 2, 1, 0, 1, 0, 0, 2, 0, 1, 1, 3, 0, 3, 2, 0, 2, 1, 1, 3, 2, 0, 1, 0, 1, 0, 0, 0, 1, 1, 0, 0, 2, 3, 1, 3, 2, 1, 0, 2, 2, 0, 1, 1, 3, 3, 3, 3, 3, 0, 0, 1, 3, 1, 1, 3, 2, 3, 1, 0, 3, 3, 0, 0, 1, 0, 0, 3, 1, 1, 2, 0, 1, 2, 3, 2, 3, 1, 3, 0, 2, 0, 3, 1, 0, 3, 3, 0, 2, 1, 3, 1, 0, 1, 2, 2, 3, 1, 0, 1, 2, 1, 2, 2, 3, 0, 1, 2, 2, 0, 3, 0, 3, 0, 3, 0, 0, 1, 0, 1, 0, 1, 2, 3, 2, 0, 3, 1, 2, 1, 1, 2, 1, 3, 3, 2, 3, 1, 1, 0, 3, 0, 3, 1, 2, 1, 3, 3, 0, 3, 0, 1, 1, 3, 3, 1, 3, 1, 0, 2, 2, 1, 0, 1, 2, 1, 3, 2, 2, 1, 0, 1, 0, 0, 3, 3, 3, 0, 3, 0, 0, 2, 0, 3, 0, 1, 1, 0, 1, 1, 0, 3, 3, 2, 0, 3, 3, 1, 1, 0, 1, 3, 0, 2, 2, 1, 0, 2, 3, 3, 2, 3, 0, 1, 0, 3, 1, 1, 1, 1, 1, 0, 3, 0, 3, 0, 3, 3, 3, 3, 2, 0, 3, 3, 0, 3, 0, 1, 2, 2, 3, 1, 0, 1, 3, 0, 1, 1, 0, 1, 2, 3, 3, 0, 0, 1, 1, 0, 3, 0, 1, 0, 0, 1, 1, 3, 0, 1, 3, 3, 2, 0, 2, 1, 0, 2, 0, 2, 1, 1, 1, 0, 3, 0, 3, 3, 3, 2, 2, 0, 2, 3, 3, 3, 1, 0, 2, 2, 0, 1, 3, 3, 1, 1, 0, 2, 1, 3, 3, 0, 1, 1, 0, 1, 0, 0, 1, 1, 2, 2, 2, 0, 3, 2, 0, 3, 1, 1, 2, 2, 3, 3, 0, 2, 0, 1, 3, 0, 2, 0, 2, 3, 3, 0, 2, 2, 1, 2, 3, 0, 0, 0, 1, 2, 3, 0, 2, 0, 2, 3, 1, 1, 1, 3, 0, 1, 0, 0, 3, 2, 3, 1, 0, 3, 3, 1, 1, 0, 0, 1, 3, 1, 3, 1, 1, 2, 3, 0, 0, 3, 0, 3, 2, 2, 3, 0, 3, 0, 0, 0, 3, 0, 2, 0, 2, 1, 0, 2, 2, 1, 1, 1, 0, 1, 3, 1, 3, 2, 1, 1, 3, 3, 3, 3, 1, 2, 3, 0, 1, 2, 3, 1, 1, 2, 3, 0, 0, 2, 2, 3, 3, 3, 1, 1, 1, 3, 1, 0, 1, 3, 3, 3, 2, 3, 0, 3, 1, 0, 1, 2, 2, 3, 0, 1, 0, 3, 1, 0, 1, 1, 1, 1, 3, 3, 1, 2, 3, 2, 1, 3, 0, 3, 3, 0, 0, 1, 3, 0, 2, 2, 1, 0, 2, 1, 3, 3, 3, 1, 0, 0, 2, 0, 0, 2, 0, 3, 1, 0, 3, 2, 0, 3, 1, 1, 3, 0, 0, 1, 3, 0, 2, 0, 1, 1, 3, 2, 0, 3, 2, 1, 2, 0, 1, 0, 3, 1, 2, 0, 0, 1, 1, 2, 3, 1, 0, 3, 1, 3, 3, 1, 3, 0, 2, 1, 3, 0, 1, 2, 3, 0, 2, 3, 0, 3, 3, 1, 0, 1, 1, 3, 0, 1, 0, 1, 0, 2, 2, 3, 1, 3, 2, 1, 1, 0, 1, 3, 3, 1, 3, 1, 0, 0, 3, 3, 1, 0, 2, 3, 2, 1, 3, 1, 1, 0, 2, 3, 1, 0, 0, 0, 0, 1, 2, 3, 1, 1, 0, 2, 2, 3, 3, 0, 3, 0, 0, 1, 3, 0, 3, 2, 1, 0, 3, 2, 1, 3, 3, 3, 0, 1, 1, 2, 3, 2, 2, 3, 0, 2, 3, 3, 2, 0, 1, 3, 3, 3, 1, 2, 1, 0, 3, 3, 1, 1, 1, 2, 1, 0, 3, 0, 1, 0, 0, 0, 1, 1, 0, 3, 2, 1, 3, 0, 3, 0, 3, 2, 0, 1, 3, 0, 0, 3, 1, 3, 0, 3, 3, 0, 3, 0, 1, 2, 3, 1, 3, 2, 2, 0, 1, 2, 1, 2, 1, 1, 3, 0, 2, 3, 3, 2, 0, 0, 3, 1, 3, 1, 0, 0, 1, 0, 0, 2, 3, 3, 3, 0, 2, 1, 3, 0, 1, 0, 3, 1, 2, 0, 3, 0, 1, 1, 1, 3, 0, 3, 1, 2, 0, 2, 0, 1, 0, 1, 3, 3, 3, 2, 2, 0, 2, 1, 0, 0, 1, 1, 1, 0]
2015-08-05 22:24:13,581 [    DEBUG] - [3 1 0 1 1 3 1 1 2 1 1 2 3 0 3 1 0 1 1 0 2 0 1 0 2 3 2 3 0 1 0 0 0 0 3 0 1
 1 1 1 0 1 3 2 0 3 2 1 1 1 1 3 3 1 0 1 1 2 1 1 1 1 0 0 1 3 0 0 0 0 3 1 2 3
 1 2 0 0 0 3 0 0 2 2 3 0 3 1 1 1 1 1 0 1 3 3 0 2 3 0 3 1 1 3 1 3 0 2 3 0 2
 3 3 3 0 1 0 1 3 3 1 0 1 0 0 0 3 0 1 1 0 3 1 3 3 2 1 0 3 2 1 3 1 1 3 0 0 3
 2 0 0 1 2 3 3 3 1 1 1 3 1 3 3 0 0 0 1 1 2 3 1 3 3 3 1 3 0 3 2 0 2 2 1 0 1
 0 0 2 0 1 1 3 0 3 2 0 2 1 1 3 2 0 1 0 1 0 0 0 1 1 0 0 2 3 1 3 2 1 0 2 2 0
 1 1 3 3 3 3 3 0 0 1 3 1 1 3 2 3 1 0 3 3 0 0 1 0 0 3 1 1 2 0 1 2 3 2 3 1 3
 0 2 0 3 1 0 3 3 0 2 1 3 1 0 1 2 2 3 1 0 1 2 1 2 2 3 0 1 2 2 0 3 0 3 0 3 0
 0 1 0 1 0 1 2 3 2 0 3 1 2 1 1 2 1 3 3 2 3 1 1 0 3 0 3 1 2 1 3 3 0 3 0 1 1
 3 3 1 3 1 0 2 2 1 0 1 2 1 3 2 2 1 0 1 0 0 3 3 3 0 3 0 0 2 0 3 0 1 1 0 1 1
 0 3 3 2 0 3 3 1 1 0 1 3 0 2 2 1 0 2 3 3 2 3 0 1 0 3 1 1 1 1 1 0 3 0 3 0 3
 3 3 3 2 0 3 3 0 3 0 1 2 2 3 1 0 1 3 0 1 1 0 1 2 3 3 0 0 1 1 0 3 0 1 0 0 1
 1 3 0 1 3 3 2 0 2 1 0 2 0 2 1 1 1 0 3 0 3 3 3 2 2 0 2 3 3 3 1 0 2 2 0 1 3
 3 1 1 0 2 1 3 3 0 1 1 0 1 0 0 1 1 2 2 2 0 3 2 0 3 1 1 2 2 3 3 0 2 0 1 3 0
 2 0 2 3 3 0 2 2 1 2 3 0 0 0 1 2 3 0 2 0 2 3 1 1 1 3 0 1 0 0 3 2 3 1 0 3 3
 1 1 0 0 1 3 1 3 1 1 2 3 0 0 3 0 3 2 2 3 0 3 0 0 0 3 0 2 0 2 1 0 2 2 1 1 1
 0 1 3 1 3 2 1 1 3 3 3 3 1 2 3 0 1 2 3 1 1 2 3 0 0 2 2 3 3 3 1 1 1 3 1 0 1
 3 3 3 2 3 0 3 1 0 1 2 2 3 0 1 0 3 1 0 1 1 1 1 3 3 1 2 3 2 1 3 0 3 3 0 0 1
 3 0 2 2 1 0 2 1 3 3 3 1 0 0 2 0 0 2 0 3 1 0 3 2 0 3 1 1 3 0 0 1 3 0 2 0 1
 1 3 2 0 3 2 1 2 0 1 0 3 1 2 0 0 1 1 2 3 1 0 3 1 3 3 1 3 0 2 1 3 0 1 2 3 0
 2 3 0 3 3 1 0 1 1 3 0 1 0 1 0 2 2 3 1 3 2 1 1 0 1 3 3 1 3 1 0 0 3 3 1 0 2
 3 2 1 3 1 1 0 2 3 1 0 0 0 0 1 2 3 1 1 0 2 2 3 3 0 3 0 0 1 3 0 3 2 1 0 3 2
 1 3 3 3 0 1 1 2 3 2 2 3 0 2 3 3 2 0 1 3 3 3 1 2 1 0 3 3 1 1 1 2 1 0 3 0 1
 0 0 0 1 1 0 3 2 1 3 0 3 0 3 2 0 1 3 0 0 3 1 3 0 3 3 0 3 0 1 2 3 1 3 2 2 0
 1 2 1 2 1 1 3 0 2 3 3 2 0 0 3 1 3 1 0 0 1 0 0 2 3 3 3 0 2 1 3 0 1 0 3 1 2
 0 3 0 1 1 1 3 0 3 1 2 0 2 0 1 0 1 3 3 3 2 2 0 2 1 0 0 1 1 1 0]
2015-08-05 22:24:13,586 [    DEBUG] - Data shape (956, 32), label shape (956,)
2015-08-05 22:24:13,586 [    DEBUG] - Train shape (763,), test shape (193,)
2015-08-05 22:24:13,586 [    DEBUG] - Train Data shape (763, 32), Train Label shape (763,)
Fitting 5 folds for each of 3 candidates, totalling 15 fits
2015-08-05 22:24:14,170 [     INFO] - OUTER: 0.8860 test accuracy with params {'C': 10} on fold 0
2015-08-05 22:24:14,171 [     INFO] -  INNER: 0.7654 avg accuracy with params {'C': 0.1} and scores 0.7338,0.8052,0.7582,0.6887,0.8411
2015-08-05 22:24:14,173 [     INFO] -  INNER: 0.8087 avg accuracy with params {'C': 1} and scores 0.7987,0.8247,0.8105,0.7417,0.8675
2015-08-05 22:24:14,176 [     INFO] -  INNER: 0.8820 avg accuracy with params {'C': 10} and scores 0.8896,0.8831,0.8693,0.8609,0.9073
2015-08-05 22:24:14,179 [    DEBUG] - Train shape (764,), test shape (192,)
2015-08-05 22:24:14,179 [    DEBUG] - Train Data shape (764, 32), Train Label shape (764,)
Fitting 5 folds for each of 3 candidates, totalling 15 fits
2015-08-05 22:24:14,711 [     INFO] - OUTER: 0.8698 test accuracy with params {'C': 10} on fold 1
2015-08-05 22:24:14,712 [     INFO] -  INNER: 0.7500 avg accuracy with params {'C': 0.1} and scores 0.7273,0.7597,0.7647,0.7632,0.7351
2015-08-05 22:24:14,715 [     INFO] -  INNER: 0.8050 avg accuracy with params {'C': 1} and scores 0.7922,0.8052,0.8170,0.8092,0.8013
2015-08-05 22:24:14,717 [     INFO] -  INNER: 0.8665 avg accuracy with params {'C': 10} and scores 0.8701,0.8636,0.8497,0.8882,0.8609
2015-08-05 22:24:14,720 [    DEBUG] - Train shape (764,), test shape (192,)
2015-08-05 22:24:14,720 [    DEBUG] - Train Data shape (764, 32), Train Label shape (764,)
Fitting 5 folds for each of 3 candidates, totalling 15 fits
2015-08-05 22:24:15,150 [     INFO] - OUTER: 0.8698 test accuracy with params {'C': 10} on fold 2
2015-08-05 22:24:15,151 [     INFO] -  INNER: 0.7631 avg accuracy with params {'C': 0.1} and scores 0.7338,0.8117,0.7647,0.7500,0.7550
2015-08-05 22:24:15,153 [     INFO] -  INNER: 0.8141 avg accuracy with params {'C': 1} and scores 0.7792,0.8701,0.8301,0.7829,0.8079
2015-08-05 22:24:15,156 [     INFO] -  INNER: 0.8665 avg accuracy with params {'C': 10} and scores 0.8312,0.8961,0.8693,0.8553,0.8808
2015-08-05 22:24:15,158 [    DEBUG] - Train shape (766,), test shape (190,)
2015-08-05 22:24:15,159 [    DEBUG] - Train Data shape (766, 32), Train Label shape (766,)
Fitting 5 folds for each of 3 candidates, totalling 15 fits
2015-08-05 22:24:15,586 [     INFO] - OUTER: 0.8789 test accuracy with params {'C': 10} on fold 3
2015-08-05 22:24:15,587 [     INFO] -  INNER: 0.7415 avg accuracy with params {'C': 0.1} and scores 0.7677,0.7403,0.7516,0.7059,0.7417
2015-08-05 22:24:15,589 [     INFO] -  INNER: 0.7937 avg accuracy with params {'C': 1} and scores 0.8129,0.8117,0.8105,0.7386,0.7947
2015-08-05 22:24:15,592 [     INFO] -  INNER: 0.8681 avg accuracy with params {'C': 10} and scores 0.9032,0.8896,0.8758,0.7908,0.8808
2015-08-05 22:24:15,594 [    DEBUG] - Train shape (767,), test shape (189,)
2015-08-05 22:24:15,595 [    DEBUG] - Train Data shape (767, 32), Train Label shape (767,)
Fitting 5 folds for each of 3 candidates, totalling 15 fits
2015-08-05 22:24:16,042 [     INFO] - OUTER: 0.8995 test accuracy with params {'C': 10} on fold 4
2015-08-05 22:24:16,043 [     INFO] -  INNER: 0.7327 avg accuracy with params {'C': 0.1} and scores 0.7677,0.6883,0.7143,0.7778,0.7152
2015-08-05 22:24:16,047 [     INFO] -  INNER: 0.8005 avg accuracy with params {'C': 1} and scores 0.8387,0.7987,0.7532,0.8170,0.7947
2015-08-05 22:24:16,051 [     INFO] -  INNER: 0.8566 avg accuracy with params {'C': 10} and scores 0.9032,0.8571,0.8312,0.8693,0.8212
2015-08-05 22:24:16,072 [     INFO] - Final Params {'C': 10}
2015-08-05 22:24:16,209 [     INFO] - Final accuracy: 0.8912 with params {'C': 10}
