2015-06-24 13:04:54,653 [     INFO] - Added data from contig chr2
2015-06-24 13:04:54,654 [     INFO] - Added data from contig chr3
2015-06-24 13:04:54,654 [     INFO] - Added data from contig chr4
2015-06-24 13:04:54,654 [     INFO] - Using preloaded features.
2015-06-24 13:04:54,655 [     INFO] - Loaded samples: 99, features: 32
2015-06-24 13:04:54,684 [     INFO] - Non-zero samples: 77, features: 32
2015-06-24 13:04:54,684 [     INFO] - Loaded 99 truth labels
Fitting 5 folds for each of 3 candidates, totalling 15 fits
2015-06-24 13:04:54,828 [     INFO] - OUTER: 0.7647 test accuracy with params {'C': 100} on fold 0
2015-06-24 13:04:54,829 [     INFO] -  INNER: 0.6333 avg accuracy with params {'C': 1} and scores 0.5000,0.6154,0.6667,0.7273,0.7000
2015-06-24 13:04:54,831 [     INFO] -  INNER: 0.6167 avg accuracy with params {'C': 10} and scores 0.5714,0.5385,0.5833,0.8182,0.6000
2015-06-24 13:04:54,832 [     INFO] -  INNER: 0.7333 avg accuracy with params {'C': 100} and scores 0.6429,0.6154,0.7500,0.9091,0.8000
Fitting 5 folds for each of 3 candidates, totalling 15 fits
2015-06-24 13:04:54,978 [     INFO] - OUTER: 0.8750 test accuracy with params {'C': 100} on fold 1
2015-06-24 13:04:54,979 [     INFO] -  INNER: 0.6230 avg accuracy with params {'C': 1} and scores 0.5000,0.6923,0.6667,0.6364,0.6364
2015-06-24 13:04:54,982 [     INFO] -  INNER: 0.6066 avg accuracy with params {'C': 10} and scores 0.5000,0.6923,0.5833,0.6364,0.6364
2015-06-24 13:04:54,984 [     INFO] -  INNER: 0.6393 avg accuracy with params {'C': 100} and scores 0.5000,0.6154,0.8333,0.6364,0.6364
Fitting 5 folds for each of 3 candidates, totalling 15 fits
2015-06-24 13:04:55,125 [     INFO] - OUTER: 0.6667 test accuracy with params {'C': 1} on fold 2
2015-06-24 13:04:55,126 [     INFO] -  INNER: 0.5968 avg accuracy with params {'C': 1} and scores 0.6429,0.6154,0.6923,0.5455,0.4545
2015-06-24 13:04:55,128 [     INFO] -  INNER: 0.5968 avg accuracy with params {'C': 10} and scores 0.6429,0.6923,0.6923,0.5455,0.3636
2015-06-24 13:04:55,129 [     INFO] -  INNER: 0.5968 avg accuracy with params {'C': 100} and scores 0.6429,0.6154,0.6923,0.5455,0.4545
Fitting 5 folds for each of 3 candidates, totalling 15 fits
2015-06-24 13:04:55,273 [     INFO] - OUTER: 0.5333 test accuracy with params {'C': 100} on fold 3
2015-06-24 13:04:55,274 [     INFO] -  INNER: 0.6452 avg accuracy with params {'C': 1} and scores 0.6429,0.6154,0.6154,0.7273,0.6364
2015-06-24 13:04:55,276 [     INFO] -  INNER: 0.6129 avg accuracy with params {'C': 10} and scores 0.6429,0.5385,0.6154,0.7273,0.5455
2015-06-24 13:04:55,278 [     INFO] -  INNER: 0.6774 avg accuracy with params {'C': 100} and scores 0.7143,0.5385,0.5385,0.9091,0.7273
Fitting 5 folds for each of 3 candidates, totalling 15 fits
2015-06-24 13:04:55,427 [     INFO] - OUTER: 0.6429 test accuracy with params {'C': 10} on fold 4
2015-06-24 13:04:55,428 [     INFO] -  INNER: 0.6032 avg accuracy with params {'C': 1} and scores 0.6429,0.5000,0.6154,0.5455,0.7273
2015-06-24 13:04:55,430 [     INFO] -  INNER: 0.6190 avg accuracy with params {'C': 10} and scores 0.7143,0.5000,0.6154,0.5455,0.7273
2015-06-24 13:04:55,432 [     INFO] -  INNER: 0.6190 avg accuracy with params {'C': 100} and scores 0.7143,0.5000,0.6923,0.4545,0.7273
2015-06-24 13:04:55,442 [  WARNING] - Model test accuracies deviate more than 10.0%, Deviation 0.3417
2015-06-24 13:04:55,442 [  WARNING] - Model had unstable parameters
C
1      1
10     1
100    3
dtype: int64
2015-06-24 13:04:55,443 [     INFO] - Final Params {'C': 100}
2015-06-24 13:04:55,449 [     INFO] - Final accuracy: 0.7922 with params {'C': 100}
