2015-07-17 15:42:58,328 [     INFO] - Added data from contig chr2
2015-07-17 15:42:58,329 [     INFO] - Added data from contig chr3
2015-07-17 15:42:58,329 [     INFO] - Added data from contig chr4
2015-07-17 15:42:58,329 [     INFO] - Using preloaded features.
2015-07-17 15:42:58,330 [     INFO] - Loaded samples: 99, features: 6
2015-07-17 15:42:58,361 [     INFO] - Non-zero samples: 77, features: 6
2015-07-17 15:42:58,362 [     INFO] - Loaded 99 truth labels
Fitting 5 folds for each of 3 candidates, totalling 15 fits
2015-07-17 15:42:58,511 [     INFO] - OUTER: 0.5882 test accuracy with params {'C': 100} on fold 0
2015-07-17 15:42:58,512 [     INFO] -  INNER: 0.6167 avg accuracy with params {'C': 1} and scores 0.5000,0.6154,0.6667,0.7273,0.6000
2015-07-17 15:42:58,514 [     INFO] -  INNER: 0.7167 avg accuracy with params {'C': 10} and scores 0.5714,0.6154,0.6667,0.9091,0.9000
2015-07-17 15:42:58,516 [     INFO] -  INNER: 0.7333 avg accuracy with params {'C': 100} and scores 0.5714,0.7692,0.6667,0.8182,0.9000
Fitting 5 folds for each of 3 candidates, totalling 15 fits
2015-07-17 15:42:58,670 [     INFO] - OUTER: 0.8125 test accuracy with params {'C': 100} on fold 1
2015-07-17 15:42:58,670 [     INFO] -  INNER: 0.5082 avg accuracy with params {'C': 1} and scores 0.5000,0.5385,0.5000,0.6364,0.3636
2015-07-17 15:42:58,672 [     INFO] -  INNER: 0.5410 avg accuracy with params {'C': 10} and scores 0.5000,0.6923,0.4167,0.5455,0.5455
2015-07-17 15:42:58,673 [     INFO] -  INNER: 0.6721 avg accuracy with params {'C': 100} and scores 0.5714,0.8462,0.4167,0.9091,0.6364
Fitting 5 folds for each of 3 candidates, totalling 15 fits
2015-07-17 15:42:58,823 [     INFO] - OUTER: 0.6000 test accuracy with params {'C': 100} on fold 2
2015-07-17 15:42:58,824 [     INFO] -  INNER: 0.5806 avg accuracy with params {'C': 1} and scores 0.5000,0.6154,0.6154,0.6364,0.5455
2015-07-17 15:42:58,825 [     INFO] -  INNER: 0.6129 avg accuracy with params {'C': 10} and scores 0.7143,0.6154,0.4615,0.7273,0.5455
2015-07-17 15:42:58,827 [     INFO] -  INNER: 0.7419 avg accuracy with params {'C': 100} and scores 0.7857,0.7692,0.6923,0.8182,0.6364
Fitting 5 folds for each of 3 candidates, totalling 15 fits
2015-07-17 15:42:58,970 [     INFO] - OUTER: 0.6000 test accuracy with params {'C': 10} on fold 3
2015-07-17 15:42:58,971 [     INFO] -  INNER: 0.5806 avg accuracy with params {'C': 1} and scores 0.6429,0.6923,0.5385,0.5455,0.4545
2015-07-17 15:42:58,975 [     INFO] -  INNER: 0.6613 avg accuracy with params {'C': 10} and scores 0.6429,0.7692,0.6923,0.7273,0.4545
2015-07-17 15:42:58,978 [     INFO] -  INNER: 0.6452 avg accuracy with params {'C': 100} and scores 0.7857,0.6923,0.6154,0.6364,0.4545
Fitting 5 folds for each of 3 candidates, totalling 15 fits
2015-07-17 15:42:59,127 [     INFO] - OUTER: 0.9286 test accuracy with params {'C': 100} on fold 4
2015-07-17 15:42:59,128 [     INFO] -  INNER: 0.5556 avg accuracy with params {'C': 1} and scores 0.5714,0.4286,0.6154,0.5455,0.6364
2015-07-17 15:42:59,130 [     INFO] -  INNER: 0.6032 avg accuracy with params {'C': 10} and scores 0.6429,0.4286,0.6154,0.6364,0.7273
2015-07-17 15:42:59,132 [     INFO] -  INNER: 0.7302 avg accuracy with params {'C': 100} and scores 0.7143,0.5714,0.6923,0.8182,0.9091
2015-07-17 15:42:59,141 [  WARNING] - Model test accuracies deviate more than 10.0%, Deviation 0.3403
2015-07-17 15:42:59,142 [  WARNING] - Model had unstable parameters
C
10     1
100    4
dtype: int64
2015-07-17 15:42:59,142 [     INFO] - Final Params {'C': 100}
2015-07-17 15:42:59,148 [     INFO] - Final accuracy: 0.8182 with params {'C': 100}
