2015-07-20 13:29:59,972 [     INFO] - Added data from contig chr2
2015-07-20 13:29:59,972 [     INFO] - Added data from contig chr3
2015-07-20 13:29:59,973 [     INFO] - Added data from contig chr4
2015-07-20 13:29:59,977 [     INFO] - Added data from contig chr2
2015-07-20 13:29:59,978 [     INFO] - Added data from contig chr3
2015-07-20 13:29:59,979 [     INFO] - Added data from contig chr4
2015-07-20 13:29:59,982 [     INFO] - Added data from contig chr2
2015-07-20 13:29:59,983 [     INFO] - Added data from contig chr3
2015-07-20 13:29:59,984 [     INFO] - Added data from contig chr4
2015-07-20 13:29:59,988 [     INFO] - Added data from contig chr2
2015-07-20 13:29:59,989 [     INFO] - Added data from contig chr3
2015-07-20 13:29:59,990 [     INFO] - Added data from contig chr4
2015-07-20 13:29:59,993 [     INFO] - Added data from contig chr2
2015-07-20 13:29:59,994 [     INFO] - Added data from contig chr3
2015-07-20 13:29:59,994 [     INFO] - Added data from contig chr4
2015-07-20 13:29:59,998 [     INFO] - Added data from contig chr2
2015-07-20 13:29:59,999 [     INFO] - Added data from contig chr3
2015-07-20 13:30:00,000 [     INFO] - Added data from contig chr4
2015-07-20 13:30:00,003 [     INFO] - Added data from contig chr2
2015-07-20 13:30:00,004 [     INFO] - Added data from contig chr3
2015-07-20 13:30:00,005 [     INFO] - Added data from contig chr4
2015-07-20 13:30:00,009 [     INFO] - Added data from contig chr2
2015-07-20 13:30:00,010 [     INFO] - Added data from contig chr3
2015-07-20 13:30:00,011 [     INFO] - Added data from contig chr4
2015-07-20 13:30:00,011 [     INFO] - Using preloaded features.
2015-07-20 13:30:00,012 [     INFO] - Loaded samples: 1149, features: 6
2015-07-20 13:30:00,050 [     INFO] - Non-zero samples: 956, features: 6
2015-07-20 13:30:00,050 [     INFO] - Loaded 1149 truth labels
Fitting 5 folds for each of 3 candidates, totalling 15 fits
2015-07-20 13:30:00,478 [     INFO] - OUTER: 0.9275 test accuracy with params {'C': 100} on fold 0
2015-07-20 13:30:00,479 [     INFO] -  INNER: 0.8362 avg accuracy with params {'C': 1} and scores 0.8312,0.8312,0.8627,0.8411,0.8146
2015-07-20 13:30:00,482 [     INFO] -  INNER: 0.9083 avg accuracy with params {'C': 10} and scores 0.9091,0.9156,0.9020,0.9073,0.9073
2015-07-20 13:30:00,484 [     INFO] -  INNER: 0.9384 avg accuracy with params {'C': 100} and scores 0.9351,0.9481,0.9673,0.9338,0.9073
Fitting 5 folds for each of 3 candidates, totalling 15 fits
2015-07-20 13:30:00,912 [     INFO] - OUTER: 0.9271 test accuracy with params {'C': 100} on fold 1
2015-07-20 13:30:00,913 [     INFO] -  INNER: 0.8233 avg accuracy with params {'C': 1} and scores 0.8442,0.8506,0.8235,0.7829,0.8146
2015-07-20 13:30:00,916 [     INFO] -  INNER: 0.8992 avg accuracy with params {'C': 10} and scores 0.9156,0.9221,0.9085,0.8684,0.8808
2015-07-20 13:30:00,918 [     INFO] -  INNER: 0.9332 avg accuracy with params {'C': 100} and scores 0.9286,0.9675,0.9412,0.9013,0.9272
Fitting 5 folds for each of 3 candidates, totalling 15 fits
2015-07-20 13:30:01,348 [     INFO] - OUTER: 0.9479 test accuracy with params {'C': 100} on fold 2
2015-07-20 13:30:01,348 [     INFO] -  INNER: 0.8246 avg accuracy with params {'C': 1} and scores 0.8506,0.8766,0.7908,0.8158,0.7881
2015-07-20 13:30:01,351 [     INFO] -  INNER: 0.8953 avg accuracy with params {'C': 10} and scores 0.9026,0.9351,0.8889,0.8816,0.8675
2015-07-20 13:30:01,353 [     INFO] -  INNER: 0.9332 avg accuracy with params {'C': 100} and scores 0.9351,0.9351,0.9216,0.9474,0.9272
Fitting 5 folds for each of 3 candidates, totalling 15 fits
2015-07-20 13:30:01,788 [     INFO] - OUTER: 0.9526 test accuracy with params {'C': 100} on fold 3
2015-07-20 13:30:01,789 [     INFO] -  INNER: 0.8329 avg accuracy with params {'C': 1} and scores 0.8645,0.8766,0.8039,0.8170,0.8013
2015-07-20 13:30:01,791 [     INFO] -  INNER: 0.9021 avg accuracy with params {'C': 10} and scores 0.9097,0.9481,0.8693,0.9020,0.8808
2015-07-20 13:30:01,794 [     INFO] -  INNER: 0.9321 avg accuracy with params {'C': 100} and scores 0.9226,0.9675,0.9020,0.9346,0.9338
Fitting 5 folds for each of 3 candidates, totalling 15 fits
2015-07-20 13:30:02,209 [     INFO] - OUTER: 0.9418 test accuracy with params {'C': 100} on fold 4
2015-07-20 13:30:02,210 [     INFO] -  INNER: 0.8462 avg accuracy with params {'C': 1} and scores 0.8710,0.8636,0.8701,0.8497,0.7748
2015-07-20 13:30:02,213 [     INFO] -  INNER: 0.9048 avg accuracy with params {'C': 10} and scores 0.9290,0.9156,0.8831,0.9216,0.8742
2015-07-20 13:30:02,215 [     INFO] -  INNER: 0.9309 avg accuracy with params {'C': 100} and scores 0.9290,0.9221,0.9026,0.9412,0.9603
2015-07-20 13:30:02,237 [     INFO] - Final Params {'C': 100}
2015-07-20 13:30:02,345 [     INFO] - Final accuracy: 0.9446 with params {'C': 100}
